#
# A fatal error has been detected by the Java Runtime Environment:
#
#  EXCEPTION_ACCESS_VIOLATION (0xc0000005) at pc=0x00007ff99899c5b9, pid=28524, tid=30368
#
# JRE version: Java(TM) SE Runtime Environment (17.0.2+8) (build 17.0.2+8-LTS-86)
# Java VM: Java HotSpot(TM) 64-Bit Server VM (17.0.2+8-LTS-86, mixed mode, sharing, tiered, compressed oops, compressed class ptrs, g1 gc, windows-amd64)
# Problematic frame:
# C  [lwjgl_opengl.dll+0xc5b9]
#
# No core dump will be written. Minidumps are not enabled by default on client versions of Windows
#
# If you would like to submit a bug report, please visit:
#   https://bugreport.java.com/bugreport/crash.jsp
# The crash happened outside the Java Virtual Machine in native code.
# See problematic frame for where to report the bug.
#

---------------  S U M M A R Y ------------

Command Line: -Dfile.encoding=windows-1252 -Dstdout.encoding=windows-1252 -Dstderr.encoding=windows-1252 -XX:+ShowCodeDetailsInExceptionMessages com.kronos.Kronos

Host: 11th Gen Intel(R) Core(TM) i9-11900H @ 2.50GHz, 16 cores, 15G,  Windows 10 , 64 bit Build 19041 (10.0.19041.3393)
Time: Sat Sep 23 10:35:29 2023 Mountain Daylight Time elapsed time: 0.855528 seconds (0d 0h 0m 0s)

---------------  T H R E A D  ---------------

Current thread (0x00000164dad43bf0):  JavaThread "main" [_thread_in_native, id=30368, stack(0x000000063f100000,0x000000063f200000)]

Stack: [0x000000063f100000,0x000000063f200000],  sp=0x000000063f1ff0c8,  free space=1020k
Native frames: (J=compiled Java code, j=interpreted, Vv=VM code, C=native code)
C  [lwjgl_opengl.dll+0xc5b9]

Java frames: (J=compiled Java code, j=interpreted, Vv=VM code)
j  org.lwjgl.opengl.GL11C.glClearColor(FFFF)V+0
j  org.lwjgl.opengl.GL11.glClearColor(FFFF)V+4
j  com.kronos.graphixs.display.Screen.setClear(Lcom/kronos/graphixs/display/ScreenConfig;)V+36
j  com.kronos.graphixs.display.Graphixs.render(Ljava/lang/Runnable;)V+8
j  com.kronos.Kronos.main([Ljava/lang/String;)V+36
v  ~StubRoutines::call_stub

siginfo: EXCEPTION_ACCESS_VIOLATION (0xc0000005), reading address 0x0000000000000070


Register to memory mapping:

RIP=0x00007ff99899c5b9 lwjgl_opengl.dll
RAX=0x000001648048d610 points into unknown readable memory: 0x0000000000000000 | 00 00 00 00 00 00 00 00
RBX={method} {0x000001648131a8c8} 'glClearColor' '(FFFF)V' in 'org/lwjgl/opengl/GL11C'
RCX=0x0 is NULL
RDX=0x000000063f1ff168 is pointing into the stack for thread: 0x00000164dad43bf0
RSP=0x000000063f1ff0c8 is pointing into the stack for thread: 0x00000164dad43bf0
RBP=0x000000063f1ff158 is pointing into the stack for thread: 0x00000164dad43bf0
RSI=0x00000000000001c0 is an unknown value
RDI=0x000000000000039c is an unknown value
R8 =0x0000000000000002 is an unknown value
R9 =0x0000000000000002 is an unknown value
R10=0x00000164e25ad5f2 is at code_begin+946 in an Interpreter codelet
method entry point (kind = native)  [0x00000164e25ad240, 0x00000164e25adbc0]  2432 bytes
R11=0x0000000713b5eca8 is an oop: java.lang.Class 
{0x0000000713b5eca8} - klass: 'java/lang/Class'
 - ---- fields (total size 116 words):
 - private volatile transient 'classRedefinedCount' 'I' @12  0
 - private volatile transient 'cachedConstructor' 'Ljava/lang/reflect/Constructor;' @40  NULL (0)
 - private transient 'name' 'Ljava/lang/String;' @44  "org.lwjgl.opengl.GL11C"{0x0000000713b5f058} (e276be0b)
 - private transient 'module' 'Ljava/lang/Module;' @48  a 'java/lang/Module'{0x0000000713458080} (e268b010)
 - private final 'classLoader' 'Ljava/lang/ClassLoader;' @52  a 'jdk/internal/loader/ClassLoaders$AppClassLoader'{0x0000000713445bb8} (e2688b77)
 - private transient 'classData' 'Ljava/lang/Object;' @56  NULL (0)
 - private transient 'packageName' 'Ljava/lang/String;' @60  "org.lwjgl.opengl"{0x0000000713df29d8} (e27be53b)
 - private final 'componentType' 'Ljava/lang/Class;' @64  NULL (0)
 - private volatile transient 'reflectionData' 'Ljava/lang/ref/SoftReference;' @68  NULL (0)
 - private volatile transient 'genericInfo' 'Lsun/reflect/generics/repository/ClassRepository;' @72  NULL (0)
 - private volatile transient 'enumConstants' '[Ljava/lang/Object;' @76  NULL (0)
 - private volatile transient 'enumConstantDirectory' 'Ljava/util/Map;' @80  NULL (0)
 - private volatile transient 'annotationData' 'Ljava/lang/Class$AnnotationData;' @84  NULL (0)
 - private volatile transient 'annotationType' 'Lsun/reflect/annotation/AnnotationType;' @88  NULL (0)
 - transient 'classValueMap' 'Ljava/lang/ClassValue$ClassValueMap;' @92  NULL (0)
 - signature: Lorg/lwjgl/opengl/GL11C;
 - fake entry for mirror: 'org/lwjgl/opengl/GL11C'
 - fake entry for array: NULL
 - fake entry for oop_size: 116
 - fake entry for static_oop_field_count: 0
 - public static final 'GL_NEVER' 'I' @112  512 (200)
 - public static final 'GL_LESS' 'I' @116  513 (201)
 - public static final 'GL_EQUAL' 'I' @120  514 (202)
 - public static final 'GL_LEQUAL' 'I' @124  515 (203)
 - public static final 'GL_GREATER' 'I' @128  516 (204)
 - public static final 'GL_NOTEQUAL' 'I' @132  517 (205)
 - public static final 'GL_GEQUAL' 'I' @136  518 (206)
 - public static final 'GL_ALWAYS' 'I' @140  519 (207)
 - public static final 'GL_DEPTH_BUFFER_BIT' 'I' @144  256 (100)
 - public static final 'GL_STENCIL_BUFFER_BIT' 'I' @148  1024 (400)
 - public static final 'GL_COLOR_BUFFER_BIT' 'I' @152  16384 (4000)
 - public static final 'GL_POINTS' 'I' @156  0
 - public static final 'GL_LINES' 'I' @160  1
 - public static final 'GL_LINE_LOOP' 'I' @164  2
 - public static final 'GL_LINE_STRIP' 'I' @168  3
 - public static final 'GL_TRIANGLES' 'I' @172  4
 - public static final 'GL_TRIANGLE_STRIP' 'I' @176  5
 - public static final 'GL_TRIANGLE_FAN' 'I' @180  6
 - public static final 'GL_QUADS' 'I' @184  7
 - public static final 'GL_ZERO' 'I' @188  0
 - public static final 'GL_ONE' 'I' @192  1
 - public static final 'GL_SRC_COLOR' 'I' @196  768 (300)
 - public static final 'GL_ONE_MINUS_SRC_COLOR' 'I' @200  769 (301)
 - public static final 'GL_SRC_ALPHA' 'I' @204  770 (302)
 - public static final 'GL_ONE_MINUS_SRC_ALPHA' 'I' @208  771 (303)
 - public static final 'GL_DST_ALPHA' 'I' @212  772 (304)
 - public static final 'GL_ONE_MINUS_DST_ALPHA' 'I' @216  773 (305)
 - public static final 'GL_DST_COLOR' 'I' @220  774 (306)
 - public static final 'GL_ONE_MINUS_DST_COLOR' 'I' @224  775 (307)
 - public static final 'GL_SRC_ALPHA_SATURATE' 'I' @228  776 (308)
 - public static final 'GL_TRUE' 'I' @232  1
 - public static final 'GL_FALSE' 'I' @236  0
 - public static final 'GL_BYTE' 'I' @240  5120 (1400)
 - public static final 'GL_UNSIGNED_BYTE' 'I' @244  5121 (1401)
 - public static final 'GL_SHORT' 'I' @248  5122 (1402)
 - public static final 'GL_UNSIGNED_SHORT' 'I' @252  5123 (1403)
 - public static final 'GL_INT' 'I' @256  5124 (1404)
 - public static final 'GL_UNSIGNED_INT' 'I' @260  5125 (1405)
 - public static final 'GL_FLOAT' 'I' @264  5126 (1406)
 - public static final 'GL_DOUBLE' 'I' @268  5130 (140a)
 - public static final 'GL_NONE' 'I' @272  0
 - public static final 'GL_FRONT_LEFT' 'I' @276  1024 (400)
 - public static final 'GL_FRONT_RIGHT' 'I' @280  1025 (401)
 - public static final 'GL_BACK_LEFT' 'I' @284  1026 (402)
 - public static final 'GL_BACK_RIGHT' 'I' @288  1027 (403)
 - public static final 'GL_FRONT' 'I' @292  1028 (404)
 - public static final 'GL_BACK' 'I' @296  1029 (405)
 - public static final 'GL_LEFT' 'I' @300  1030 (406)
 - public static final 'GL_RIGHT' 'I' @304  1031 (407)
 - public static final 'GL_FRONT_AND_BACK' 'I' @308  1032 (408)
 - public static final 'GL_NO_ERROR' 'I' @312  0
 - public static final 'GL_INVALID_ENUM' 'I' @316  1280 (500)
 - public static final 'GL_INVALID_VALUE' 'I' @320  1281 (501)
 - public static final 'GL_INVALID_OPERATION' 'I' @324  1282 (502)
 - public static final 'GL_STACK_OVERFLOW' 'I' @328  1283 (503)
 - public static final 'GL_STACK_UNDERFLOW' 'I' @332  1284 (504)
 - public static final 'GL_OUT_OF_MEMORY' 'I' @336  1285 (505)
 - public static final 'GL_CW' 'I' @340  2304 (900)
 - public static final 'GL_CCW' 'I' @344  2305 (901)
 - public static final 'GL_POINT_SIZE' 'I' @348  2833 (b11)
 - public static final 'GL_POINT_SIZE_RANGE' 'I' @352  2834 (b12)
 - public static final 'GL_POINT_SIZE_GRANULARITY' 'I' @356  2835 (b13)
 - public static final 'GL_LINE_SMOOTH' 'I' @360  2848 (b20)
 - public static final 'GL_LINE_WIDTH' 'I' @364  2849 (b21)
 - public static final 'GL_LINE_WIDTH_RANGE' 'I' @368  2850 (b22)
 - public static final 'GL_LINE_WIDTH_GRANULARITY' 'I' @372  2851 (b23)
 - public static final 'GL_POLYGON_MODE' 'I' @376  2880 (b40)
 - public static final 'GL_POLYGON_SMOOTH' 'I' @380  2881 (b41)
 - public static final 'GL_CULL_FACE' 'I' @384  2884 (b44)
 - public static final 'GL_CULL_FACE_MODE' 'I' @388  2885 (b45)
 - public static final 'GL_FRONT_FACE' 'I' @392  2886 (b46)
 - public static final 'GL_DEPTH_RANGE' 'I' @396  2928 (b70)
 - public static final 'GL_DEPTH_TEST' 'I' @400  2929 (b71)
 - public static final 'GL_DEPTH_WRITEMASK' 'I' @404  2930 (b72)
 - public static final 'GL_DEPTH_CLEAR_VALUE' 'I' @408  2931 (b73)
 - public static final 'GL_DEPTH_FUNC' 'I' @412  2932 (b74)
 - public static final 'GL_STENCIL_TEST' 'I' @416  2960 (b90)
 - public static final 'GL_STENCIL_CLEAR_VALUE' 'I' @420  2961 (b91)
 - public static final 'GL_STENCIL_FUNC' 'I' @424  2962 (b92)
 - public static final 'GL_STENCIL_VALUE_MASK' 'I' @428  2963 (b93)
 - public static final 'GL_STENCIL_FAIL' 'I' @432  2964 (b94)
 - public static final 'GL_STENCIL_PASS_DEPTH_FAIL' 'I' @436  2965 (b95)
 - public static final 'GL_STENCIL_PASS_DEPTH_PASS' 'I' @440  2966 (b96)
 - public static final 'GL_STENCIL_REF' 'I' @444  2967 (b97)
 - public static final 'GL_STENCIL_WRITEMASK' 'I' @448  2968 (b98)
 - public static final 'GL_VIEWPORT' 'I' @452  2978 (ba2)
 - public static final 'GL_DITHER' 'I' @456  3024 (bd0)
 - public static final 'GL_BLEND_DST' 'I' @460  3040 (be0)
 - public static final 'GL_BLEND_SRC' 'I' @464  3041 (be1)
 - public static final 'GL_BLEND' 'I' @468  3042 (be2)
 - public static final 'GL_LOGIC_OP_MODE' 'I' @472  3056 (bf0)
 - public static final 'GL_COLOR_LOGIC_OP' 'I' @476  3058 (bf2)
 - public static final 'GL_DRAW_BUFFER' 'I' @480  3073 (c01)
 - public static final 'GL_READ_BUFFER' 'I' @484  3074 (c02)
 - public static final 'GL_SCISSOR_BOX' 'I' @488  3088 (c10)
 - public static final 'GL_SCISSOR_TEST' 'I' @492  3089 (c11)
 - public static final 'GL_COLOR_CLEAR_VALUE' 'I' @496  3106 (c22)
 - public static final 'GL_COLOR_WRITEMASK' 'I' @500  3107 (c23)
 - public static final 'GL_DOUBLEBUFFER' 'I' @504  3122 (c32)
 - public static final 'GL_STEREO' 'I' @508  3123 (c33)
 - public static final 'GL_LINE_SMOOTH_HINT' 'I' @512  3154 (c52)
 - public static final 'GL_POLYGON_SMOOTH_HINT' 'I' @516  3155 (c53)
 - public static final 'GL_UNPACK_SWAP_BYTES' 'I' @520  3312 (cf0)
 - public static final 'GL_UNPACK_LSB_FIRST' 'I' @524  3313 (cf1)
 - public static final 'GL_UNPACK_ROW_LENGTH' 'I' @528  3314 (cf2)
 - public static final 'GL_UNPACK_SKIP_ROWS' 'I' @532  3315 (cf3)
 - public static final 'GL_UNPACK_SKIP_PIXELS' 'I' @536  3316 (cf4)
 - public static final 'GL_UNPACK_ALIGNMENT' 'I' @540  3317 (cf5)
 - public static final 'GL_PACK_SWAP_BYTES' 'I' @544  3328 (d00)
 - public static final 'GL_PACK_LSB_FIRST' 'I' @548  3329 (d01)
 - public static final 'GL_PACK_ROW_LENGTH' 'I' @552  3330 (d02)
 - public static final 'GL_PACK_SKIP_ROWS' 'I' @556  3331 (d03)
 - public static final 'GL_PACK_SKIP_PIXELS' 'I' @560  3332 (d04)
 - public static final 'GL_PACK_ALIGNMENT' 'I' @564  3333 (d05)
 - public static final 'GL_MAX_TEXTURE_SIZE' 'I' @568  3379 (d33)
 - public static final 'GL_MAX_VIEWPORT_DIMS' 'I' @572  3386 (d3a)
 - public static final 'GL_SUBPIXEL_BITS' 'I' @576  3408 (d50)
 - public static final 'GL_TEXTURE_1D' 'I' @580  3552 (de0)
 - public static final 'GL_TEXTURE_2D' 'I' @584  3553 (de1)
 - public static final 'GL_TEXTURE_WIDTH' 'I' @588  4096 (1000)
 - public static final 'GL_TEXTURE_HEIGHT' 'I' @592  4097 (1001)
 - public static final 'GL_TEXTURE_INTERNAL_FORMAT' 'I' @596  4099 (1003)
 - public static final 'GL_TEXTURE_BORDER_COLOR' 'I' @600  4100 (1004)
 - public static final 'GL_DONT_CARE' 'I' @604  4352 (1100)
 - public static final 'GL_FASTEST' 'I' @608  4353 (1101)
 - public static final 'GL_NICEST' 'I' @612  4354 (1102)
 - public static final 'GL_CLEAR' 'I' @616  5376 (1500)
 - public static final 'GL_AND' 'I' @620  5377 (1501)
 - public static final 'GL_AND_REVERSE' 'I' @624  5378 (1502)
 - public static final 'GL_COPY' 'I' @628  5379 (1503)
 - public static final 'GL_AND_INVERTED' 'I' @632  5380 (1504)
 - public static final 'GL_NOOP' 'I' @636  5381 (1505)
 - public static final 'GL_XOR' 'I' @640  5382 (1506)
 - public static final 'GL_OR' 'I' @644  5383 (1507)
 - public static final 'GL_NOR' 'I' @648  5384 (1508)
 - public static final 'GL_EQUIV' 'I' @652  5385 (1509)
 - public static final 'GL_INVERT' 'I' @656  5386 (150a)
 - public static final 'GL_OR_REVERSE' 'I' @660  5387 (150b)
 - public static final 'GL_COPY_INVERTED' 'I' @664  5388 (150c)
 - public static final 'GL_OR_INVERTED' 'I' @668  5389 (150d)
 - public static final 'GL_NAND' 'I' @672  5390 (150e)
 - public static final 'GL_SET' 'I' @676  5391 (150f)
 - public static final 'GL_TEXTURE' 'I' @680  5890 (1702)
 - public static final 'GL_COLOR' 'I' @684  6144 (1800)
 - public static final 'GL_DEPTH' 'I' @688  6145 (1801)
 - public static final 'GL_STENCIL' 'I' @692  6146 (1802)
 - public static final 'GL_STENCIL_INDEX' 'I' @696  6401 (1901)
 - public static final 'GL_DEPTH_COMPONENT' 'I' @700  6402 (1902)
 - public static final 'GL_RED' 'I' @704  6403 (1903)
 - public static final 'GL_GREEN' 'I' @708  6404 (1904)
 - public static final 'GL_BLUE' 'I' @712  6405 (1905)
 - public static final 'GL_ALPHA' 'I' @716  6406 (1906)
 - public static final 'GL_RGB' 'I' @720  6407 (1907)
 - public static final 'GL_RGBA' 'I' @724  6408 (1908)
 - public static final 'GL_POINT' 'I' @728  6912 (1b00)
 - public static final 'GL_LINE' 'I' @732  6913 (1b01)
 - public static final 'GL_FILL' 'I' @736  6914 (1b02)
 - public static final 'GL_KEEP' 'I' @740  7680 (1e00)
 - public static final 'GL_REPLACE' 'I' @744  7681 (1e01)
 - public static final 'GL_INCR' 'I' @748  7682 (1e02)
 - public static final 'GL_DECR' 'I' @752  7683 (1e03)
 - public static final 'GL_VENDOR' 'I' @756  7936 (1f00)
 - public static final 'GL_RENDERER' 'I' @760  7937 (1f01)
 - public static final 'GL_VERSION' 'I' @764  7938 (1f02)
 - public static final 'GL_EXTENSIONS' 'I' @768  7939 (1f03)
 - public static final 'GL_NEAREST' 'I' @772  9728 (2600)
 - public static final 'GL_LINEAR' 'I' @776  9729 (2601)
 - public static final 'GL_NEAREST_MIPMAP_NEAREST' 'I' @780  9984 (2700)
 - public static final 'GL_LINEAR_MIPMAP_NEAREST' 'I' @784  9985 (2701)
 - public static final 'GL_NEAREST_MIPMAP_LINEAR' 'I' @788  9986 (2702)
 - public static final 'GL_LINEAR_MIPMAP_LINEAR' 'I' @792  9987 (2703)
 - public static final 'GL_TEXTURE_MAG_FILTER' 'I' @796  10240 (2800)
 - public static final 'GL_TEXTURE_MIN_FILTER' 'I' @800  10241 (2801)
 - public static final 'GL_TEXTURE_WRAP_S' 'I' @804  10242 (2802)
 - public static final 'GL_TEXTURE_WRAP_T' 'I' @808  10243 (2803)
 - public static final 'GL_REPEAT' 'I' @812  10497 (2901)
 - public static final 'GL_POLYGON_OFFSET_FACTOR' 'I' @816  32824 (8038)
 - public static final 'GL_POLYGON_OFFSET_UNITS' 'I' @820  10752 (2a00)
 - public static final 'GL_POLYGON_OFFSET_POINT' 'I' @824  10753 (2a01)
 - public static final 'GL_POLYGON_OFFSET_LINE' 'I' @828  10754 (2a02)
 - public static final 'GL_POLYGON_OFFSET_FILL' 'I' @832  32823 (8037)
 - public static final 'GL_R3_G3_B2' 'I' @836  10768 (2a10)
 - public static final 'GL_RGB4' 'I' @840  32847 (804f)
 - public static final 'GL_RGB5' 'I' @844  32848 (8050)
 - public static final 'GL_RGB8' 'I' @848  32849 (8051)
 - public static final 'GL_RGB10' 'I' @852  32850 (8052)
 - public static final 'GL_RGB12' 'I' @856  32851 (8053)
 - public static final 'GL_RGB16' 'I' @860  32852 (8054)
 - public static final 'GL_RGBA2' 'I' @864  32853 (8055)
 - public static final 'GL_RGBA4' 'I' @868  32854 (8056)
 - public static final 'GL_RGB5_A1' 'I' @872  32855 (8057)
 - public static final 'GL_RGBA8' 'I' @876  32856 (8058)
 - public static final 'GL_RGB10_A2' 'I' @880  32857 (8059)
 - public static final 'GL_RGBA12' 'I' @884  32858 (805a)
 - public static final 'GL_RGBA16' 'I' @888  32859 (805b)
 - public static final 'GL_TEXTURE_RED_SIZE' 'I' @892  32860 (805c)
 - public static final 'GL_TEXTURE_GREEN_SIZE' 'I' @896  32861 (805d)
 - public static final 'GL_TEXTURE_BLUE_SIZE' 'I' @900  32862 (805e)
 - public static final 'GL_TEXTURE_ALPHA_SIZE' 'I' @904  32863 (805f)
 - public static final 'GL_PROXY_TEXTURE_1D' 'I' @908  32867 (8063)
 - public static final 'GL_PROXY_TEXTURE_2D' 'I' @912  32868 (8064)
 - public static final 'GL_TEXTURE_BINDING_1D' 'I' @916  32872 (8068)
 - public static final 'GL_TEXTURE_BINDING_2D' 'I' @920  32873 (8069)
 - public static final 'GL_VERTEX_ARRAY' 'I' @924  32884 (8074)
R12=0x0 is NULL
R13=0x000001648131a8b8 is pointing into metadata
R14=0x000000063f1ff190 is pointing into the stack for thread: 0x00000164dad43bf0
R15=0x00000164dad43bf0 is a thread


Registers:
RAX=0x000001648048d610, RBX=0x000001648131a8c0, RCX=0x0000000000000000, RDX=0x000000063f1ff168
RSP=0x000000063f1ff0c8, RBP=0x000000063f1ff158, RSI=0x00000000000001c0, RDI=0x000000000000039c
R8 =0x0000000000000002, R9 =0x0000000000000002, R10=0x00000164e25ad5f2, R11=0x0000000713b5eca8
R12=0x0000000000000000, R13=0x000001648131a8b8, R14=0x000000063f1ff190, R15=0x00000164dad43bf0
RIP=0x00007ff99899c5b9, EFLAGS=0x0000000000010206

Top of Stack: (sp=0x000000063f1ff0c8)
0x000000063f1ff0c8:   00000164e25ad621 000000000000039c
0x000000063f1ff0d8:   00000164e25ad33c 000001648131a8c0
0x000000063f1ff0e8:   00000000000001c0 3ff000003ecccccd
0x000000063f1ff0f8:   000001643f800000 00000000000001c0
0x000000063f1ff108:   00000164e25ad2f6 000000063f1ff110
0x000000063f1ff118:   000001648131a8b8 000000063f1ff190
0x000000063f1ff128:   0000016481324aa8 0000000000000000
0x000000063f1ff138:   0000000713b5eca8 000001648131a8c0
0x000000063f1ff148:   0000000000000000 000000063f1ff178
0x000000063f1ff158:   000000063f1ff1e0 00000164e25a94fe
0x000000063f1ff168:   0000000713b5eca8 00000164e25aaf78
0x000000063f1ff178:   000000003f800000 000001643ecccccd
0x000000063f1ff188:   000000003e4ccccd 000001643f4ccccd
0x000000063f1ff198:   000000063f1ff198 00000164812dc414
0x000000063f1ff1a8:   000000063f1ff208 0000016481308000
0x000000063f1ff1b8:   0000000000000000 0000000713aeabd8 

Instructions: (pc=0x00007ff99899c5b9)
0x00007ff99899c4b9:   cc cc cc cc cc cc cc 48 8b 01 49 8b c8 48 8b 50
0x00007ff99899c4c9:   18 48 ff a2 60 0a 00 00 cc cc cc cc cc cc cc cc
0x00007ff99899c4d9:   cc cc cc cc cc cc cc 48 8b 01 49 8b c8 48 8b 50
0x00007ff99899c4e9:   18 48 ff a2 68 0a 00 00 cc cc cc cc cc cc cc cc
0x00007ff99899c4f9:   cc cc cc cc cc cc cc 40 53 48 8b 01 41 8b d8 44
0x00007ff99899c509:   8b 44 24 30 41 8b d1 4c 8b 4c 24 38 8b cb 4c 8b
0x00007ff99899c519:   50 18 5b 49 ff a2 70 0a 00 00 cc cc cc cc cc cc
0x00007ff99899c529:   cc cc cc cc cc cc cc 48 8b 01 41 8b c8 48 8b 50
0x00007ff99899c539:   18 48 ff 22 cc cc cc 48 8b 01 41 8b c8 48 8b 50
0x00007ff99899c549:   18 48 ff 62 08 cc cc 48 8b 01 41 8b d1 41 8b c8
0x00007ff99899c559:   4c 8b 50 18 49 ff 62 38 cc cc cc cc cc cc cc cc
0x00007ff99899c569:   cc cc cc cc cc cc cc 48 8b 01 41 8b d1 41 8b c8
0x00007ff99899c579:   4c 8b 50 18 49 ff 62 48 cc cc cc cc cc cc cc cc
0x00007ff99899c589:   cc cc cc cc cc cc cc 48 8b 01 41 8b c8 48 8b 50
0x00007ff99899c599:   18 48 ff 62 60 cc cc 48 8b 01 0f 28 cb f3 0f 10
0x00007ff99899c5a9:   5c 24 30 0f 28 c2 f3 0f 10 54 24 28 48 8b 48 18
0x00007ff99899c5b9:   48 ff 61 70 cc cc cc 48 8b 01 0f 28 c2 48 8b 48
0x00007ff99899c5c9:   18 48 ff 61 78 cc cc 48 8b 01 41 8b c8 48 8b 50
0x00007ff99899c5d9:   18 48 ff a2 88 00 00 00 cc cc cc cc cc cc cc cc
0x00007ff99899c5e9:   cc cc cc cc cc cc cc 40 53 48 8b 01 41 0f b6 d8
0x00007ff99899c5f9:   44 0f b6 44 24 30 41 0f b6 d1 44 0f b6 4c 24 38
0x00007ff99899c609:   0f b6 cb 4c 8b 50 18 5b 49 ff a2 98 01 00 00 cc
0x00007ff99899c619:   cc cc cc cc cc cc cc 48 8b 01 41 8b c8 48 8b 50
0x00007ff99899c629:   18 48 ff a2 b8 01 00 00 cc cc cc cc cc cc cc cc
0x00007ff99899c639:   cc cc cc cc cc cc cc 48 8b 01 41 8b c8 48 8b 50
0x00007ff99899c649:   18 48 ff a2 c8 01 00 00 cc cc cc cc cc cc cc cc
0x00007ff99899c659:   cc cc cc cc cc cc cc 48 8b 01 41 0f b6 c8 48 8b
0x00007ff99899c669:   50 18 48 ff a2 d0 01 00 00 cc cc cc cc cc cc cc
0x00007ff99899c679:   cc cc cc cc cc cc cc 48 8b 01 0f 28 cb 0f 28 c2
0x00007ff99899c689:   48 8b 48 18 48 ff a1 d8 01 00 00 cc cc cc cc cc
0x00007ff99899c699:   cc cc cc cc cc cc cc 48 8b 01 45 8b d8 44 8b 44
0x00007ff99899c6a9:   24 28 41 8b d1 41 8b cb 4c 8b 50 18 49 ff a2 e8 


Stack slot to memory mapping:
stack at sp + 0 slots: 0x00000164e25ad621 is at code_begin+993 in an Interpreter codelet
method entry point (kind = native)  [0x00000164e25ad240, 0x00000164e25adbc0]  2432 bytes
stack at sp + 1 slots: 0x000000000000039c is an unknown value
stack at sp + 2 slots: 0x00000164e25ad33c is at code_begin+252 in an Interpreter codelet
method entry point (kind = native)  [0x00000164e25ad240, 0x00000164e25adbc0]  2432 bytes
stack at sp + 3 slots: {method} {0x000001648131a8c8} 'glClearColor' '(FFFF)V' in 'org/lwjgl/opengl/GL11C'
stack at sp + 4 slots: 0x00000000000001c0 is an unknown value
stack at sp + 5 slots: 0x3ff000003ecccccd is an unknown value
stack at sp + 6 slots: 0x000001643f800000 is an unknown value
stack at sp + 7 slots: 0x00000000000001c0 is an unknown value


---------------  P R O C E S S  ---------------

Threads class SMR info:
_java_thread_list=0x000001648750be60, length=15, elements={
0x00000164dad43bf0, 0x00000164fe3b2eb0, 0x00000164fe3b3a60, 0x00000164fe3c9b10,
0x00000164fe3cc5d0, 0x00000164fe3cef90, 0x00000164fe3d3e50, 0x00000164fe3d4be0,
0x00000164fe3d5680, 0x00000164fe3de860, 0x00000164fee21180, 0x00000164fee236a0,
0x00000164fee58640, 0x00000164fee5a2f0, 0x00000164ff7421d0
}

Java Threads: ( => current thread )
=>0x00000164dad43bf0 JavaThread "main" [_thread_in_native, id=30368, stack(0x000000063f100000,0x000000063f200000)]
  0x00000164fe3b2eb0 JavaThread "Reference Handler" daemon [_thread_blocked, id=14428, stack(0x000000063f800000,0x000000063f900000)]
  0x00000164fe3b3a60 JavaThread "Finalizer" daemon [_thread_blocked, id=14284, stack(0x000000063f900000,0x000000063fa00000)]
  0x00000164fe3c9b10 JavaThread "Signal Dispatcher" daemon [_thread_blocked, id=29436, stack(0x000000063fa00000,0x000000063fb00000)]
  0x00000164fe3cc5d0 JavaThread "Attach Listener" daemon [_thread_blocked, id=17108, stack(0x000000063fb00000,0x000000063fc00000)]
  0x00000164fe3cef90 JavaThread "Service Thread" daemon [_thread_blocked, id=28944, stack(0x000000063fc00000,0x000000063fd00000)]
  0x00000164fe3d3e50 JavaThread "Monitor Deflation Thread" daemon [_thread_blocked, id=21608, stack(0x000000063fd00000,0x000000063fe00000)]
  0x00000164fe3d4be0 JavaThread "C2 CompilerThread0" daemon [_thread_blocked, id=18228, stack(0x000000063fe00000,0x000000063ff00000)]
  0x00000164fe3d5680 JavaThread "C1 CompilerThread0" daemon [_thread_blocked, id=21700, stack(0x000000063ff00000,0x0000000640000000)]
  0x00000164fe3de860 JavaThread "Sweeper thread" daemon [_thread_blocked, id=15940, stack(0x0000000640000000,0x0000000640100000)]
  0x00000164fee21180 JavaThread "C1 CompilerThread1" daemon [_thread_blocked, id=27424, stack(0x0000000640100000,0x0000000640200000)]
  0x00000164fee236a0 JavaThread "C1 CompilerThread2" daemon [_thread_blocked, id=4792, stack(0x0000000640200000,0x0000000640300000)]
  0x00000164fee58640 JavaThread "Notification Thread" daemon [_thread_blocked, id=5748, stack(0x0000000640300000,0x0000000640400000)]
  0x00000164fee5a2f0 JavaThread "Common-Cleaner" daemon [_thread_blocked, id=4088, stack(0x0000000640500000,0x0000000640600000)]
  0x00000164ff7421d0 JavaThread "C1 CompilerThread3" daemon [_thread_blocked, id=29668, stack(0x0000000640900000,0x0000000640a00000)]

Other Threads:
  0x00000164fe3ab410 VMThread "VM Thread" [stack: 0x000000063f700000,0x000000063f800000] [id=31252]
  0x00000164dadefc90 WatcherThread [stack: 0x0000000640400000,0x0000000640500000] [id=18216]
  0x00000164dad94140 GCTaskThread "GC Thread#0" [stack: 0x000000063f200000,0x000000063f300000] [id=17244]
  0x00000164ff827490 GCTaskThread "GC Thread#1" [stack: 0x0000000640a00000,0x0000000640b00000] [id=12136]
  0x00000164ff827740 GCTaskThread "GC Thread#2" [stack: 0x0000000640b00000,0x0000000640c00000] [id=21472]
  0x00000164800d3860 GCTaskThread "GC Thread#3" [stack: 0x0000000640c00000,0x0000000640d00000] [id=31640]
  0x00000164800d3b10 GCTaskThread "GC Thread#4" [stack: 0x0000000640d00000,0x0000000640e00000] [id=31544]
  0x00000164ff6ca5a0 GCTaskThread "GC Thread#5" [stack: 0x0000000640e00000,0x0000000640f00000] [id=4336]
  0x000001648011cc60 GCTaskThread "GC Thread#6" [stack: 0x0000000640f00000,0x0000000641000000] [id=3876]
  0x00000164dada5320 ConcurrentGCThread "G1 Main Marker" [stack: 0x000000063f300000,0x000000063f400000] [id=11524]
  0x00000164dada5d30 ConcurrentGCThread "G1 Conc#0" [stack: 0x000000063f400000,0x000000063f500000] [id=992]
  0x00000164dae1d6c0 ConcurrentGCThread "G1 Refine#0" [stack: 0x000000063f500000,0x000000063f600000] [id=12112]
  0x00000164dae1e0e0 ConcurrentGCThread "G1 Service" [stack: 0x000000063f600000,0x000000063f700000] [id=16392]

Threads with active compile tasks:

VM state: not at safepoint (normal execution)

VM Mutex/Monitor currently owned by a thread: None

Heap address: 0x0000000705000000, size: 4016 MB, Compressed Oops mode: Zero based, Oop shift amount: 3

CDS archive(s) mapped at: [0x0000000800000000-0x0000000800bc0000-0x0000000800bc0000), size 12320768, SharedBaseAddress: 0x0000000800000000, ArchiveRelocationMode: 0.
Compressed class space mapped at: 0x0000000800c00000-0x0000000840c00000, reserved size: 1073741824
Narrow klass base: 0x0000000800000000, Narrow klass shift: 0, Narrow klass range: 0x100000000

GC Precious Log:
 CPUs: 16 total, 16 available
 Memory: 16061M
 Large Page Support: Disabled
 NUMA Support: Disabled
 Compressed Oops: Enabled (Zero based)
 Heap Region Size: 2M
 Heap Min Capacity: 8M
 Heap Initial Capacity: 252M
 Heap Max Capacity: 4016M
 Pre-touch: Disabled
 Parallel Workers: 13
 Concurrent Workers: 3
 Concurrent Refinement Workers: 13
 Periodic GC: Disabled

Heap:
 garbage-first heap   total 258048K, used 20467K [0x0000000705000000, 0x0000000800000000)
  region size 2048K, 11 young (22528K), 2 survivors (4096K)
 Metaspace       used 12376K, committed 12672K, reserved 1064960K
  class space    used 1357K, committed 1472K, reserved 1048576K

Heap Regions: E=young(eden), S=young(survivor), O=old, HS=humongous(starts), HC=humongous(continues), CS=collection set, F=free, OA=open archive, CA=closed archive, TAMS=top-at-mark-start (previous, next)
|   0|0x0000000705000000, 0x0000000705000000, 0x0000000705200000|  0%| F|  |TAMS 0x0000000705000000, 0x0000000705000000| Untracked 
|   1|0x0000000705200000, 0x0000000705200000, 0x0000000705400000|  0%| F|  |TAMS 0x0000000705200000, 0x0000000705200000| Untracked 
|   2|0x0000000705400000, 0x0000000705400000, 0x0000000705600000|  0%| F|  |TAMS 0x0000000705400000, 0x0000000705400000| Untracked 
|   3|0x0000000705600000, 0x0000000705600000, 0x0000000705800000|  0%| F|  |TAMS 0x0000000705600000, 0x0000000705600000| Untracked 
|   4|0x0000000705800000, 0x0000000705800000, 0x0000000705a00000|  0%| F|  |TAMS 0x0000000705800000, 0x0000000705800000| Untracked 
|   5|0x0000000705a00000, 0x0000000705a00000, 0x0000000705c00000|  0%| F|  |TAMS 0x0000000705a00000, 0x0000000705a00000| Untracked 
|   6|0x0000000705c00000, 0x0000000705c00000, 0x0000000705e00000|  0%| F|  |TAMS 0x0000000705c00000, 0x0000000705c00000| Untracked 
|   7|0x0000000705e00000, 0x0000000705e00000, 0x0000000706000000|  0%| F|  |TAMS 0x0000000705e00000, 0x0000000705e00000| Untracked 
|   8|0x0000000706000000, 0x0000000706000000, 0x0000000706200000|  0%| F|  |TAMS 0x0000000706000000, 0x0000000706000000| Untracked 
|   9|0x0000000706200000, 0x0000000706200000, 0x0000000706400000|  0%| F|  |TAMS 0x0000000706200000, 0x0000000706200000| Untracked 
|  10|0x0000000706400000, 0x0000000706400000, 0x0000000706600000|  0%| F|  |TAMS 0x0000000706400000, 0x0000000706400000| Untracked 
|  11|0x0000000706600000, 0x0000000706600000, 0x0000000706800000|  0%| F|  |TAMS 0x0000000706600000, 0x0000000706600000| Untracked 
|  12|0x0000000706800000, 0x0000000706800000, 0x0000000706a00000|  0%| F|  |TAMS 0x0000000706800000, 0x0000000706800000| Untracked 
|  13|0x0000000706a00000, 0x0000000706a00000, 0x0000000706c00000|  0%| F|  |TAMS 0x0000000706a00000, 0x0000000706a00000| Untracked 
|  14|0x0000000706c00000, 0x0000000706c00000, 0x0000000706e00000|  0%| F|  |TAMS 0x0000000706c00000, 0x0000000706c00000| Untracked 
|  15|0x0000000706e00000, 0x0000000706e00000, 0x0000000707000000|  0%| F|  |TAMS 0x0000000706e00000, 0x0000000706e00000| Untracked 
|  16|0x0000000707000000, 0x0000000707000000, 0x0000000707200000|  0%| F|  |TAMS 0x0000000707000000, 0x0000000707000000| Untracked 
|  17|0x0000000707200000, 0x0000000707200000, 0x0000000707400000|  0%| F|  |TAMS 0x0000000707200000, 0x0000000707200000| Untracked 
|  18|0x0000000707400000, 0x0000000707400000, 0x0000000707600000|  0%| F|  |TAMS 0x0000000707400000, 0x0000000707400000| Untracked 
|  19|0x0000000707600000, 0x0000000707600000, 0x0000000707800000|  0%| F|  |TAMS 0x0000000707600000, 0x0000000707600000| Untracked 
|  20|0x0000000707800000, 0x0000000707800000, 0x0000000707a00000|  0%| F|  |TAMS 0x0000000707800000, 0x0000000707800000| Untracked 
|  21|0x0000000707a00000, 0x0000000707a00000, 0x0000000707c00000|  0%| F|  |TAMS 0x0000000707a00000, 0x0000000707a00000| Untracked 
|  22|0x0000000707c00000, 0x0000000707c00000, 0x0000000707e00000|  0%| F|  |TAMS 0x0000000707c00000, 0x0000000707c00000| Untracked 
|  23|0x0000000707e00000, 0x0000000707e00000, 0x0000000708000000|  0%| F|  |TAMS 0x0000000707e00000, 0x0000000707e00000| Untracked 
|  24|0x0000000708000000, 0x0000000708000000, 0x0000000708200000|  0%| F|  |TAMS 0x0000000708000000, 0x0000000708000000| Untracked 
|  25|0x0000000708200000, 0x0000000708200000, 0x0000000708400000|  0%| F|  |TAMS 0x0000000708200000, 0x0000000708200000| Untracked 
|  26|0x0000000708400000, 0x0000000708400000, 0x0000000708600000|  0%| F|  |TAMS 0x0000000708400000, 0x0000000708400000| Untracked 
|  27|0x0000000708600000, 0x0000000708600000, 0x0000000708800000|  0%| F|  |TAMS 0x0000000708600000, 0x0000000708600000| Untracked 
|  28|0x0000000708800000, 0x0000000708800000, 0x0000000708a00000|  0%| F|  |TAMS 0x0000000708800000, 0x0000000708800000| Untracked 
|  29|0x0000000708a00000, 0x0000000708a00000, 0x0000000708c00000|  0%| F|  |TAMS 0x0000000708a00000, 0x0000000708a00000| Untracked 
|  30|0x0000000708c00000, 0x0000000708c00000, 0x0000000708e00000|  0%| F|  |TAMS 0x0000000708c00000, 0x0000000708c00000| Untracked 
|  31|0x0000000708e00000, 0x0000000708e00000, 0x0000000709000000|  0%| F|  |TAMS 0x0000000708e00000, 0x0000000708e00000| Untracked 
|  32|0x0000000709000000, 0x0000000709000000, 0x0000000709200000|  0%| F|  |TAMS 0x0000000709000000, 0x0000000709000000| Untracked 
|  33|0x0000000709200000, 0x0000000709200000, 0x0000000709400000|  0%| F|  |TAMS 0x0000000709200000, 0x0000000709200000| Untracked 
|  34|0x0000000709400000, 0x0000000709400000, 0x0000000709600000|  0%| F|  |TAMS 0x0000000709400000, 0x0000000709400000| Untracked 
|  35|0x0000000709600000, 0x0000000709600000, 0x0000000709800000|  0%| F|  |TAMS 0x0000000709600000, 0x0000000709600000| Untracked 
|  36|0x0000000709800000, 0x0000000709800000, 0x0000000709a00000|  0%| F|  |TAMS 0x0000000709800000, 0x0000000709800000| Untracked 
|  37|0x0000000709a00000, 0x0000000709a00000, 0x0000000709c00000|  0%| F|  |TAMS 0x0000000709a00000, 0x0000000709a00000| Untracked 
|  38|0x0000000709c00000, 0x0000000709c00000, 0x0000000709e00000|  0%| F|  |TAMS 0x0000000709c00000, 0x0000000709c00000| Untracked 
|  39|0x0000000709e00000, 0x0000000709e00000, 0x000000070a000000|  0%| F|  |TAMS 0x0000000709e00000, 0x0000000709e00000| Untracked 
|  40|0x000000070a000000, 0x000000070a000000, 0x000000070a200000|  0%| F|  |TAMS 0x000000070a000000, 0x000000070a000000| Untracked 
|  41|0x000000070a200000, 0x000000070a200000, 0x000000070a400000|  0%| F|  |TAMS 0x000000070a200000, 0x000000070a200000| Untracked 
|  42|0x000000070a400000, 0x000000070a400000, 0x000000070a600000|  0%| F|  |TAMS 0x000000070a400000, 0x000000070a400000| Untracked 
|  43|0x000000070a600000, 0x000000070a600000, 0x000000070a800000|  0%| F|  |TAMS 0x000000070a600000, 0x000000070a600000| Untracked 
|  44|0x000000070a800000, 0x000000070a800000, 0x000000070aa00000|  0%| F|  |TAMS 0x000000070a800000, 0x000000070a800000| Untracked 
|  45|0x000000070aa00000, 0x000000070aa00000, 0x000000070ac00000|  0%| F|  |TAMS 0x000000070aa00000, 0x000000070aa00000| Untracked 
|  46|0x000000070ac00000, 0x000000070ac00000, 0x000000070ae00000|  0%| F|  |TAMS 0x000000070ac00000, 0x000000070ac00000| Untracked 
|  47|0x000000070ae00000, 0x000000070ae00000, 0x000000070b000000|  0%| F|  |TAMS 0x000000070ae00000, 0x000000070ae00000| Untracked 
|  48|0x000000070b000000, 0x000000070b000000, 0x000000070b200000|  0%| F|  |TAMS 0x000000070b000000, 0x000000070b000000| Untracked 
|  49|0x000000070b200000, 0x000000070b200000, 0x000000070b400000|  0%| F|  |TAMS 0x000000070b200000, 0x000000070b200000| Untracked 
|  50|0x000000070b400000, 0x000000070b400000, 0x000000070b600000|  0%| F|  |TAMS 0x000000070b400000, 0x000000070b400000| Untracked 
|  51|0x000000070b600000, 0x000000070b600000, 0x000000070b800000|  0%| F|  |TAMS 0x000000070b600000, 0x000000070b600000| Untracked 
|  52|0x000000070b800000, 0x000000070b800000, 0x000000070ba00000|  0%| F|  |TAMS 0x000000070b800000, 0x000000070b800000| Untracked 
|  53|0x000000070ba00000, 0x000000070ba00000, 0x000000070bc00000|  0%| F|  |TAMS 0x000000070ba00000, 0x000000070ba00000| Untracked 
|  54|0x000000070bc00000, 0x000000070bc00000, 0x000000070be00000|  0%| F|  |TAMS 0x000000070bc00000, 0x000000070bc00000| Untracked 
|  55|0x000000070be00000, 0x000000070be00000, 0x000000070c000000|  0%| F|  |TAMS 0x000000070be00000, 0x000000070be00000| Untracked 
|  56|0x000000070c000000, 0x000000070c000000, 0x000000070c200000|  0%| F|  |TAMS 0x000000070c000000, 0x000000070c000000| Untracked 
|  57|0x000000070c200000, 0x000000070c200000, 0x000000070c400000|  0%| F|  |TAMS 0x000000070c200000, 0x000000070c200000| Untracked 
|  58|0x000000070c400000, 0x000000070c400000, 0x000000070c600000|  0%| F|  |TAMS 0x000000070c400000, 0x000000070c400000| Untracked 
|  59|0x000000070c600000, 0x000000070c600000, 0x000000070c800000|  0%| F|  |TAMS 0x000000070c600000, 0x000000070c600000| Untracked 
|  60|0x000000070c800000, 0x000000070c800000, 0x000000070ca00000|  0%| F|  |TAMS 0x000000070c800000, 0x000000070c800000| Untracked 
|  61|0x000000070ca00000, 0x000000070ca00000, 0x000000070cc00000|  0%| F|  |TAMS 0x000000070ca00000, 0x000000070ca00000| Untracked 
|  62|0x000000070cc00000, 0x000000070cc00000, 0x000000070ce00000|  0%| F|  |TAMS 0x000000070cc00000, 0x000000070cc00000| Untracked 
|  63|0x000000070ce00000, 0x000000070ce00000, 0x000000070d000000|  0%| F|  |TAMS 0x000000070ce00000, 0x000000070ce00000| Untracked 
|  64|0x000000070d000000, 0x000000070d000000, 0x000000070d200000|  0%| F|  |TAMS 0x000000070d000000, 0x000000070d000000| Untracked 
|  65|0x000000070d200000, 0x000000070d200000, 0x000000070d400000|  0%| F|  |TAMS 0x000000070d200000, 0x000000070d200000| Untracked 
|  66|0x000000070d400000, 0x000000070d400000, 0x000000070d600000|  0%| F|  |TAMS 0x000000070d400000, 0x000000070d400000| Untracked 
|  67|0x000000070d600000, 0x000000070d600000, 0x000000070d800000|  0%| F|  |TAMS 0x000000070d600000, 0x000000070d600000| Untracked 
|  68|0x000000070d800000, 0x000000070d800000, 0x000000070da00000|  0%| F|  |TAMS 0x000000070d800000, 0x000000070d800000| Untracked 
|  69|0x000000070da00000, 0x000000070da00000, 0x000000070dc00000|  0%| F|  |TAMS 0x000000070da00000, 0x000000070da00000| Untracked 
|  70|0x000000070dc00000, 0x000000070dc00000, 0x000000070de00000|  0%| F|  |TAMS 0x000000070dc00000, 0x000000070dc00000| Untracked 
|  71|0x000000070de00000, 0x000000070de00000, 0x000000070e000000|  0%| F|  |TAMS 0x000000070de00000, 0x000000070de00000| Untracked 
|  72|0x000000070e000000, 0x000000070e000000, 0x000000070e200000|  0%| F|  |TAMS 0x000000070e000000, 0x000000070e000000| Untracked 
|  73|0x000000070e200000, 0x000000070e200000, 0x000000070e400000|  0%| F|  |TAMS 0x000000070e200000, 0x000000070e200000| Untracked 
|  74|0x000000070e400000, 0x000000070e400000, 0x000000070e600000|  0%| F|  |TAMS 0x000000070e400000, 0x000000070e400000| Untracked 
|  75|0x000000070e600000, 0x000000070e600000, 0x000000070e800000|  0%| F|  |TAMS 0x000000070e600000, 0x000000070e600000| Untracked 
|  76|0x000000070e800000, 0x000000070e800000, 0x000000070ea00000|  0%| F|  |TAMS 0x000000070e800000, 0x000000070e800000| Untracked 
|  77|0x000000070ea00000, 0x000000070ea00000, 0x000000070ec00000|  0%| F|  |TAMS 0x000000070ea00000, 0x000000070ea00000| Untracked 
|  78|0x000000070ec00000, 0x000000070ec00000, 0x000000070ee00000|  0%| F|  |TAMS 0x000000070ec00000, 0x000000070ec00000| Untracked 
|  79|0x000000070ee00000, 0x000000070ee00000, 0x000000070f000000|  0%| F|  |TAMS 0x000000070ee00000, 0x000000070ee00000| Untracked 
|  80|0x000000070f000000, 0x000000070f000000, 0x000000070f200000|  0%| F|  |TAMS 0x000000070f000000, 0x000000070f000000| Untracked 
|  81|0x000000070f200000, 0x000000070f200000, 0x000000070f400000|  0%| F|  |TAMS 0x000000070f200000, 0x000000070f200000| Untracked 
|  82|0x000000070f400000, 0x000000070f400000, 0x000000070f600000|  0%| F|  |TAMS 0x000000070f400000, 0x000000070f400000| Untracked 
|  83|0x000000070f600000, 0x000000070f600000, 0x000000070f800000|  0%| F|  |TAMS 0x000000070f600000, 0x000000070f600000| Untracked 
|  84|0x000000070f800000, 0x000000070f800000, 0x000000070fa00000|  0%| F|  |TAMS 0x000000070f800000, 0x000000070f800000| Untracked 
|  85|0x000000070fa00000, 0x000000070fa00000, 0x000000070fc00000|  0%| F|  |TAMS 0x000000070fa00000, 0x000000070fa00000| Untracked 
|  86|0x000000070fc00000, 0x000000070fc00000, 0x000000070fe00000|  0%| F|  |TAMS 0x000000070fc00000, 0x000000070fc00000| Untracked 
|  87|0x000000070fe00000, 0x000000070fe00000, 0x0000000710000000|  0%| F|  |TAMS 0x000000070fe00000, 0x000000070fe00000| Untracked 
|  88|0x0000000710000000, 0x0000000710000000, 0x0000000710200000|  0%| F|  |TAMS 0x0000000710000000, 0x0000000710000000| Untracked 
|  89|0x0000000710200000, 0x0000000710200000, 0x0000000710400000|  0%| F|  |TAMS 0x0000000710200000, 0x0000000710200000| Untracked 
|  90|0x0000000710400000, 0x0000000710400000, 0x0000000710600000|  0%| F|  |TAMS 0x0000000710400000, 0x0000000710400000| Untracked 
|  91|0x0000000710600000, 0x0000000710600000, 0x0000000710800000|  0%| F|  |TAMS 0x0000000710600000, 0x0000000710600000| Untracked 
|  92|0x0000000710800000, 0x0000000710800000, 0x0000000710a00000|  0%| F|  |TAMS 0x0000000710800000, 0x0000000710800000| Untracked 
|  93|0x0000000710a00000, 0x0000000710a00000, 0x0000000710c00000|  0%| F|  |TAMS 0x0000000710a00000, 0x0000000710a00000| Untracked 
|  94|0x0000000710c00000, 0x0000000710c00000, 0x0000000710e00000|  0%| F|  |TAMS 0x0000000710c00000, 0x0000000710c00000| Untracked 
|  95|0x0000000710e00000, 0x0000000710e00000, 0x0000000711000000|  0%| F|  |TAMS 0x0000000710e00000, 0x0000000710e00000| Untracked 
|  96|0x0000000711000000, 0x0000000711000000, 0x0000000711200000|  0%| F|  |TAMS 0x0000000711000000, 0x0000000711000000| Untracked 
|  97|0x0000000711200000, 0x0000000711200000, 0x0000000711400000|  0%| F|  |TAMS 0x0000000711200000, 0x0000000711200000| Untracked 
|  98|0x0000000711400000, 0x0000000711400000, 0x0000000711600000|  0%| F|  |TAMS 0x0000000711400000, 0x0000000711400000| Untracked 
|  99|0x0000000711600000, 0x0000000711600000, 0x0000000711800000|  0%| F|  |TAMS 0x0000000711600000, 0x0000000711600000| Untracked 
| 100|0x0000000711800000, 0x0000000711800000, 0x0000000711a00000|  0%| F|  |TAMS 0x0000000711800000, 0x0000000711800000| Untracked 
| 101|0x0000000711a00000, 0x0000000711a00000, 0x0000000711c00000|  0%| F|  |TAMS 0x0000000711a00000, 0x0000000711a00000| Untracked 
| 102|0x0000000711c00000, 0x0000000711c00000, 0x0000000711e00000|  0%| F|  |TAMS 0x0000000711c00000, 0x0000000711c00000| Untracked 
| 103|0x0000000711e00000, 0x0000000711e00000, 0x0000000712000000|  0%| F|  |TAMS 0x0000000711e00000, 0x0000000711e00000| Untracked 
| 104|0x0000000712000000, 0x0000000712000000, 0x0000000712200000|  0%| F|  |TAMS 0x0000000712000000, 0x0000000712000000| Untracked 
| 105|0x0000000712200000, 0x0000000712200000, 0x0000000712400000|  0%| F|  |TAMS 0x0000000712200000, 0x0000000712200000| Untracked 
| 106|0x0000000712400000, 0x0000000712400000, 0x0000000712600000|  0%| F|  |TAMS 0x0000000712400000, 0x0000000712400000| Untracked 
| 107|0x0000000712600000, 0x0000000712600000, 0x0000000712800000|  0%| F|  |TAMS 0x0000000712600000, 0x0000000712600000| Untracked 
| 108|0x0000000712800000, 0x0000000712800000, 0x0000000712a00000|  0%| F|  |TAMS 0x0000000712800000, 0x0000000712800000| Untracked 
| 109|0x0000000712a00000, 0x0000000712a00000, 0x0000000712c00000|  0%| F|  |TAMS 0x0000000712a00000, 0x0000000712a00000| Untracked 
| 110|0x0000000712c00000, 0x0000000712c00000, 0x0000000712e00000|  0%| F|  |TAMS 0x0000000712c00000, 0x0000000712c00000| Untracked 
| 111|0x0000000712e00000, 0x0000000712e00000, 0x0000000713000000|  0%| F|  |TAMS 0x0000000712e00000, 0x0000000712e00000| Untracked 
| 112|0x0000000713000000, 0x0000000713000000, 0x0000000713200000|  0%| F|  |TAMS 0x0000000713000000, 0x0000000713000000| Untracked 
| 113|0x0000000713200000, 0x00000007133fce00, 0x0000000713400000| 99%| S|CS|TAMS 0x0000000713200000, 0x0000000713200000| Complete 
| 114|0x0000000713400000, 0x0000000713600000, 0x0000000713600000|100%| S|CS|TAMS 0x0000000713400000, 0x0000000713400000| Complete 
| 115|0x0000000713600000, 0x0000000713600000, 0x0000000713800000|  0%| F|  |TAMS 0x0000000713600000, 0x0000000713600000| Untracked 
| 116|0x0000000713800000, 0x0000000713800000, 0x0000000713a00000|  0%| F|  |TAMS 0x0000000713800000, 0x0000000713800000| Untracked 
| 117|0x0000000713a00000, 0x0000000713ba1038, 0x0000000713c00000| 81%| E|  |TAMS 0x0000000713a00000, 0x0000000713a00000| Complete 
| 118|0x0000000713c00000, 0x0000000713e00000, 0x0000000713e00000|100%| E|CS|TAMS 0x0000000713c00000, 0x0000000713c00000| Complete 
| 119|0x0000000713e00000, 0x0000000714000000, 0x0000000714000000|100%| E|CS|TAMS 0x0000000713e00000, 0x0000000713e00000| Complete 
| 120|0x0000000714000000, 0x0000000714200000, 0x0000000714200000|100%| E|CS|TAMS 0x0000000714000000, 0x0000000714000000| Complete 
| 121|0x0000000714200000, 0x0000000714400000, 0x0000000714400000|100%| E|CS|TAMS 0x0000000714200000, 0x0000000714200000| Complete 
| 122|0x0000000714400000, 0x0000000714600000, 0x0000000714600000|100%| E|CS|TAMS 0x0000000714400000, 0x0000000714400000| Complete 
| 123|0x0000000714600000, 0x0000000714800000, 0x0000000714800000|100%| E|CS|TAMS 0x0000000714600000, 0x0000000714600000| Complete 
| 124|0x0000000714800000, 0x0000000714a00000, 0x0000000714a00000|100%| E|CS|TAMS 0x0000000714800000, 0x0000000714800000| Complete 
| 125|0x0000000714a00000, 0x0000000714c00000, 0x0000000714c00000|100%| E|CS|TAMS 0x0000000714a00000, 0x0000000714a00000| Complete 

Card table byte_map: [0x00000164f2600000,0x00000164f2de0000] _byte_map_base: 0x00000164eedd8000

Marking Bits (Prev, Next): (CMBitMap*) 0x00000164dad94750, (CMBitMap*) 0x00000164dad94790
 Prev Bits: [0x00000164f35c0000, 0x00000164f7480000)
 Next Bits: [0x00000164f7480000, 0x00000164fb340000)

Polling page: 0x00000164d8b70000

Metaspace:

Usage:
  Non-class:     10.76 MB used.
      Class:      1.33 MB used.
       Both:     12.09 MB used.

Virtual space:
  Non-class space:       16.00 MB reserved,      10.94 MB ( 68%) committed,  2 nodes.
      Class space:        1.00 GB reserved,       1.44 MB ( <1%) committed,  1 nodes.
             Both:        1.02 GB reserved,      12.38 MB (  1%) committed. 

Chunk freelists:
   Non-Class:  864.00 KB
       Class:  2.50 MB
        Both:  3.34 MB

MaxMetaspaceSize: unlimited
CompressedClassSpaceSize: 1.00 GB
Initial GC threshold: 21.00 MB
Current GC threshold: 21.00 MB
CDS: on
MetaspaceReclaimPolicy: balanced
 - commit_granule_bytes: 65536.
 - commit_granule_words: 8192.
 - virtual_space_node_default_size: 1048576.
 - enlarge_chunks_in_place: 1.
 - new_chunks_are_fully_committed: 0.
 - uncommit_free_chunks: 1.
 - use_allocation_guard: 0.
 - handle_deallocations: 1.


Internal statistics:

num_allocs_failed_limit: 0.
num_arena_births: 342.
num_arena_deaths: 0.
num_vsnodes_births: 3.
num_vsnodes_deaths: 0.
num_space_committed: 198.
num_space_uncommitted: 0.
num_chunks_returned_to_freelist: 0.
num_chunks_taken_from_freelist: 715.
num_chunk_merges: 0.
num_chunk_splits: 418.
num_chunks_enlarged: 231.
num_purges: 0.
num_inconsistent_stats: 0.

CodeHeap 'non-profiled nmethods': size=119168Kb used=840Kb max_used=840Kb free=118327Kb
 bounds [0x00000164ea140000, 0x00000164ea3b0000, 0x00000164f15a0000]
CodeHeap 'profiled nmethods': size=119104Kb used=4600Kb max_used=4600Kb free=114503Kb
 bounds [0x00000164e2cf0000, 0x00000164e3170000, 0x00000164ea140000]
CodeHeap 'non-nmethods': size=7488Kb used=3352Kb max_used=3366Kb free=4135Kb
 bounds [0x00000164e25a0000, 0x00000164e28f0000, 0x00000164e2cf0000]
 total_blobs=3411 nmethods=2317 adapters=1003
 compilation: enabled
              stopped_count=0, restarted_count=0
 full_count=0

Compilation events (20 events):
Event: 0.848 Thread 0x00000164fee236a0 nmethod 2307 0x00000164e316b610 code [0x00000164e316b7a0, 0x00000164e316b8b8]
Event: 0.848 Thread 0x00000164fe3d4be0 nmethod 2306 0x00000164ea211210 code [0x00000164ea211380, 0x00000164ea211418]
Event: 0.849 Thread 0x00000164fe3d4be0 2308   !   4       java.nio.DirectIntBufferU::get (34 bytes)
Event: 0.849 Thread 0x00000164fe3d5680 2309       3       java.util.regex.Pattern$Start::match (90 bytes)
Event: 0.849 Thread 0x00000164fe3d5680 nmethod 2309 0x00000164e316b990 code [0x00000164e316bb60, 0x00000164e316bf68]
Event: 0.849 Thread 0x00000164fe3d4be0 nmethod 2308 0x00000164ea211510 code [0x00000164ea211680, 0x00000164ea211758]
Event: 0.850 Thread 0x00000164fe3d5680 2310       3       sun.net.www.ParseUtil::firstEncodeIndex (86 bytes)
Event: 0.850 Thread 0x00000164fee236a0 2311       3       java.util.concurrent.ConcurrentHashMap$ValuesView::iterator (34 bytes)
Event: 0.850 Thread 0x00000164ff7421d0 2312       3       java.util.concurrent.ConcurrentHashMap$ValueIterator::<init> (12 bytes)
Event: 0.850 Thread 0x00000164ff7421d0 nmethod 2312 0x00000164e316c110 code [0x00000164e316c2a0, 0x00000164e316c3e8]
Event: 0.850 Thread 0x00000164fe3d5680 nmethod 2310 0x00000164e316c490 code [0x00000164e316c6e0, 0x00000164e316d0c8]
Event: 0.850 Thread 0x00000164fee236a0 nmethod 2311 0x00000164e316d490 code [0x00000164e316d640, 0x00000164e316d888]
Event: 0.851 Thread 0x00000164fee236a0 2314       3       sun.misc.Unsafe::putLong (11 bytes)
Event: 0.851 Thread 0x00000164fee21180 2315       3       org.lwjgl.system.MemoryUtil::memPutAddress (29 bytes)
Event: 0.851 Thread 0x00000164fee236a0 nmethod 2314 0x00000164e316d990 code [0x00000164e316db20, 0x00000164e316dc38]
Event: 0.851 Thread 0x00000164fe3d4be0 2316       4       java.lang.Integer::toUnsignedLong (7 bytes)
Event: 0.851 Thread 0x00000164fee21180 nmethod 2315 0x00000164e316dd10 code [0x00000164e316dec0, 0x00000164e316e0b8]
Event: 0.851 Thread 0x00000164fe3d4be0 nmethod 2316 0x00000164ea211c90 code [0x00000164ea211e00, 0x00000164ea211e58]
Event: 0.851 Thread 0x00000164fe3d4be0 2317       4       sun.misc.Unsafe::putLong (11 bytes)
Event: 0.851 Thread 0x00000164fe3d4be0 nmethod 2317 0x00000164ea211f90 code [0x00000164ea212100, 0x00000164ea212198]

GC Heap History (2 events):
Event: 0.325 GC heap before
{Heap before GC invocations=0 (full 0):
 garbage-first heap   total 258048K, used 22528K [0x0000000705000000, 0x0000000800000000)
  region size 2048K, 11 young (22528K), 0 survivors (0K)
 Metaspace       used 5094K, committed 5312K, reserved 1056768K
  class space    used 601K, committed 704K, reserved 1048576K
}
Event: 0.328 GC heap after
{Heap after GC invocations=1 (full 0):
 garbage-first heap   total 258048K, used 4083K [0x0000000705000000, 0x0000000800000000)
  region size 2048K, 2 young (4096K), 2 survivors (4096K)
 Metaspace       used 5094K, committed 5312K, reserved 1056768K
  class space    used 601K, committed 704K, reserved 1048576K
}

Deoptimization events (20 events):
Event: 0.515 Thread 0x00000164dad43bf0 DEOPT PACKING pc=0x00000164ea1ae360 sp=0x000000063f1fd300
Event: 0.515 Thread 0x00000164dad43bf0 DEOPT UNPACKING pc=0x00000164e25f5c23 sp=0x000000063f1fd218 mode 2
Event: 0.516 Thread 0x00000164dad43bf0 Uncommon trap: trap_request=0xffffff45 fr.pc=0x00000164ea1ed9f4 relative=0x00000000000010d4
Event: 0.516 Thread 0x00000164dad43bf0 Uncommon trap: reason=unstable_if action=reinterpret pc=0x00000164ea1ed9f4 method=java.util.jar.JarFile.getVersionedEntry(Ljava/lang/String;Ljava/util/jar/JarEntry;)Ljava/util/jar/JarEntry; @ 26 c2
Event: 0.516 Thread 0x00000164dad43bf0 DEOPT PACKING pc=0x00000164ea1ed9f4 sp=0x000000063f1fd690
Event: 0.516 Thread 0x00000164dad43bf0 DEOPT UNPACKING pc=0x00000164e25f5c23 sp=0x000000063f1fd610 mode 2
Event: 0.534 Thread 0x00000164dad43bf0 DEOPT PACKING pc=0x00000164e313feba sp=0x000000063f1fd4a0
Event: 0.534 Thread 0x00000164dad43bf0 DEOPT UNPACKING pc=0x00000164e25f6763 sp=0x000000063f1fc918 mode 0
Event: 0.535 Thread 0x00000164dad43bf0 DEOPT PACKING pc=0x00000164e313feba sp=0x000000063f1fd4a0
Event: 0.535 Thread 0x00000164dad43bf0 DEOPT UNPACKING pc=0x00000164e25f6763 sp=0x000000063f1fc918 mode 0
Event: 0.535 Thread 0x00000164dad43bf0 DEOPT PACKING pc=0x00000164e313feba sp=0x000000063f1fd4a0
Event: 0.535 Thread 0x00000164dad43bf0 DEOPT UNPACKING pc=0x00000164e25f6763 sp=0x000000063f1fc918 mode 0
Event: 0.536 Thread 0x00000164dad43bf0 DEOPT PACKING pc=0x00000164e313feba sp=0x000000063f1fd4a0
Event: 0.536 Thread 0x00000164dad43bf0 DEOPT UNPACKING pc=0x00000164e25f6763 sp=0x000000063f1fc918 mode 0
Event: 0.536 Thread 0x00000164dad43bf0 DEOPT PACKING pc=0x00000164e313feba sp=0x000000063f1fd4a0
Event: 0.536 Thread 0x00000164dad43bf0 DEOPT UNPACKING pc=0x00000164e25f6763 sp=0x000000063f1fc918 mode 0
Event: 0.843 Thread 0x00000164dad43bf0 Uncommon trap: trap_request=0xffffff45 fr.pc=0x00000164ea1b537c relative=0x000000000000005c
Event: 0.843 Thread 0x00000164dad43bf0 Uncommon trap: reason=unstable_if action=reinterpret pc=0x00000164ea1b537c method=sun.net.www.ParseUtil.firstEncodeIndex(Ljava/lang/String;)I @ 51 c2
Event: 0.843 Thread 0x00000164dad43bf0 DEOPT PACKING pc=0x00000164ea1b537c sp=0x000000063f1fd550
Event: 0.843 Thread 0x00000164dad43bf0 DEOPT UNPACKING pc=0x00000164e25f5c23 sp=0x000000063f1fd4d8 mode 2

Classes unloaded (0 events):
No events

Classes redefined (0 events):
No events

Internal exceptions (20 events):
Event: 0.396 Thread 0x00000164dad43bf0 Exception <a 'java/lang/NoSuchMethodError'{0x000000071469c128}: 'java.lang.Object java.lang.invoke.DirectMethodHandle$Holder.invokeSpecialIFC(java.lang.Object, java.lang.Object, java.lang.Object, java.lang.Object)'> (0x000000071469c128) 
thrown [t:\workspace\open\src\hotspot\share\interpreter\linkResolver.cpp, line 766]
Event: 0.400 Thread 0x00000164dad43bf0 Implicit null exception at 0x00000164ea16fff2 to 0x00000164ea170640
Event: 0.400 Thread 0x00000164dad43bf0 Implicit null exception at 0x00000164ea17f672 to 0x00000164ea17fcd8
Event: 0.442 Thread 0x00000164dad43bf0 Exception <a 'java/lang/NoSuchMethodError'{0x0000000714395188}: 'long java.lang.invoke.DirectMethodHandle$Holder.invokeInterface(java.lang.Object, java.lang.Object)'> (0x0000000714395188) 
thrown [t:\workspace\open\src\hotspot\share\interpreter\linkResolver.cpp, line 766]
Event: 0.443 Thread 0x00000164dad43bf0 Exception <a 'java/lang/NoSuchMethodError'{0x00000007143a3c48}: 'float java.lang.invoke.DirectMethodHandle$Holder.invokeInterface(java.lang.Object, java.lang.Object)'> (0x00000007143a3c48) 
thrown [t:\workspace\open\src\hotspot\share\interpreter\linkResolver.cpp, line 766]
Event: 0.443 Thread 0x00000164dad43bf0 Exception <a 'java/lang/NoSuchMethodError'{0x00000007143acfc8}: 'double java.lang.invoke.DirectMethodHandle$Holder.invokeInterface(java.lang.Object, java.lang.Object)'> (0x00000007143acfc8) 
thrown [t:\workspace\open\src\hotspot\share\interpreter\linkResolver.cpp, line 766]
Event: 0.460 Thread 0x00000164dad43bf0 Exception <a 'java/lang/IncompatibleClassChangeError'{0x0000000714129258}: Found class java.lang.Object, but interface was expected> (0x0000000714129258) 
thrown [t:\workspace\open\src\hotspot\share\interpreter\linkResolver.cpp, line 833]
Event: 0.519 Thread 0x00000164dad43bf0 Exception <a 'sun/nio/fs/WindowsException'{0x0000000713c55b58}> (0x0000000713c55b58) 
thrown [t:\workspace\open\src\hotspot\share\prims\jni.cpp, line 516]
Event: 0.519 Thread 0x00000164dad43bf0 Exception <a 'sun/nio/fs/WindowsException'{0x0000000713c560a8}> (0x0000000713c560a8) 
thrown [t:\workspace\open\src\hotspot\share\prims\jni.cpp, line 516]
Event: 0.540 Thread 0x00000164dad43bf0 Exception <a 'sun/nio/fs/WindowsException'{0x0000000713ce77a8}> (0x0000000713ce77a8) 
thrown [t:\workspace\open\src\hotspot\share\prims\jni.cpp, line 516]
Event: 0.540 Thread 0x00000164dad43bf0 Exception <a 'sun/nio/fs/WindowsException'{0x0000000713ce7b08}> (0x0000000713ce7b08) 
thrown [t:\workspace\open\src\hotspot\share\prims\jni.cpp, line 516]
Event: 0.546 Thread 0x00000164dad43bf0 Exception <a 'java/lang/NoSuchMethodError'{0x0000000713d33e80}: 'int java.lang.invoke.DirectMethodHandle$Holder.invokeStaticInit(java.lang.Object, java.lang.Object, int, long)'> (0x0000000713d33e80) 
thrown [t:\workspace\open\src\hotspot\share\interpreter\linkResolver.cpp, line 766]
Event: 0.546 Thread 0x00000164dad43bf0 Exception <a 'java/lang/NoSuchMethodError'{0x0000000713d447d0}: 'int java.lang.invoke.DirectMethodHandle$Holder.invokeStaticInit(java.lang.Object, java.lang.Object, long, long)'> (0x0000000713d447d0) 
thrown [t:\workspace\open\src\hotspot\share\interpreter\linkResolver.cpp, line 766]
Event: 0.547 Thread 0x00000164dad43bf0 Exception <a 'java/lang/NoSuchMethodError'{0x0000000713d4a480}: 'java.lang.Object java.lang.invoke.DirectMethodHandle$Holder.newInvokeSpecial(java.lang.Object, java.lang.Object, long)'> (0x0000000713d4a480) 
thrown [t:\workspace\open\src\hotspot\share\interpreter\linkResolver.cpp, line 766]
Event: 0.547 Thread 0x00000164dad43bf0 Exception <a 'java/lang/NoSuchMethodError'{0x0000000713d4dff0}: 'java.lang.Object java.lang.invoke.Invokers$Holder.linkToTargetMethod(java.lang.Object, long, java.lang.Object)'> (0x0000000713d4dff0) 
thrown [t:\workspace\open\src\hotspot\share\interpreter\linkResolver.cpp, line 766]
Event: 0.547 Thread 0x00000164dad43bf0 Exception <a 'java/lang/NoSuchMethodError'{0x0000000713d554c0}: 'int java.lang.invoke.DirectMethodHandle$Holder.invokeStaticInit(java.lang.Object, java.lang.Object, java.lang.Object, long)'> (0x0000000713d554c0) 
thrown [t:\workspace\open\src\hotspot\share\interpreter\linkResolver.cpp, line 766]
Event: 0.846 Thread 0x00000164dad43bf0 Exception <a 'sun/nio/fs/WindowsException'{0x0000000713b16e58}> (0x0000000713b16e58) 
thrown [t:\workspace\open\src\hotspot\share\prims\jni.cpp, line 516]
Event: 0.846 Thread 0x00000164dad43bf0 Exception <a 'sun/nio/fs/WindowsException'{0x0000000713b171f8}> (0x0000000713b171f8) 
thrown [t:\workspace\open\src\hotspot\share\prims\jni.cpp, line 516]
Event: 0.849 Thread 0x00000164dad43bf0 Exception <a 'sun/nio/fs/WindowsException'{0x0000000713b22460}> (0x0000000713b22460) 
thrown [t:\workspace\open\src\hotspot\share\prims\jni.cpp, line 516]
Event: 0.849 Thread 0x00000164dad43bf0 Exception <a 'sun/nio/fs/WindowsException'{0x0000000713b22730}> (0x0000000713b22730) 
thrown [t:\workspace\open\src\hotspot\share\prims\jni.cpp, line 516]

VM Operations (20 events):
Event: 0.111 Executing VM operation: HandshakeAllThreads
Event: 0.111 Executing VM operation: HandshakeAllThreads done
Event: 0.112 Executing VM operation: HandshakeAllThreads
Event: 0.112 Executing VM operation: HandshakeAllThreads done
Event: 0.145 Executing VM operation: HandshakeAllThreads
Event: 0.145 Executing VM operation: HandshakeAllThreads done
Event: 0.245 Executing VM operation: ICBufferFull
Event: 0.245 Executing VM operation: ICBufferFull done
Event: 0.283 Executing VM operation: HandshakeAllThreads
Event: 0.283 Executing VM operation: HandshakeAllThreads done
Event: 0.325 Executing VM operation: G1CollectForAllocation
Event: 0.328 Executing VM operation: G1CollectForAllocation done
Event: 0.366 Executing VM operation: HandshakeAllThreads
Event: 0.366 Executing VM operation: HandshakeAllThreads done
Event: 0.392 Executing VM operation: HandshakeAllThreads
Event: 0.392 Executing VM operation: HandshakeAllThreads done
Event: 0.460 Executing VM operation: ICBufferFull
Event: 0.460 Executing VM operation: ICBufferFull done
Event: 0.524 Executing VM operation: HandshakeAllThreads
Event: 0.524 Executing VM operation: HandshakeAllThreads done

Events (20 events):
Event: 0.544 loading class java/nio/DirectFloatBufferU
Event: 0.544 loading class java/nio/DirectFloatBufferU done
Event: 0.544 loading class java/nio/DirectDoubleBufferU
Event: 0.544 loading class java/nio/DirectDoubleBufferU done
Event: 0.545 loading class sun/misc/Unsafe
Event: 0.545 loading class sun/misc/Unsafe done
Event: 0.545 loading class java/util/function/LongPredicate
Event: 0.545 loading class java/util/function/LongPredicate done
Event: 0.546 loading class jdk/internal/access/foreign/MemorySegmentProxy
Event: 0.546 loading class jdk/internal/access/foreign/MemorySegmentProxy done
Event: 0.547 loading class java/nio/InvalidMarkException
Event: 0.547 loading class java/nio/InvalidMarkException done
Event: 0.547 loading class java/nio/BufferUnderflowException
Event: 0.547 loading class java/nio/BufferUnderflowException done
Event: 0.566 loading class jdk/internal/math/FDBigInteger
Event: 0.567 loading class jdk/internal/math/FDBigInteger done
Event: 0.813 Thread 0x00000164ff678d20 Thread exited: 0x00000164ff678d20
Event: 0.813 Thread 0x00000164ff739a90 Thread exited: 0x00000164ff739a90
Event: 0.816 Thread 0x00000164ff0fe3a0 Thread exited: 0x00000164ff0fe3a0
Event: 0.847 Loaded shared library C:\Users\big_r\AppData\Local\Temp\lwjgl_big_r\3.3.3+5\x64\lwjgl_opengl.dll


Dynamic libraries:
0x00007ff6baed0000 - 0x00007ff6baee0000 	C:\Program Files\Java\jdk-17.0.2\bin\javaw.exe
0x00007ff9eef10000 - 0x00007ff9ef108000 	C:\Windows\SYSTEM32\ntdll.dll
0x00007ff9ed1e0000 - 0x00007ff9ed29d000 	C:\Windows\System32\KERNEL32.DLL
0x00007ff9ec6e0000 - 0x00007ff9ec9d6000 	C:\Windows\System32\KERNELBASE.dll
0x00007ff9ec9e0000 - 0x00007ff9ecae0000 	C:\Windows\System32\ucrtbase.dll
0x00007ff9e2f90000 - 0x00007ff9e2fa8000 	C:\Program Files\Java\jdk-17.0.2\bin\jli.dll
0x00007ff9ed2a0000 - 0x00007ff9ed34e000 	C:\Windows\System32\ADVAPI32.dll
0x00007ff9cd190000 - 0x00007ff9cd1aa000 	C:\Program Files\Java\jdk-17.0.2\bin\VCRUNTIME140.dll
0x00007ff9ed0b0000 - 0x00007ff9ed14e000 	C:\Windows\System32\msvcrt.dll
0x00007ff9ee070000 - 0x00007ff9ee10c000 	C:\Windows\System32\sechost.dll
0x00007ff9ee340000 - 0x00007ff9ee466000 	C:\Windows\System32\RPCRT4.dll
0x00007ff9ee140000 - 0x00007ff9ee2de000 	C:\Windows\System32\USER32.dll
0x00007ff9ecdb0000 - 0x00007ff9ecdd2000 	C:\Windows\System32\win32u.dll
0x00007ff9d14a0000 - 0x00007ff9d173a000 	C:\Windows\WinSxS\amd64_microsoft.windows.common-controls_6595b64144ccf1df_6.0.19041.1110_none_60b5254171f9507e\COMCTL32.dll
0x00007ff9ee110000 - 0x00007ff9ee13c000 	C:\Windows\System32\GDI32.dll
0x00007ff9ecbe0000 - 0x00007ff9eccfa000 	C:\Windows\System32\gdi32full.dll
0x00007ff9ec5f0000 - 0x00007ff9ec68d000 	C:\Windows\System32\msvcp_win.dll
0x00007ff9e26a0000 - 0x00007ff9e26aa000 	C:\Windows\SYSTEM32\VERSION.dll
0x00007ff9eeb40000 - 0x00007ff9eeb70000 	C:\Windows\System32\IMM32.DLL
0x00007ff9e3c30000 - 0x00007ff9e3c3c000 	C:\Program Files\Java\jdk-17.0.2\bin\vcruntime140_1.dll
0x00007ff9bd460000 - 0x00007ff9bd4ed000 	C:\Program Files\Java\jdk-17.0.2\bin\msvcp140.dll
0x00007ff97b940000 - 0x00007ff97c501000 	C:\Program Files\Java\jdk-17.0.2\bin\server\jvm.dll
0x00007ff9ed1d0000 - 0x00007ff9ed1d8000 	C:\Windows\System32\PSAPI.DLL
0x00007ff9c74e0000 - 0x00007ff9c74e9000 	C:\Windows\SYSTEM32\WSOCK32.dll
0x00007ff9e70f0000 - 0x00007ff9e7117000 	C:\Windows\SYSTEM32\WINMM.dll
0x00007ff9ed5d0000 - 0x00007ff9ed63b000 	C:\Windows\System32\WS2_32.dll
0x00007ff9eae10000 - 0x00007ff9eae22000 	C:\Windows\SYSTEM32\kernel.appcore.dll
0x00007ff9e6df0000 - 0x00007ff9e6dfa000 	C:\Program Files\Java\jdk-17.0.2\bin\jimage.dll
0x00007ff9ea410000 - 0x00007ff9ea5f4000 	C:\Windows\SYSTEM32\DBGHELP.DLL
0x00007ff9e70b0000 - 0x00007ff9e70e4000 	C:\Windows\SYSTEM32\dbgcore.DLL
0x00007ff9ecb50000 - 0x00007ff9ecbd2000 	C:\Windows\System32\bcryptPrimitives.dll
0x00007ff9cf030000 - 0x00007ff9cf055000 	C:\Program Files\Java\jdk-17.0.2\bin\java.dll
0x00007ff9b8b70000 - 0x00007ff9b8c46000 	C:\Program Files\Java\jdk-17.0.2\bin\jsvml.dll
0x00007ff9ed640000 - 0x00007ff9edd85000 	C:\Windows\System32\SHELL32.dll
0x00007ff9ea660000 - 0x00007ff9eadfb000 	C:\Windows\SYSTEM32\windows.storage.dll
0x00007ff9eeb70000 - 0x00007ff9eeec4000 	C:\Windows\System32\combase.dll
0x00007ff9ec030000 - 0x00007ff9ec05e000 	C:\Windows\SYSTEM32\Wldp.dll
0x00007ff9ecf70000 - 0x00007ff9ed01d000 	C:\Windows\System32\SHCORE.dll
0x00007ff9eea30000 - 0x00007ff9eea85000 	C:\Windows\System32\shlwapi.dll
0x00007ff9ec520000 - 0x00007ff9ec545000 	C:\Windows\SYSTEM32\profapi.dll
0x00007ff9e29b0000 - 0x00007ff9e29c9000 	C:\Program Files\Java\jdk-17.0.2\bin\net.dll
0x00007ff9e4560000 - 0x00007ff9e466a000 	C:\Windows\SYSTEM32\WINHTTP.dll
0x00007ff9ebd90000 - 0x00007ff9ebdfa000 	C:\Windows\system32\mswsock.dll
0x00007ff9e1620000 - 0x00007ff9e1636000 	C:\Program Files\Java\jdk-17.0.2\bin\nio.dll
0x00007ff9cd290000 - 0x00007ff9cd2a8000 	C:\Program Files\Java\jdk-17.0.2\bin\zip.dll
0x00007ff9bfc00000 - 0x00007ff9bfc17000 	C:\Windows\system32\napinsp.dll
0x00007ff9bfbe0000 - 0x00007ff9bfbfb000 	C:\Windows\system32\pnrpnsp.dll
0x00007ff9e5ce0000 - 0x00007ff9e5cf5000 	C:\Windows\system32\wshbth.dll
0x00007ff9e4530000 - 0x00007ff9e454d000 	C:\Windows\system32\NLAapi.dll
0x00007ff9eba30000 - 0x00007ff9eba6b000 	C:\Windows\SYSTEM32\IPHLPAPI.DLL
0x00007ff9ebac0000 - 0x00007ff9ebb8a000 	C:\Windows\SYSTEM32\DNSAPI.dll
0x00007ff9ee5b0000 - 0x00007ff9ee5b8000 	C:\Windows\System32\NSI.dll
0x00007ff9bfbc0000 - 0x00007ff9bfbd2000 	C:\Windows\System32\winrnr.dll
0x00007ff9e2820000 - 0x00007ff9e282a000 	C:\Windows\System32\rasadhlp.dll
0x00007ff9e2210000 - 0x00007ff9e2292000 	C:\Windows\System32\fwpuclnt.dll
0x00007ff9ecde0000 - 0x00007ff9ece07000 	C:\Windows\System32\bcrypt.dll
0x00007ff9c7380000 - 0x00007ff9c7389000 	C:\Program Files\Java\jdk-17.0.2\bin\management.dll
0x00007ff9c72f0000 - 0x00007ff9c72fb000 	C:\Program Files\Java\jdk-17.0.2\bin\management_ext.dll
0x00007ff9ad970000 - 0x00007ff9ad9eb000 	C:\Users\big_r\AppData\Local\Temp\lwjgl_big_r\3.3.3+5\x64\lwjgl.dll
0x00007ff9987a0000 - 0x00007ff998822000 	C:\Users\big_r\AppData\Local\Temp\lwjgl_big_r\3.3.3+5\x64\glfw.dll
0x00007ff9c3530000 - 0x00007ff9c3575000 	C:\Windows\SYSTEM32\dinput8.dll
0x00007ff9d8280000 - 0x00007ff9d8291000 	C:\Windows\SYSTEM32\xinput1_4.dll
0x00007ff9ec690000 - 0x00007ff9ec6de000 	C:\Windows\System32\cfgmgr32.dll
0x00007ff9ec3a0000 - 0x00007ff9ec3d3000 	C:\Windows\SYSTEM32\DEVOBJ.dll
0x00007ff9e9d80000 - 0x00007ff9e9daf000 	C:\Windows\SYSTEM32\dwmapi.dll
0x00007ff9da440000 - 0x00007ff9da592000 	C:\Windows\SYSTEM32\inputhost.dll
0x00007ff9ed500000 - 0x00007ff9ed5cd000 	C:\Windows\System32\OLEAUT32.dll
0x00007ff9e5d00000 - 0x00007ff9e5df2000 	C:\Windows\SYSTEM32\CoreMessaging.dll
0x00007ff9e5e00000 - 0x00007ff9e5f55000 	C:\Windows\SYSTEM32\wintypes.dll
0x00007ff9e67e0000 - 0x00007ff9e68d6000 	C:\Windows\SYSTEM32\PROPSYS.dll
0x00007ff9e5600000 - 0x00007ff9e595e000 	C:\Windows\SYSTEM32\CoreUIComponents.dll
0x00007ff9eb770000 - 0x00007ff9eb7a3000 	C:\Windows\SYSTEM32\ntmarta.dll
0x00007ff9e6f90000 - 0x00007ff9e702e000 	C:\Windows\system32\uxtheme.dll
0x00007ff9edf50000 - 0x00007ff9ee064000 	C:\Windows\System32\MSCTF.dll
0x00007ff9c5230000 - 0x00007ff9c5355000 	C:\Windows\SYSTEM32\opengl32.dll
0x00007ff9e1fc0000 - 0x00007ff9e1fec000 	C:\Windows\SYSTEM32\GLU32.dll
0x00007ff9eea90000 - 0x00007ff9eeb39000 	C:\Windows\System32\clbcatq.dll
0x00007ff93bc20000 - 0x00007ff93f552000 	C:\Windows\System32\DriverStore\FileRepository\nvami.inf_amd64_c3ada5fb735825f0\nvoglv64.dll
0x00007ff9ee5c0000 - 0x00007ff9eea2e000 	C:\Windows\System32\SETUPAPI.dll
0x00007ff9edd90000 - 0x00007ff9edeba000 	C:\Windows\System32\ole32.dll
0x00007ff9e6c70000 - 0x00007ff9e6c84000 	C:\Windows\SYSTEM32\WTSAPI32.dll
0x00007ff9ec1c0000 - 0x00007ff9ec1d2000 	C:\Windows\SYSTEM32\msasn1.dll
0x00007ff9df7e0000 - 0x00007ff9df811000 	C:\Windows\SYSTEM32\cryptnet.dll
0x00007ff9ece10000 - 0x00007ff9ecf6e000 	C:\Windows\System32\CRYPT32.dll
0x00007ff9df680000 - 0x00007ff9df7c8000 	C:\Windows\SYSTEM32\drvstore.dll
0x00007ff9ebfa0000 - 0x00007ff9ebfac000 	C:\Windows\SYSTEM32\cryptbase.dll
0x00007ff9ecae0000 - 0x00007ff9ecb47000 	C:\Windows\System32\WINTRUST.dll
0x00007ff9e4460000 - 0x00007ff9e449b000 	C:\Windows\SYSTEM32\dxcore.dll
0x00007ff99a080000 - 0x00007ff99a351000 	C:\Windows\system32\nvspcap64.dll
0x00007ff9eba70000 - 0x00007ff9ebabb000 	C:\Windows\SYSTEM32\powrprof.dll
0x00007ff9eba10000 - 0x00007ff9eba22000 	C:\Windows\SYSTEM32\UMPDC.dll
0x00007ff9eb2c0000 - 0x00007ff9eb31b000 	C:\Windows\SYSTEM32\WINSTA.dll
0x00007ff9eae80000 - 0x00007ff9eaf73000 	C:\Windows\system32\dxgi.dll
0x00007ff9e4ae0000 - 0x00007ff9e4d43000 	C:\Windows\system32\d3d11.dll
0x00007ff9b4d30000 - 0x00007ff9b4dee000 	C:\Windows\System32\DriverStore\FileRepository\nvami.inf_amd64_c3ada5fb735825f0\nvldumdx.dll
0x00007ff9edf20000 - 0x00007ff9edf3d000 	C:\Windows\System32\imagehlp.dll
0x00007ff9ebf80000 - 0x00007ff9ebf98000 	C:\Windows\SYSTEM32\CRYPTSP.dll
0x00007ff9eb630000 - 0x00007ff9eb664000 	C:\Windows\system32\rsaenh.dll
0x00007ff993910000 - 0x00007ff996f9d000 	C:\Windows\System32\DriverStore\FileRepository\nvami.inf_amd64_c3ada5fb735825f0\nvwgf2umx.dll
0x00007ff9dcfc0000 - 0x00007ff9dd72f000 	C:\Windows\SYSTEM32\nvapi64.dll
0x00007ff9dcc10000 - 0x00007ff9dcf88000 	C:\Windows\System32\DriverStore\FileRepository\iigd_dch.inf_amd64_a4e86d7e8f40267a\igd10iumd64.dll
0x00007ff9e6460000 - 0x00007ff9e64f1000 	C:\Windows\SYSTEM32\apphelp.dll
0x00007ff9dba20000 - 0x00007ff9dcc0f000 	C:\Windows\System32\DriverStore\FileRepository\iigd_dch.inf_amd64_a4e86d7e8f40267a\igd10um64xe.DLL
0x00007ff9df120000 - 0x00007ff9df15a000 	C:\Windows\SYSTEM32\ControlLib.dll
0x00007ff9db9a0000 - 0x00007ff9dba12000 	C:\Windows\System32\DriverStore\FileRepository\iigd_dch.inf_amd64_a4e86d7e8f40267a\IntelControlLib.dll
0x00007ff9db580000 - 0x00007ff9db992000 	C:\Windows\System32\DriverStore\FileRepository\iigd_dch.inf_amd64_a4e86d7e8f40267a\igdgmm64.dll
0x00007ff9d2c00000 - 0x00007ff9d7050000 	C:\Windows\System32\DriverStore\FileRepository\iigd_dch.inf_amd64_a4e86d7e8f40267a\igc64.dll
0x00007ff9e5410000 - 0x00007ff9e55f3000 	C:\Windows\SYSTEM32\dcomp.dll
0x00007ff9e1a50000 - 0x00007ff9e1b4a000 	C:\Windows\SYSTEM32\textinputframework.dll
0x00007ff998990000 - 0x00007ff9989ee000 	C:\Users\big_r\AppData\Local\Temp\lwjgl_big_r\3.3.3+5\x64\lwjgl_opengl.dll

dbghelp: loaded successfully - version: 4.0.5 - missing functions: none
symbol engine: initialized successfully - sym options: 0x614 - pdb path: .;C:\Program Files\Java\jdk-17.0.2\bin;C:\Windows\SYSTEM32;C:\Windows\WinSxS\amd64_microsoft.windows.common-controls_6595b64144ccf1df_6.0.19041.1110_none_60b5254171f9507e;C:\Program Files\Java\jdk-17.0.2\bin\server;C:\Users\big_r\AppData\Local\Temp\lwjgl_big_r\3.3.3+5\x64;C:\Windows\System32\DriverStore\FileRepository\nvami.inf_amd64_c3ada5fb735825f0;C:\Windows\System32\DriverStore\FileRepository\iigd_dch.inf_amd64_a4e86d7e8f40267a

VM Arguments:
jvm_args: -Dfile.encoding=windows-1252 -Dstdout.encoding=windows-1252 -Dstderr.encoding=windows-1252 -XX:+ShowCodeDetailsInExceptionMessages 
java_command: com.kronos.Kronos
java_class_path (initial): C:\Users\big_r\OneDrive\Desktop\Kronos\target\classes;C:\Users\big_r\.m2\repository\org\apache\logging\log4j\log4j-core\3.0.0-alpha1\log4j-core-3.0.0-alpha1.jar;C:\Users\big_r\.m2\repository\org\apache\logging\log4j\log4j-api\3.0.0-alpha1\log4j-api-3.0.0-alpha1.jar;C:\Users\big_r\.m2\repository\org\apache\logging\log4j\log4j-plugins\3.0.0-alpha1\log4j-plugins-3.0.0-alpha1.jar;C:\Users\big_r\.m2\repository\javax\activation\javax.activation-api\1.2.0\javax.activation-api-1.2.0.jar;C:\Users\big_r\.m2\repository\javax\xml\bind\jaxb-api\2.3.1\jaxb-api-2.3.1.jar;C:\Users\big_r\.m2\repository\com\fasterxml\woodstox\woodstox-core\6.5.0\woodstox-core-6.5.0.jar;C:\Users\big_r\.m2\repository\org\codehaus\woodstox\stax2-api\4.2.1\stax2-api-4.2.1.jar;C:\Users\big_r\.m2\repository\com\google\code\gson\gson\2.10.1\gson-2.10.1.jar;C:\Users\big_r\.m2\repository\commons-io\commons-io\2.13.0\commons-io-2.13.0.jar;C:\Users\big_r\.m2\repository\org\apache\commons\commons-lang3\3.13.0\commons-lang3-3.13.0.jar;C:\Users\big_r\.m2\repository\org\lwjgl\lwjgl\3.3.3\lwjgl-3.3.3.jar;C:\Users\big_r\.m2\repository\org\lwjgl\lwjgl-assimp\3.3.3\lwjgl-assimp-3.3.3.jar;C:\Users\big_r\.m2\repository\org\lwjgl\lwjgl-bgfx\3.3.3\lwjgl-bgfx-3.3.3.jar;C:\Users\big_r\.m2\repository\org\lwjgl\lwjgl-glfw\3.3.3\lwjgl-glfw-3.3.3.jar;C:\Users\big_r\.m2\repository\org\lwjgl\lwjgl-nanovg\3.3.3\lwjgl-nanovg-3.3.3.jar;C:\Users\big_r\.m2\repository\org\lwjgl\lwjgl-nuklear\3.3.3\lwjgl-nuklear-3.3.3.jar;C:\Users\big_r\.m2\repository\org\lwjgl\lwjgl-openal\3.3.3\lwjgl-openal-3.3.3.jar;C:\Users\big_r\.m2\repository\org\lwjgl\lwjgl-opengl\3.3.3\lwjgl-opengl-3.3.3.jar;C:\Users\big_r\.m2\repository\org\lwjgl\lwjgl-par\3.3.3\lwjgl-par-3.3.3.jar;C:\Users\big_r\.m2\repository\org\lwjgl\lwjgl-remotery\3.3.3\lwjgl-remotery-3.3.3.jar;C:\Users\big_r\.m2\repository\org\lwjgl\lwjgl-shaderc\3.3.3\lwjgl-shaderc-3.3.3.jar;C:\Users\big_r\.m2\repository\org\lwjgl\lwjgl-stb\3.3.3\lwjgl-stb-3.3.3.jar;C:\Users\b
Launcher Type: SUN_STANDARD

[Global flags]
     intx CICompilerCount                          = 12                                        {product} {ergonomic}
     uint ConcGCThreads                            = 3                                         {product} {ergonomic}
     uint G1ConcRefinementThreads                  = 13                                        {product} {ergonomic}
   size_t G1HeapRegionSize                         = 2097152                                   {product} {ergonomic}
    uintx GCDrainStackTargetSize                   = 64                                        {product} {ergonomic}
   size_t InitialHeapSize                          = 264241152                                 {product} {ergonomic}
   size_t MarkStackSize                            = 4194304                                   {product} {ergonomic}
   size_t MaxHeapSize                              = 4211081216                                {product} {ergonomic}
   size_t MaxNewSize                               = 2524971008                                {product} {ergonomic}
   size_t MinHeapDeltaBytes                        = 2097152                                   {product} {ergonomic}
   size_t MinHeapSize                              = 8388608                                   {product} {ergonomic}
    uintx NonNMethodCodeHeapSize                   = 7602480                                {pd product} {ergonomic}
    uintx NonProfiledCodeHeapSize                  = 122027880                              {pd product} {ergonomic}
    uintx ProfiledCodeHeapSize                     = 122027880                              {pd product} {ergonomic}
    uintx ReservedCodeCacheSize                    = 251658240                              {pd product} {ergonomic}
     bool SegmentedCodeCache                       = true                                      {product} {ergonomic}
     bool ShowCodeDetailsInExceptionMessages       = true                                   {manageable} {command line}
   size_t SoftMaxHeapSize                          = 4211081216                             {manageable} {ergonomic}
     bool UseCompressedClassPointers               = true                           {product lp64_product} {ergonomic}
     bool UseCompressedOops                        = true                           {product lp64_product} {ergonomic}
     bool UseG1GC                                  = true                                      {product} {ergonomic}
     bool UseLargePagesIndividualAllocation        = false                                  {pd product} {ergonomic}

Logging:
Log output configuration:
 #0: stdout all=warning uptime,level,tags
 #1: stderr all=off uptime,level,tags

Environment Variables:
JAVA_HOME=C:\Program Files\Java\jdk-17.0.2\
PATH=C:/Program Files/Java/jdk-17.0.2/bin/server;C:/Program Files/Java/jdk-17.0.2/bin;C:\Program Files (x86)\apache-maven-3.9.1-bin\apache-maven-3.9.1\bin;C:\Program Files\dotnet\;C:\Program Files\NVIDIA Corporation\NVIDIA NvDLISR;C:\Windows\System32;;C:\Program Files\WorldPainter;C:\Users\big_r\OneDrive\Desktop;
USERNAME=big_r
OS=Windows_NT
PROCESSOR_IDENTIFIER=Intel64 Family 6 Model 141 Stepping 1, GenuineIntel



---------------  S Y S T E M  ---------------

OS:
 Windows 10 , 64 bit Build 19041 (10.0.19041.3393)
OS uptime: 6 days 18:19 hours

CPU: total 16 (initial active 16) (8 cores per cpu, 2 threads per core) family 6 model 141 stepping 1 microcode 0x2c, cx8, cmov, fxsr, ht, mmx, 3dnowpref, sse, sse2, sse3, ssse3, sse4.1, sse4.2, popcnt, lzcnt, tsc, tscinvbit, avx, avx2, aes, erms, clmul, bmi1, bmi2, adx, avx512f, avx512dq, avx512cd, avx512bw, avx512vl, sha, fma, vzeroupper, avx512_vpopcntdq, avx512_vpclmulqdq, avx512_vaes, avx512_vnni, clflush, clflushopt, clwb, avx512_vbmi2, avx512_vbmi

Memory: 4k page, system-wide physical 16061M (7258M free)
TotalPageFile size 25789M (AvailPageFile size 13751M)
current process WorkingSet (physical memory assigned to process): 165M, peak: 165M
current process commit charge ("private bytes"): 472M, peak: 472M

vm_info: Java HotSpot(TM) 64-Bit Server VM (17.0.2+8-LTS-86) for windows-amd64 JRE (17.0.2+8-LTS-86), built on Dec  7 2021 21:51:03 by "mach5one" with MS VC++ 16.8 / 16.9 (VS2019)

END.
