#
# A fatal error has been detected by the Java Runtime Environment:
#
#  EXCEPTION_ACCESS_VIOLATION (0xc0000005) at pc=0x00007ff9aa421f36, pid=30696, tid=14684
#
# JRE version: Java(TM) SE Runtime Environment (17.0.2+8) (build 17.0.2+8-LTS-86)
# Java VM: Java HotSpot(TM) 64-Bit Server VM (17.0.2+8-LTS-86, mixed mode, sharing, tiered, compressed oops, compressed class ptrs, g1 gc, windows-amd64)
# Problematic frame:
# C  [lwjgl_stb.dll+0x21f36]
#
# No core dump will be written. Minidumps are not enabled by default on client versions of Windows
#
# If you would like to submit a bug report, please visit:
#   https://bugreport.java.com/bugreport/crash.jsp
# The crash happened outside the Java Virtual Machine in native code.
# See problematic frame for where to report the bug.
#

---------------  S U M M A R Y ------------

Command Line: -javaagent:lwjglx-debug-1.0.0.jar=t;o=trace.log -Dfile.encoding=windows-1252 -Dstdout.encoding=windows-1252 -Dstderr.encoding=windows-1252 -XX:+ShowCodeDetailsInExceptionMessages com.kronos.Testing

Host: 11th Gen Intel(R) Core(TM) i9-11900H @ 2.50GHz, 16 cores, 15G,  Windows 10 , 64 bit Build 19041 (10.0.19041.3393)
Time: Sat Sep 30 09:07:55 2023 Mountain Daylight Time elapsed time: 11.267428 seconds (0d 0h 0m 11s)

---------------  T H R E A D  ---------------

Current thread (0x000002a2682d3ac0):  JavaThread "main" [_thread_in_native, id=14684, stack(0x000000abc3d00000,0x000000abc3e00000)]

Stack: [0x000000abc3d00000,0x000000abc3e00000],  sp=0x000000abc3dfe9a0,  free space=1018k
Native frames: (J=compiled Java code, j=interpreted, Vv=VM code, C=native code)
C  [lwjgl_stb.dll+0x21f36]

Java frames: (J=compiled Java code, j=interpreted, Vv=VM code)
J 3438  org.lwjgl.stb.STBImageWrite.nstbi_write_png(JIIIJI)I (0 bytes) @ 0x000002a2778c2303 [0x000002a2778c22a0+0x0000000000000063]
J 3436 c1 org.lwjgl.stb.STBImageWrite.stbi_write_png(Ljava/lang/CharSequence;IIILjava/nio/ByteBuffer;I)Z (100 bytes) @ 0x000002a27098e31c [0x000002a27098dba0+0x000000000000077c]
J 3435 c1 org.lwjglx.debug.$Proxy$1.stbi_write_png7(Ljava/lang/CharSequence;IIILjava/nio/ByteBuffer;II)Z (85 bytes) @ 0x000002a27098cbd4 [0x000002a27098c440+0x0000000000000794]
J 3457 c1 com.kronos.Testing.lambda$0(Lcom/kronos/graphixs/shaders/ShaderProgram;Lcom/kronos/graphixs/FrameBuffer;Lcom/kronos/graphixs/geometry/Mesh;Lcom/kronos/graphixs/shaders/ShaderProgram;Lcom/kronos/graphixs/geometry/Mesh;Lcom/kronos/graphixs/LoopAccessor;)V (169 bytes) @ 0x000002a270997adc [0x000002a270997240+0x000000000000089c]
J 3456 c1 com.kronos.Testing$$Lambda$293+0x0000000800d8bcc0.update(Lcom/kronos/graphixs/LoopAccessor;)V (25 bytes) @ 0x000002a2709966cc [0x000002a270996620+0x00000000000000ac]
J 3426 c1 com.kronos.graphixs.display.Graphixs$2.update()V (47 bytes) @ 0x000002a2709879e4 [0x000002a270987140+0x00000000000008a4]
j  com.kronos.graphixs.FixedLoopSystem.start()V+305
j  com.kronos.graphixs.display.Graphixs.render(Lcom/kronos/graphixs/Loop;I)V+29
j  com.kronos.Kronos.startDrawing(Lcom/kronos/graphixs/Loop;)V+17
j  com.kronos.Testing.main([Ljava/lang/String;)V+266
v  ~StubRoutines::call_stub

siginfo: EXCEPTION_ACCESS_VIOLATION (0xc0000005), reading address 0x000002a22edc9890


Register to memory mapping:

RIP=0x00007ff9aa421f36 lwjgl_stb.dll
RAX=0x0 is NULL
RBX=0x00000000000000ff is an unknown value
RCX=0x0000000000000004 is an unknown value
RDX=0x0 is NULL
RSP=0x000000abc3dfe9a0 is pointing into the stack for thread: 0x000002a2682d3ac0
RBP=0x00000000000007d0 is an unknown value
RSI=0x0 is NULL
RDI=0x0 is NULL
R8 =0x0 is NULL
R9 =0x0 is NULL
R10=0x000002a22edc90c0 is an unknown value
R11=0x0000000000000310 is an unknown value
R12=0xffffffffe2de0e20 is an unknown value
R13=0x00000000000007cc is an unknown value
R14=0x00000000000000ff is an unknown value
R15=0x00000000000000ff is an unknown value


Registers:
RAX=0x0000000000000000, RBX=0x00000000000000ff, RCX=0x0000000000000004, RDX=0x0000000000000000
RSP=0x000000abc3dfe9a0, RBP=0x00000000000007d0, RSI=0x0000000000000000, RDI=0x0000000000000000
R8 =0x0000000000000000, R9 =0x0000000000000000, R10=0x000002a22edc90c0, R11=0x0000000000000310
R12=0xffffffffe2de0e20, R13=0x00000000000007cc, R14=0x00000000000000ff, R15=0x00000000000000ff
RIP=0x00007ff9aa421f36, EFLAGS=0x0000000000010246

Top of Stack: (sp=0x000000abc3dfe9a0)
0x000000abc3dfe9a0:   000002a22eeb97a0 000000070bdfe870
0x000000abc3dfe9b0:   0000000000000022 000002a211ba9a20
0x000000abc3dfe9c0:   00000000000007d0 0000000000000008
0x000000abc3dfe9d0:   0000000000000000 0000000000000000
0x000000abc3dfe9e0:   000002a211ba9a20 00007ff9aa4221c8
0x000000abc3dfe9f0:   00000000000007d0 0000000000000004
0x000000abc3dfea00:   0000000000000002 0000000000000002
0x000000abc3dfea10:   000002a200000008 0000000000000004
0x000000abc3dfea20:   0000000000000004 000002a211ba9a20
0x000000abc3dfea30:   0000000000000000 0a1a0a0d474e5089
0x000000abc3dfea40:   000f4434ffffffff 00007ff9c67f2305
0x000000abc3dfea50:   000002a22eebd628 000002a22eeb97a0
0x000000abc3dfea60:   00000000000007d1 00000000ffffffff
0x000000abc3dfea70:   0000000200000004 0000008300000006
0x000000abc3dfea80:   0000000000000042 000000abc3dfeb80
0x000000abc3dfea90:   000002a20fb4e150 000002a20dc14bf0 

Instructions: (pc=0x00007ff9aa421f36)
0x00007ff9aa421e36:   40 00 0f 1f 84 00 00 00 00 00 0f b6 02 42 2a 04
0x00007ff9aa421e46:   1a 42 88 04 02 48 8d 52 01 49 83 ea 01 75 eb e9
0x00007ff9aa421e56:   6f 01 00 00 0f af de 4c 63 c3 49 3b c8 0f 8d 60
0x00007ff9aa421e66:   01 00 00 4c 8b d9 4c 8b d1 4d 2b d9 4c 2b d5 4d
0x00007ff9aa421e76:   03 df 4c 2b c1 0f 1f 44 00 00 41 0f b6 01 43 0f
0x00007ff9aa421e86:   b6 14 0a 4d 8d 49 01 03 d0 41 0f b6 44 31 ff d1
0x00007ff9aa421e96:   ea 2a c2 43 88 44 0b ff 49 83 e8 01 75 dc e9 20
0x00007ff9aa421ea6:   01 00 00 0f af de 4c 63 db 49 3b cb 0f 8d 11 01
0x00007ff9aa421eb6:   00 00 4c 89 6c 24 28 4c 8b d1 4c 2b d5 4c 8b e5
0x00007ff9aa421ec6:   4d 2b e1 4c 8b ed 4d 03 d1 4d 03 e7 4c 2b e9 4c
0x00007ff9aa421ed6:   2b d9 0f 1f 84 00 00 00 00 00 43 0f b6 1c 2a 49
0x00007ff9aa421ee6:   8b c2 45 0f b6 3a 48 2b c1 44 8b c3 44 0f b6 30
0x00007ff9aa421ef6:   45 2b c6 47 8d 0c 38 41 8b c1 45 2b ce 2b c3 99
0x00007ff9aa421f06:   8b f8 41 8b c0 33 fa 2b fa 99 8b f0 41 8b c1 33
0x00007ff9aa421f16:   f2 2b f2 99 44 8b c0 44 33 c2 44 2b c2 3b fe 7f
0x00007ff9aa421f26:   05 41 3b f8 7e 0a 41 3b f0 41 8b de 41 0f 4e df
0x00007ff9aa421f36:   41 0f b6 04 2a 2a c3 43 88 04 14 49 ff c2 49 83
0x00007ff9aa421f46:   eb 01 75 96 4c 8b 6c 24 28 eb 78 0f af de 4c 63
0x00007ff9aa421f56:   db 49 3b cb 7d 6d 4e 8d 14 0e 4c 2b d9 0f 1f 40
0x00007ff9aa421f66:   00 66 0f 1f 84 00 00 00 00 00 49 8b c2 48 2b c1
0x00007ff9aa421f76:   0f b6 10 41 0f b6 02 d0 ea 2a c2 43 88 04 02 49
0x00007ff9aa421f86:   ff c2 49 83 eb 01 75 e2 eb 39 0f af de 4c 63 db
0x00007ff9aa421f96:   49 3b cb 7d 2e 4e 8d 14 0e 4c 2b d9 0f 1f 40 00
0x00007ff9aa421fa6:   66 66 0f 1f 84 00 00 00 00 00 41 0f b6 12 49 8b
0x00007ff9aa421fb6:   c2 48 2b c1 2a 10 43 88 14 02 49 ff c2 49 83 eb
0x00007ff9aa421fc6:   01 75 e7 4c 8b 64 24 60 48 8b 74 24 58 48 8b 6c
0x00007ff9aa421fd6:   24 50 4c 8b 74 24 20 48 83 c4 30 41 5f 5f 5b c3
0x00007ff9aa421fe6:   66 90 b2 1d 02 00 85 1d 02 00 8f 1d 02 00 9e 1d
0x00007ff9aa421ff6:   02 00 b2 1d 02 00 b2 1d 02 00 dc 1d 02 00 1e 1e
0x00007ff9aa422006:   02 00 5a 1e 02 00 a9 1e 02 00 51 1f 02 00 90 1f
0x00007ff9aa422016:   02 00 cc cc cc cc cc cc cc cc 4c 8b dc 45 89 4b
0x00007ff9aa422026:   20 45 89 43 18 89 54 24 10 49 89 4b 08 55 56 57 


Stack slot to memory mapping:
stack at sp + 0 slots: 0x000002a22eeb97a0 points into unknown readable memory: 0x000000ffffffff01 | 01 ff ff ff ff 00 00 00
stack at sp + 1 slots: 0x000000070bdfe870 is an oop: java.util.regex.Pattern$GroupTail 
{0x000000070bdfe870} - klass: 'java/util/regex/Pattern$GroupTail'
 - ---- fields (total size 3 words):
 - 'next' 'Ljava/util/regex/Pattern$Node;' @12  a 'java/util/regex/Pattern$BranchConn'{0x000000070bdfe8c8} (e17bfd19)
 - 'localIndex' 'I' @16  0
 - 'groupIndex' 'I' @20  2
stack at sp + 2 slots: 0x0000000000000022 is an unknown value
stack at sp + 3 slots: 0x000002a211ba9a20 points into unknown readable memory: 0x0000000000000000 | 00 00 00 00 00 00 00 00
stack at sp + 4 slots: 0x00000000000007d0 is an unknown value
stack at sp + 5 slots: 0x0000000000000008 is an unknown value
stack at sp + 6 slots: 0x0 is NULL
stack at sp + 7 slots: 0x0 is NULL


---------------  P R O C E S S  ---------------

Threads class SMR info:
_java_thread_list=0x000002a211c00280, length=12, elements={
0x000002a2682d3ac0, 0x000002a20b8b34f0, 0x000002a20b8b3fb0, 0x000002a20b8cb860,
0x000002a20b8ce230, 0x000002a20b8ceaf0, 0x000002a20c403490, 0x000002a20c407630,
0x000002a20c407fe0, 0x000002a20c41b0b0, 0x000002a20c505240, 0x000002a20c879af0
}

Java Threads: ( => current thread )
=>0x000002a2682d3ac0 JavaThread "main" [_thread_in_native, id=14684, stack(0x000000abc3d00000,0x000000abc3e00000)]
  0x000002a20b8b34f0 JavaThread "Reference Handler" daemon [_thread_blocked, id=33492, stack(0x000000abc4400000,0x000000abc4500000)]
  0x000002a20b8b3fb0 JavaThread "Finalizer" daemon [_thread_blocked, id=19844, stack(0x000000abc4500000,0x000000abc4600000)]
  0x000002a20b8cb860 JavaThread "Signal Dispatcher" daemon [_thread_blocked, id=18672, stack(0x000000abc4600000,0x000000abc4700000)]
  0x000002a20b8ce230 JavaThread "Attach Listener" daemon [_thread_blocked, id=10204, stack(0x000000abc4700000,0x000000abc4800000)]
  0x000002a20b8ceaf0 JavaThread "Service Thread" daemon [_thread_blocked, id=12600, stack(0x000000abc4800000,0x000000abc4900000)]
  0x000002a20c403490 JavaThread "Monitor Deflation Thread" daemon [_thread_blocked, id=16860, stack(0x000000abc4900000,0x000000abc4a00000)]
  0x000002a20c407630 JavaThread "C2 CompilerThread0" daemon [_thread_blocked, id=34552, stack(0x000000abc4a00000,0x000000abc4b00000)]
  0x000002a20c407fe0 JavaThread "C1 CompilerThread0" daemon [_thread_blocked, id=24072, stack(0x000000abc4b00000,0x000000abc4c00000)]
  0x000002a20c41b0b0 JavaThread "Sweeper thread" daemon [_thread_blocked, id=24140, stack(0x000000abc4c00000,0x000000abc4d00000)]
  0x000002a20c505240 JavaThread "Common-Cleaner" daemon [_thread_blocked, id=37316, stack(0x000000abc4d00000,0x000000abc4e00000)]
  0x000002a20c879af0 JavaThread "Notification Thread" daemon [_thread_blocked, id=37844, stack(0x000000abc5200000,0x000000abc5300000)]

Other Threads:
  0x000002a20b8aeb40 VMThread "VM Thread" [stack: 0x000000abc4300000,0x000000abc4400000] [id=15736]
  0x000002a20c8b3250 WatcherThread [stack: 0x000000abc5300000,0x000000abc5400000] [id=15612]
  0x000002a2683225b0 GCTaskThread "GC Thread#0" [stack: 0x000000abc3e00000,0x000000abc3f00000] [id=32612]
  0x000002a20c8c5e00 GCTaskThread "GC Thread#1" [stack: 0x000000abc5500000,0x000000abc5600000] [id=32708]
  0x000002a20cc78380 GCTaskThread "GC Thread#2" [stack: 0x000000abc5600000,0x000000abc5700000] [id=26672]
  0x000002a20cc20000 GCTaskThread "GC Thread#3" [stack: 0x000000abc5700000,0x000000abc5800000] [id=17920]
  0x000002a20c8c2710 GCTaskThread "GC Thread#4" [stack: 0x000000abc5800000,0x000000abc5900000] [id=15964]
  0x000002a20cf6c020 GCTaskThread "GC Thread#5" [stack: 0x000000abc5900000,0x000000abc5a00000] [id=35540]
  0x000002a20d1c9700 GCTaskThread "GC Thread#6" [stack: 0x000000abc5a00000,0x000000abc5b00000] [id=14512]
  0x000002a20d5c3a00 GCTaskThread "GC Thread#7" [stack: 0x000000abc5b00000,0x000000abc5c00000] [id=31444]
  0x000002a20d689c10 GCTaskThread "GC Thread#8" [stack: 0x000000abc5c00000,0x000000abc5d00000] [id=26664]
  0x000002a20d076da0 GCTaskThread "GC Thread#9" [stack: 0x000000abc5d00000,0x000000abc5e00000] [id=19696]
  0x000002a20d077a70 GCTaskThread "GC Thread#10" [stack: 0x000000abc5e00000,0x000000abc5f00000] [id=35132]
  0x000002a20cf704c0 GCTaskThread "GC Thread#11" [stack: 0x000000abc5f00000,0x000000abc6000000] [id=25292]
  0x000002a20eb569d0 GCTaskThread "GC Thread#12" [stack: 0x000000abc6100000,0x000000abc6200000] [id=26904]
  0x000002a268333f10 ConcurrentGCThread "G1 Main Marker" [stack: 0x000000abc3f00000,0x000000abc4000000] [id=23056]
  0x000002a268334fd0 ConcurrentGCThread "G1 Conc#0" [stack: 0x000000abc4000000,0x000000abc4100000] [id=31872]
  0x000002a20b7640f0 ConcurrentGCThread "G1 Refine#0" [stack: 0x000000abc4100000,0x000000abc4200000] [id=20488]
  0x000002a20b764a20 ConcurrentGCThread "G1 Service" [stack: 0x000000abc4200000,0x000000abc4300000] [id=15680]

Threads with active compile tasks:

VM state: not at safepoint (normal execution)

VM Mutex/Monitor currently owned by a thread: None

Heap address: 0x0000000705000000, size: 4016 MB, Compressed Oops mode: Zero based, Oop shift amount: 3

CDS archive(s) mapped at: [0x0000000800000000-0x0000000800bc0000-0x0000000800bc0000), size 12320768, SharedBaseAddress: 0x0000000800000000, ArchiveRelocationMode: 0.
Compressed class space mapped at: 0x0000000800c00000-0x0000000840c00000, reserved size: 1073741824
Narrow klass base: 0x0000000800000000, Narrow klass shift: 0, Narrow klass range: 0x100000000

GC Precious Log:
 CPUs: 16 total, 16 available
 Memory: 16061M
 Large Page Support: Disabled
 NUMA Support: Disabled
 Compressed Oops: Enabled (Zero based)
 Heap Region Size: 2M
 Heap Min Capacity: 8M
 Heap Initial Capacity: 252M
 Heap Max Capacity: 4016M
 Pre-touch: Disabled
 Parallel Workers: 13
 Concurrent Workers: 3
 Concurrent Refinement Workers: 13
 Periodic GC: Disabled

Heap:
 garbage-first heap   total 258048K, used 8902K [0x0000000705000000, 0x0000000800000000)
  region size 2048K, 4 young (8192K), 3 survivors (6144K)
 Metaspace       used 16599K, committed 16960K, reserved 1064960K
  class space    used 1513K, committed 1664K, reserved 1048576K

Heap Regions: E=young(eden), S=young(survivor), O=old, HS=humongous(starts), HC=humongous(continues), CS=collection set, F=free, OA=open archive, CA=closed archive, TAMS=top-at-mark-start (previous, next)
|   0|0x0000000705000000, 0x0000000705200000, 0x0000000705200000|100%| O|  |TAMS 0x0000000705000000, 0x0000000705000000| Untracked 
|   1|0x0000000705200000, 0x00000007053ec400, 0x0000000705400000| 96%| O|  |TAMS 0x0000000705200000, 0x0000000705200000| Untracked 
|   2|0x0000000705400000, 0x0000000705400000, 0x0000000705600000|  0%| F|  |TAMS 0x0000000705400000, 0x0000000705400000| Untracked 
|   3|0x0000000705600000, 0x0000000705600000, 0x0000000705800000|  0%| F|  |TAMS 0x0000000705600000, 0x0000000705600000| Untracked 
|   4|0x0000000705800000, 0x0000000705800000, 0x0000000705a00000|  0%| F|  |TAMS 0x0000000705800000, 0x0000000705800000| Untracked 
|   5|0x0000000705a00000, 0x0000000705a00000, 0x0000000705c00000|  0%| F|  |TAMS 0x0000000705a00000, 0x0000000705a00000| Untracked 
|   6|0x0000000705c00000, 0x0000000705c00000, 0x0000000705e00000|  0%| F|  |TAMS 0x0000000705c00000, 0x0000000705c00000| Untracked 
|   7|0x0000000705e00000, 0x0000000705e00000, 0x0000000706000000|  0%| F|  |TAMS 0x0000000705e00000, 0x0000000705e00000| Untracked 
|   8|0x0000000706000000, 0x0000000706000000, 0x0000000706200000|  0%| F|  |TAMS 0x0000000706000000, 0x0000000706000000| Untracked 
|   9|0x0000000706200000, 0x0000000706200000, 0x0000000706400000|  0%| F|  |TAMS 0x0000000706200000, 0x0000000706200000| Untracked 
|  10|0x0000000706400000, 0x0000000706400000, 0x0000000706600000|  0%| F|  |TAMS 0x0000000706400000, 0x0000000706400000| Untracked 
|  11|0x0000000706600000, 0x0000000706600000, 0x0000000706800000|  0%| F|  |TAMS 0x0000000706600000, 0x0000000706600000| Untracked 
|  12|0x0000000706800000, 0x0000000706800000, 0x0000000706a00000|  0%| F|  |TAMS 0x0000000706800000, 0x0000000706800000| Untracked 
|  13|0x0000000706a00000, 0x0000000706a00000, 0x0000000706c00000|  0%| F|  |TAMS 0x0000000706a00000, 0x0000000706a00000| Untracked 
|  14|0x0000000706c00000, 0x0000000706c00000, 0x0000000706e00000|  0%| F|  |TAMS 0x0000000706c00000, 0x0000000706c00000| Untracked 
|  15|0x0000000706e00000, 0x0000000706e00000, 0x0000000707000000|  0%| F|  |TAMS 0x0000000706e00000, 0x0000000706e00000| Untracked 
|  16|0x0000000707000000, 0x0000000707000000, 0x0000000707200000|  0%| F|  |TAMS 0x0000000707000000, 0x0000000707000000| Untracked 
|  17|0x0000000707200000, 0x0000000707200000, 0x0000000707400000|  0%| F|  |TAMS 0x0000000707200000, 0x0000000707200000| Untracked 
|  18|0x0000000707400000, 0x0000000707400000, 0x0000000707600000|  0%| F|  |TAMS 0x0000000707400000, 0x0000000707400000| Untracked 
|  19|0x0000000707600000, 0x0000000707600000, 0x0000000707800000|  0%| F|  |TAMS 0x0000000707600000, 0x0000000707600000| Untracked 
|  20|0x0000000707800000, 0x0000000707800000, 0x0000000707a00000|  0%| F|  |TAMS 0x0000000707800000, 0x0000000707800000| Untracked 
|  21|0x0000000707a00000, 0x0000000707a00000, 0x0000000707c00000|  0%| F|  |TAMS 0x0000000707a00000, 0x0000000707a00000| Untracked 
|  22|0x0000000707c00000, 0x0000000707c00000, 0x0000000707e00000|  0%| F|  |TAMS 0x0000000707c00000, 0x0000000707c00000| Untracked 
|  23|0x0000000707e00000, 0x0000000707e00000, 0x0000000708000000|  0%| F|  |TAMS 0x0000000707e00000, 0x0000000707e00000| Untracked 
|  24|0x0000000708000000, 0x0000000708000000, 0x0000000708200000|  0%| F|  |TAMS 0x0000000708000000, 0x0000000708000000| Untracked 
|  25|0x0000000708200000, 0x0000000708200000, 0x0000000708400000|  0%| F|  |TAMS 0x0000000708200000, 0x0000000708200000| Untracked 
|  26|0x0000000708400000, 0x0000000708400000, 0x0000000708600000|  0%| F|  |TAMS 0x0000000708400000, 0x0000000708400000| Untracked 
|  27|0x0000000708600000, 0x0000000708600000, 0x0000000708800000|  0%| F|  |TAMS 0x0000000708600000, 0x0000000708600000| Untracked 
|  28|0x0000000708800000, 0x0000000708800000, 0x0000000708a00000|  0%| F|  |TAMS 0x0000000708800000, 0x0000000708800000| Untracked 
|  29|0x0000000708a00000, 0x0000000708a00000, 0x0000000708c00000|  0%| F|  |TAMS 0x0000000708a00000, 0x0000000708a00000| Untracked 
|  30|0x0000000708c00000, 0x0000000708c00000, 0x0000000708e00000|  0%| F|  |TAMS 0x0000000708c00000, 0x0000000708c00000| Untracked 
|  31|0x0000000708e00000, 0x0000000708e00000, 0x0000000709000000|  0%| F|  |TAMS 0x0000000708e00000, 0x0000000708e00000| Untracked 
|  32|0x0000000709000000, 0x0000000709000000, 0x0000000709200000|  0%| F|  |TAMS 0x0000000709000000, 0x0000000709000000| Untracked 
|  33|0x0000000709200000, 0x0000000709200000, 0x0000000709400000|  0%| F|  |TAMS 0x0000000709200000, 0x0000000709200000| Untracked 
|  34|0x0000000709400000, 0x0000000709400000, 0x0000000709600000|  0%| F|  |TAMS 0x0000000709400000, 0x0000000709400000| Untracked 
|  35|0x0000000709600000, 0x0000000709600000, 0x0000000709800000|  0%| F|  |TAMS 0x0000000709600000, 0x0000000709600000| Untracked 
|  36|0x0000000709800000, 0x0000000709800000, 0x0000000709a00000|  0%| F|  |TAMS 0x0000000709800000, 0x0000000709800000| Untracked 
|  37|0x0000000709a00000, 0x0000000709a00000, 0x0000000709c00000|  0%| F|  |TAMS 0x0000000709a00000, 0x0000000709a00000| Untracked 
|  38|0x0000000709c00000, 0x0000000709c00000, 0x0000000709e00000|  0%| F|  |TAMS 0x0000000709c00000, 0x0000000709c00000| Untracked 
|  39|0x0000000709e00000, 0x0000000709e00000, 0x000000070a000000|  0%| F|  |TAMS 0x0000000709e00000, 0x0000000709e00000| Untracked 
|  40|0x000000070a000000, 0x000000070a000000, 0x000000070a200000|  0%| F|  |TAMS 0x000000070a000000, 0x000000070a000000| Untracked 
|  41|0x000000070a200000, 0x000000070a200000, 0x000000070a400000|  0%| F|  |TAMS 0x000000070a200000, 0x000000070a200000| Untracked 
|  42|0x000000070a400000, 0x000000070a400000, 0x000000070a600000|  0%| F|  |TAMS 0x000000070a400000, 0x000000070a400000| Untracked 
|  43|0x000000070a600000, 0x000000070a600000, 0x000000070a800000|  0%| F|  |TAMS 0x000000070a600000, 0x000000070a600000| Untracked 
|  44|0x000000070a800000, 0x000000070a800000, 0x000000070aa00000|  0%| F|  |TAMS 0x000000070a800000, 0x000000070a800000| Untracked 
|  45|0x000000070aa00000, 0x000000070aa00000, 0x000000070ac00000|  0%| F|  |TAMS 0x000000070aa00000, 0x000000070aa00000| Untracked 
|  46|0x000000070ac00000, 0x000000070ac00000, 0x000000070ae00000|  0%| F|  |TAMS 0x000000070ac00000, 0x000000070ac00000| Untracked 
|  47|0x000000070ae00000, 0x000000070ae00000, 0x000000070b000000|  0%| F|  |TAMS 0x000000070ae00000, 0x000000070ae00000| Untracked 
|  48|0x000000070b000000, 0x000000070b000000, 0x000000070b200000|  0%| F|  |TAMS 0x000000070b000000, 0x000000070b000000| Untracked 
|  49|0x000000070b200000, 0x000000070b200000, 0x000000070b400000|  0%| F|  |TAMS 0x000000070b200000, 0x000000070b200000| Untracked 
|  50|0x000000070b400000, 0x000000070b400000, 0x000000070b600000|  0%| F|  |TAMS 0x000000070b400000, 0x000000070b400000| Untracked 
|  51|0x000000070b600000, 0x000000070b6c5730, 0x000000070b800000| 38%| S|CS|TAMS 0x000000070b600000, 0x000000070b600000| Complete 
|  52|0x000000070b800000, 0x000000070ba00000, 0x000000070ba00000|100%| S|CS|TAMS 0x000000070b800000, 0x000000070b800000| Complete 
|  53|0x000000070ba00000, 0x000000070bc00000, 0x000000070bc00000|100%| S|CS|TAMS 0x000000070ba00000, 0x000000070ba00000| Complete 
|  54|0x000000070bc00000, 0x000000070bc00000, 0x000000070be00000|  0%| F|  |TAMS 0x000000070bc00000, 0x000000070bc00000| Untracked 
|  55|0x000000070be00000, 0x000000070be00000, 0x000000070c000000|  0%| F|  |TAMS 0x000000070be00000, 0x000000070be00000| Untracked 
|  56|0x000000070c000000, 0x000000070c000000, 0x000000070c200000|  0%| F|  |TAMS 0x000000070c000000, 0x000000070c000000| Untracked 
|  57|0x000000070c200000, 0x000000070c200000, 0x000000070c400000|  0%| F|  |TAMS 0x000000070c200000, 0x000000070c200000| Untracked 
|  58|0x000000070c400000, 0x000000070c400000, 0x000000070c600000|  0%| F|  |TAMS 0x000000070c400000, 0x000000070c400000| Untracked 
|  59|0x000000070c600000, 0x000000070c600000, 0x000000070c800000|  0%| F|  |TAMS 0x000000070c600000, 0x000000070c600000| Untracked 
|  60|0x000000070c800000, 0x000000070c800000, 0x000000070ca00000|  0%| F|  |TAMS 0x000000070c800000, 0x000000070c800000| Untracked 
|  61|0x000000070ca00000, 0x000000070ca00000, 0x000000070cc00000|  0%| F|  |TAMS 0x000000070ca00000, 0x000000070ca00000| Untracked 
|  62|0x000000070cc00000, 0x000000070cc00000, 0x000000070ce00000|  0%| F|  |TAMS 0x000000070cc00000, 0x000000070cc00000| Untracked 
|  63|0x000000070ce00000, 0x000000070ce00000, 0x000000070d000000|  0%| F|  |TAMS 0x000000070ce00000, 0x000000070ce00000| Untracked 
|  64|0x000000070d000000, 0x000000070d000000, 0x000000070d200000|  0%| F|  |TAMS 0x000000070d000000, 0x000000070d000000| Untracked 
|  65|0x000000070d200000, 0x000000070d200000, 0x000000070d400000|  0%| F|  |TAMS 0x000000070d200000, 0x000000070d200000| Untracked 
|  66|0x000000070d400000, 0x000000070d400000, 0x000000070d600000|  0%| F|  |TAMS 0x000000070d400000, 0x000000070d400000| Untracked 
|  67|0x000000070d600000, 0x000000070d600000, 0x000000070d800000|  0%| F|  |TAMS 0x000000070d600000, 0x000000070d600000| Untracked 
|  68|0x000000070d800000, 0x000000070d800000, 0x000000070da00000|  0%| F|  |TAMS 0x000000070d800000, 0x000000070d800000| Untracked 
|  69|0x000000070da00000, 0x000000070da00000, 0x000000070dc00000|  0%| F|  |TAMS 0x000000070da00000, 0x000000070da00000| Untracked 
|  70|0x000000070dc00000, 0x000000070dc00000, 0x000000070de00000|  0%| F|  |TAMS 0x000000070dc00000, 0x000000070dc00000| Untracked 
|  71|0x000000070de00000, 0x000000070de00000, 0x000000070e000000|  0%| F|  |TAMS 0x000000070de00000, 0x000000070de00000| Untracked 
|  72|0x000000070e000000, 0x000000070e000000, 0x000000070e200000|  0%| F|  |TAMS 0x000000070e000000, 0x000000070e000000| Untracked 
|  73|0x000000070e200000, 0x000000070e200000, 0x000000070e400000|  0%| F|  |TAMS 0x000000070e200000, 0x000000070e200000| Untracked 
|  74|0x000000070e400000, 0x000000070e400000, 0x000000070e600000|  0%| F|  |TAMS 0x000000070e400000, 0x000000070e400000| Untracked 
|  75|0x000000070e600000, 0x000000070e600000, 0x000000070e800000|  0%| F|  |TAMS 0x000000070e600000, 0x000000070e600000| Untracked 
|  76|0x000000070e800000, 0x000000070e800000, 0x000000070ea00000|  0%| F|  |TAMS 0x000000070e800000, 0x000000070e800000| Untracked 
|  77|0x000000070ea00000, 0x000000070ea00000, 0x000000070ec00000|  0%| F|  |TAMS 0x000000070ea00000, 0x000000070ea00000| Untracked 
|  78|0x000000070ec00000, 0x000000070ec00000, 0x000000070ee00000|  0%| F|  |TAMS 0x000000070ec00000, 0x000000070ec00000| Untracked 
|  79|0x000000070ee00000, 0x000000070ee00000, 0x000000070f000000|  0%| F|  |TAMS 0x000000070ee00000, 0x000000070ee00000| Untracked 
|  80|0x000000070f000000, 0x000000070f000000, 0x000000070f200000|  0%| F|  |TAMS 0x000000070f000000, 0x000000070f000000| Untracked 
|  81|0x000000070f200000, 0x000000070f200000, 0x000000070f400000|  0%| F|  |TAMS 0x000000070f200000, 0x000000070f200000| Untracked 
|  82|0x000000070f400000, 0x000000070f400000, 0x000000070f600000|  0%| F|  |TAMS 0x000000070f400000, 0x000000070f400000| Untracked 
|  83|0x000000070f600000, 0x000000070f600000, 0x000000070f800000|  0%| F|  |TAMS 0x000000070f600000, 0x000000070f600000| Untracked 
|  84|0x000000070f800000, 0x000000070f800000, 0x000000070fa00000|  0%| F|  |TAMS 0x000000070f800000, 0x000000070f800000| Untracked 
|  85|0x000000070fa00000, 0x000000070fa00000, 0x000000070fc00000|  0%| F|  |TAMS 0x000000070fa00000, 0x000000070fa00000| Untracked 
|  86|0x000000070fc00000, 0x000000070fc00000, 0x000000070fe00000|  0%| F|  |TAMS 0x000000070fc00000, 0x000000070fc00000| Untracked 
|  87|0x000000070fe00000, 0x000000070fe00000, 0x0000000710000000|  0%| F|  |TAMS 0x000000070fe00000, 0x000000070fe00000| Untracked 
|  88|0x0000000710000000, 0x0000000710000000, 0x0000000710200000|  0%| F|  |TAMS 0x0000000710000000, 0x0000000710000000| Untracked 
|  89|0x0000000710200000, 0x0000000710200000, 0x0000000710400000|  0%| F|  |TAMS 0x0000000710200000, 0x0000000710200000| Untracked 
|  90|0x0000000710400000, 0x0000000710400000, 0x0000000710600000|  0%| F|  |TAMS 0x0000000710400000, 0x0000000710400000| Untracked 
|  91|0x0000000710600000, 0x0000000710600000, 0x0000000710800000|  0%| F|  |TAMS 0x0000000710600000, 0x0000000710600000| Untracked 
|  92|0x0000000710800000, 0x0000000710800000, 0x0000000710a00000|  0%| F|  |TAMS 0x0000000710800000, 0x0000000710800000| Untracked 
|  93|0x0000000710a00000, 0x0000000710a00000, 0x0000000710c00000|  0%| F|  |TAMS 0x0000000710a00000, 0x0000000710a00000| Untracked 
|  94|0x0000000710c00000, 0x0000000710c00000, 0x0000000710e00000|  0%| F|  |TAMS 0x0000000710c00000, 0x0000000710c00000| Untracked 
|  95|0x0000000710e00000, 0x0000000710e00000, 0x0000000711000000|  0%| F|  |TAMS 0x0000000710e00000, 0x0000000710e00000| Untracked 
|  96|0x0000000711000000, 0x0000000711000000, 0x0000000711200000|  0%| F|  |TAMS 0x0000000711000000, 0x0000000711000000| Untracked 
|  97|0x0000000711200000, 0x0000000711200000, 0x0000000711400000|  0%| F|  |TAMS 0x0000000711200000, 0x0000000711200000| Untracked 
|  98|0x0000000711400000, 0x0000000711400000, 0x0000000711600000|  0%| F|  |TAMS 0x0000000711400000, 0x0000000711400000| Untracked 
|  99|0x0000000711600000, 0x0000000711600000, 0x0000000711800000|  0%| F|  |TAMS 0x0000000711600000, 0x0000000711600000| Untracked 
| 100|0x0000000711800000, 0x0000000711800000, 0x0000000711a00000|  0%| F|  |TAMS 0x0000000711800000, 0x0000000711800000| Untracked 
| 101|0x0000000711a00000, 0x0000000711a00000, 0x0000000711c00000|  0%| F|  |TAMS 0x0000000711a00000, 0x0000000711a00000| Untracked 
| 102|0x0000000711c00000, 0x0000000711c00000, 0x0000000711e00000|  0%| F|  |TAMS 0x0000000711c00000, 0x0000000711c00000| Untracked 
| 103|0x0000000711e00000, 0x0000000711e00000, 0x0000000712000000|  0%| F|  |TAMS 0x0000000711e00000, 0x0000000711e00000| Untracked 
| 104|0x0000000712000000, 0x0000000712000000, 0x0000000712200000|  0%| F|  |TAMS 0x0000000712000000, 0x0000000712000000| Untracked 
| 105|0x0000000712200000, 0x0000000712200000, 0x0000000712400000|  0%| F|  |TAMS 0x0000000712200000, 0x0000000712200000| Untracked 
| 106|0x0000000712400000, 0x0000000712400000, 0x0000000712600000|  0%| F|  |TAMS 0x0000000712400000, 0x0000000712400000| Untracked 
| 107|0x0000000712600000, 0x0000000712600000, 0x0000000712800000|  0%| F|  |TAMS 0x0000000712600000, 0x0000000712600000| Untracked 
| 108|0x0000000712800000, 0x0000000712800000, 0x0000000712a00000|  0%| F|  |TAMS 0x0000000712800000, 0x0000000712800000| Untracked 
| 109|0x0000000712a00000, 0x0000000712a00000, 0x0000000712c00000|  0%| F|  |TAMS 0x0000000712a00000, 0x0000000712a00000| Untracked 
| 110|0x0000000712c00000, 0x0000000712c00000, 0x0000000712e00000|  0%| F|  |TAMS 0x0000000712c00000, 0x0000000712c00000| Untracked 
| 111|0x0000000712e00000, 0x0000000712e00000, 0x0000000713000000|  0%| F|  |TAMS 0x0000000712e00000, 0x0000000712e00000| Untracked 
| 112|0x0000000713000000, 0x0000000713000000, 0x0000000713200000|  0%| F|  |TAMS 0x0000000713000000, 0x0000000713000000| Untracked 
| 113|0x0000000713200000, 0x0000000713200000, 0x0000000713400000|  0%| F|  |TAMS 0x0000000713200000, 0x0000000713200000| Untracked 
| 114|0x0000000713400000, 0x0000000713400000, 0x0000000713600000|  0%| F|  |TAMS 0x0000000713400000, 0x0000000713400000| Untracked 
| 115|0x0000000713600000, 0x0000000713600000, 0x0000000713800000|  0%| F|  |TAMS 0x0000000713600000, 0x0000000713600000| Untracked 
| 116|0x0000000713800000, 0x0000000713800000, 0x0000000713a00000|  0%| F|  |TAMS 0x0000000713800000, 0x0000000713800000| Untracked 
| 117|0x0000000713a00000, 0x0000000713a00000, 0x0000000713c00000|  0%| F|  |TAMS 0x0000000713a00000, 0x0000000713a00000| Untracked 
| 118|0x0000000713c00000, 0x0000000713c00000, 0x0000000713e00000|  0%| F|  |TAMS 0x0000000713c00000, 0x0000000713c00000| Untracked 
| 119|0x0000000713e00000, 0x0000000713e00000, 0x0000000714000000|  0%| F|  |TAMS 0x0000000713e00000, 0x0000000713e00000| Untracked 
| 120|0x0000000714000000, 0x0000000714000000, 0x0000000714200000|  0%| F|  |TAMS 0x0000000714000000, 0x0000000714000000| Untracked 
| 121|0x0000000714200000, 0x0000000714200000, 0x0000000714400000|  0%| F|  |TAMS 0x0000000714200000, 0x0000000714200000| Untracked 
| 122|0x0000000714400000, 0x0000000714400000, 0x0000000714600000|  0%| F|  |TAMS 0x0000000714400000, 0x0000000714400000| Untracked 
| 123|0x0000000714600000, 0x0000000714600000, 0x0000000714800000|  0%| F|  |TAMS 0x0000000714600000, 0x0000000714600000| Untracked 
| 124|0x0000000714800000, 0x0000000714800000, 0x0000000714a00000|  0%| F|  |TAMS 0x0000000714800000, 0x0000000714800000| Untracked 
| 125|0x0000000714a00000, 0x0000000714b00800, 0x0000000714c00000| 50%| E|  |TAMS 0x0000000714a00000, 0x0000000714a00000| Complete 

Card table byte_map: [0x000002a200000000,0x000002a2007e0000] _byte_map_base: 0x000002a1fc7d8000

Marking Bits (Prev, Next): (CMBitMap*) 0x000002a268323ae0, (CMBitMap*) 0x000002a268323b20
 Prev Bits: [0x000002a200fc0000, 0x000002a204e80000)
 Next Bits: [0x000002a204e80000, 0x000002a208d40000)

Polling page: 0x000002a265f50000

Metaspace:

Usage:
  Non-class:     14.73 MB used.
      Class:      1.48 MB used.
       Both:     16.21 MB used.

Virtual space:
  Non-class space:       16.00 MB reserved,      14.94 MB ( 93%) committed,  2 nodes.
      Class space:        1.00 GB reserved,       1.62 MB ( <1%) committed,  1 nodes.
             Both:        1.02 GB reserved,      16.56 MB (  2%) committed. 

Chunk freelists:
   Non-Class:  688.00 KB
       Class:  2.42 MB
        Both:  3.09 MB

MaxMetaspaceSize: unlimited
CompressedClassSpaceSize: 1.00 GB
Initial GC threshold: 21.00 MB
Current GC threshold: 21.00 MB
CDS: on
MetaspaceReclaimPolicy: balanced
 - commit_granule_bytes: 65536.
 - commit_granule_words: 8192.
 - virtual_space_node_default_size: 1048576.
 - enlarge_chunks_in_place: 1.
 - new_chunks_are_fully_committed: 0.
 - uncommit_free_chunks: 1.
 - use_allocation_guard: 0.
 - handle_deallocations: 1.


Internal statistics:

num_allocs_failed_limit: 0.
num_arena_births: 350.
num_arena_deaths: 0.
num_vsnodes_births: 3.
num_vsnodes_deaths: 0.
num_space_committed: 259.
num_space_uncommitted: 0.
num_chunks_returned_to_freelist: 0.
num_chunks_taken_from_freelist: 845.
num_chunk_merges: 0.
num_chunk_splits: 517.
num_chunks_enlarged: 298.
num_purges: 0.
num_inconsistent_stats: 0.

CodeHeap 'non-profiled nmethods': size=119168Kb used=2030Kb max_used=2030Kb free=117137Kb
 bounds [0x000002a2776d0000, 0x000002a277940000, 0x000002a27eb30000]
CodeHeap 'profiled nmethods': size=119104Kb used=7323Kb max_used=7323Kb free=111780Kb
 bounds [0x000002a270280000, 0x000002a2709b0000, 0x000002a2776d0000]
CodeHeap 'non-nmethods': size=7488Kb used=1716Kb max_used=3457Kb free=5771Kb
 bounds [0x000002a26fb30000, 0x000002a26fea0000, 0x000002a270280000]
 total_blobs=4647 nmethods=3486 adapters=1073
 compilation: enabled
              stopped_count=0, restarted_count=0
 full_count=0

Compilation events (20 events):
Event: 8.902 Thread 0x000002a211d64420 nmethod 3468 0x000002a27099c590 code [0x000002a27099c7c0, 0x000002a27099cca8]
Event: 8.902 Thread 0x000002a212201700 3469       3       com.kronos.graphixs.FrameBuffer::bindTexture (13 bytes)
Event: 8.902 Thread 0x000002a2122011f0 3470       3       com.kronos.graphixs.FrameBuffer::unbindTexture (10 bytes)
Event: 8.902 Thread 0x000002a211d64420 3471       3       org.lwjglx.debug.$Proxy$1::createByteBuffer5 (31 bytes)
Event: 8.902 Thread 0x000002a212201700 nmethod 3469 0x000002a27099cf10 code [0x000002a27099d0a0, 0x000002a27099d1e8]
Event: 8.902 Thread 0x000002a2122011f0 nmethod 3470 0x000002a27099d290 code [0x000002a27099d420, 0x000002a27099d568]
Event: 8.902 Thread 0x000002a212201700 3472       3       org.lwjglx.debug.$Proxy$1::glReadPixels6 (109 bytes)
Event: 8.902 Thread 0x000002a2122011f0 3473       3       org.lwjgl.opengl.GL11::glReadPixels (14 bytes)
Event: 8.902 Thread 0x000002a20c407fe0 nmethod 3463 0x000002a27099d610 code [0x000002a27099da40, 0x000002a27099f2f8]
Event: 8.902 Thread 0x000002a20c407fe0 3474       3       org.lwjgl.opengl.GL11C::glReadPixels (17 bytes)
Event: 8.902 Thread 0x000002a2122011f0 nmethod 3473 0x000002a27099fc90 code [0x000002a27099fe20, 0x000002a27099ff48]
Event: 8.902 Thread 0x000002a20c407fe0 nmethod 3474 0x000002a2709a0010 code [0x000002a2709a01c0, 0x000002a2709a0448]
Event: 8.902 Thread 0x000002a211d64420 nmethod 3471 0x000002a2709a0610 code [0x000002a2709a0880, 0x000002a2709a10f8]
Event: 8.902 Thread 0x000002a212201700 nmethod 3472 0x000002a2709a1490 code [0x000002a2709a18e0, 0x000002a2709a31f8]
Event: 8.921 Thread 0x000002a212201700 3476       3       java.nio.DirectByteBuffer$Deallocator::<init> (41 bytes)
Event: 8.921 Thread 0x000002a212201700 nmethod 3476 0x000002a2709a3d10 code [0x000002a2709a3ea0, 0x000002a2709a4018]
Event: 10.069 Thread 0x000002a20c407630 3477       4       java.util.concurrent.ConcurrentHashMap$TreeBin::balanceDeletion (492 bytes)
Event: 10.090 Thread 0x000002a20c407630 nmethod 3477 0x000002a2778c8410 code [0x000002a2778c85c0, 0x000002a2778ca8c8]
Event: 10.641 Thread 0x000002a20c407630 3478       4       java.lang.ref.Reference::<init> (25 bytes)
Event: 10.642 Thread 0x000002a20c407630 nmethod 3478 0x000002a2778cad90 code [0x000002a2778caf00, 0x000002a2778cb138]

GC Heap History (8 events):
Event: 0.204 GC heap before
{Heap before GC invocations=0 (full 0):
 garbage-first heap   total 258048K, used 20480K [0x0000000705000000, 0x0000000800000000)
  region size 2048K, 11 young (22528K), 0 survivors (0K)
 Metaspace       used 3142K, committed 3328K, reserved 1056768K
  class space    used 115K, committed 192K, reserved 1048576K
}
Event: 0.206 GC heap after
{Heap after GC invocations=1 (full 0):
 garbage-first heap   total 258048K, used 4183K [0x0000000705000000, 0x0000000800000000)
  region size 2048K, 2 young (4096K), 2 survivors (4096K)
 Metaspace       used 3142K, committed 3328K, reserved 1056768K
  class space    used 115K, committed 192K, reserved 1048576K
}
Event: 0.491 GC heap before
{Heap before GC invocations=1 (full 0):
 garbage-first heap   total 258048K, used 32855K [0x0000000705000000, 0x0000000800000000)
  region size 2048K, 17 young (34816K), 2 survivors (4096K)
 Metaspace       used 9217K, committed 9472K, reserved 1064960K
  class space    used 837K, committed 960K, reserved 1048576K
}
Event: 0.494 GC heap after
{Heap after GC invocations=2 (full 0):
 garbage-first heap   total 258048K, used 6382K [0x0000000705000000, 0x0000000800000000)
  region size 2048K, 2 young (4096K), 2 survivors (4096K)
 Metaspace       used 9217K, committed 9472K, reserved 1064960K
  class space    used 837K, committed 960K, reserved 1048576K
}
Event: 4.998 GC heap before
{Heap before GC invocations=2 (full 0):
 garbage-first heap   total 258048K, used 153838K [0x0000000705000000, 0x0000000800000000)
  region size 2048K, 75 young (153600K), 2 survivors (4096K)
 Metaspace       used 16547K, committed 16832K, reserved 1064960K
  class space    used 1513K, committed 1664K, reserved 1048576K
}
Event: 5.001 GC heap after
{Heap after GC invocations=3 (full 0):
 garbage-first heap   total 258048K, used 8908K [0x0000000705000000, 0x0000000800000000)
  region size 2048K, 3 young (6144K), 3 survivors (6144K)
 Metaspace       used 16547K, committed 16832K, reserved 1064960K
  class space    used 1513K, committed 1664K, reserved 1048576K
}
Event: 11.258 GC heap before
{Heap before GC invocations=3 (full 0):
 garbage-first heap   total 258048K, used 156364K [0x0000000705000000, 0x0000000800000000)
  region size 2048K, 75 young (153600K), 3 survivors (6144K)
 Metaspace       used 16596K, committed 16960K, reserved 1064960K
  class space    used 1513K, committed 1664K, reserved 1048576K
}
Event: 11.261 GC heap after
{Heap after GC invocations=4 (full 0):
 garbage-first heap   total 258048K, used 8902K [0x0000000705000000, 0x0000000800000000)
  region size 2048K, 3 young (6144K), 3 survivors (6144K)
 Metaspace       used 16596K, committed 16960K, reserved 1064960K
  class space    used 1513K, committed 1664K, reserved 1048576K
}

Deoptimization events (20 events):
Event: 0.984 Thread 0x000002a2682d3ac0 DEOPT PACKING pc=0x000002a27780bddc sp=0x000000abc3dfe830
Event: 0.984 Thread 0x000002a2682d3ac0 DEOPT UNPACKING pc=0x000002a26fb85c23 sp=0x000000abc3dfe7b8 mode 2
Event: 1.009 Thread 0x000002a2682d3ac0 Uncommon trap: trap_request=0xffffff45 fr.pc=0x000002a27778d8dc relative=0x000000000000023c
Event: 1.009 Thread 0x000002a2682d3ac0 Uncommon trap: reason=unstable_if action=reinterpret pc=0x000002a27778d8dc method=jdk.internal.org.objectweb.asm.Frame.push(I)V @ 26 c2
Event: 1.009 Thread 0x000002a2682d3ac0 DEOPT PACKING pc=0x000002a27778d8dc sp=0x000000abc3dfd180
Event: 1.009 Thread 0x000002a2682d3ac0 DEOPT UNPACKING pc=0x000002a26fb85c23 sp=0x000000abc3dfd128 mode 2
Event: 1.010 Thread 0x000002a2682d3ac0 Uncommon trap: trap_request=0xffffff45 fr.pc=0x000002a2777750e8 relative=0x0000000000000ec8
Event: 1.010 Thread 0x000002a2682d3ac0 Uncommon trap: reason=unstable_if action=reinterpret pc=0x000002a2777750e8 method=java.util.concurrent.ConcurrentHashMap.putVal(Ljava/lang/Object;Ljava/lang/Object;Z)Ljava/lang/Object; @ 401 c2
Event: 1.010 Thread 0x000002a2682d3ac0 DEOPT PACKING pc=0x000002a2777750e8 sp=0x000000abc3dfeb00
Event: 1.010 Thread 0x000002a2682d3ac0 DEOPT UNPACKING pc=0x000002a26fb85c23 sp=0x000000abc3dfea80 mode 2
Event: 1.074 Thread 0x000002a2682d3ac0 DEOPT PACKING pc=0x000002a2704ff965 sp=0x000000abc3dfbb60
Event: 1.074 Thread 0x000002a2682d3ac0 DEOPT UNPACKING pc=0x000002a26fb86763 sp=0x000000abc3dfb020 mode 0
Event: 1.078 Thread 0x000002a2682d3ac0 DEOPT PACKING pc=0x000002a2704ff965 sp=0x000000abc3dfbb60
Event: 1.078 Thread 0x000002a2682d3ac0 DEOPT UNPACKING pc=0x000002a26fb86763 sp=0x000000abc3dfb020 mode 0
Event: 1.126 Thread 0x000002a2682d3ac0 DEOPT PACKING pc=0x000002a270684004 sp=0x000000abc3dfe090
Event: 1.126 Thread 0x000002a2682d3ac0 DEOPT UNPACKING pc=0x000002a26fb86763 sp=0x000000abc3dfd540 mode 3
Event: 1.573 Thread 0x000002a2682d3ac0 Uncommon trap: trap_request=0xffffffcc fr.pc=0x000002a277867024 relative=0x00000000000013c4
Event: 1.573 Thread 0x000002a2682d3ac0 Uncommon trap: reason=intrinsic_or_type_checked_inlining action=make_not_entrant pc=0x000002a277867024 method=java.util.stream.SpinedBuffer.copyInto([Ljava/lang/Object;I)V @ 51 c2
Event: 1.573 Thread 0x000002a2682d3ac0 DEOPT PACKING pc=0x000002a277867024 sp=0x000000abc3dfc580
Event: 1.574 Thread 0x000002a2682d3ac0 DEOPT UNPACKING pc=0x000002a26fb85c23 sp=0x000000abc3dfc1f0 mode 2

Classes unloaded (0 events):
No events

Classes redefined (0 events):
No events

Internal exceptions (20 events):
Event: 0.586 Thread 0x000002a2682d3ac0 Exception <a 'java/lang/NoSuchMethodError'{0x000000071430e940}: 'float java.lang.invoke.DirectMethodHandle$Holder.invokeInterface(java.lang.Object, java.lang.Object)'> (0x000000071430e940) 
thrown [t:\workspace\open\src\hotspot\share\interpreter\linkResolver.cpp, line 766]
Event: 0.587 Thread 0x000002a2682d3ac0 Exception <a 'java/lang/NoSuchMethodError'{0x0000000714317cc0}: 'double java.lang.invoke.DirectMethodHandle$Holder.invokeInterface(java.lang.Object, java.lang.Object)'> (0x0000000714317cc0) 
thrown [t:\workspace\open\src\hotspot\share\interpreter\linkResolver.cpp, line 766]
Event: 0.606 Thread 0x000002a2682d3ac0 Exception <a 'java/lang/IncompatibleClassChangeError'{0x000000071414a5b0}: Found class java.lang.Object, but interface was expected> (0x000000071414a5b0) 
thrown [t:\workspace\open\src\hotspot\share\interpreter\linkResolver.cpp, line 833]
Event: 0.660 Thread 0x000002a2682d3ac0 Implicit null exception at 0x000002a277753f61 to 0x000002a277755216
Event: 0.660 Thread 0x000002a2682d3ac0 Implicit null exception at 0x000002a27775d40f to 0x000002a27775d489
Event: 0.684 Thread 0x000002a2682d3ac0 Exception <a 'sun/nio/fs/WindowsException'{0x0000000713765908}> (0x0000000713765908) 
thrown [t:\workspace\open\src\hotspot\share\prims\jni.cpp, line 516]
Event: 0.684 Thread 0x000002a2682d3ac0 Exception <a 'sun/nio/fs/WindowsException'{0x0000000713767090}> (0x0000000713767090) 
thrown [t:\workspace\open\src\hotspot\share\prims\jni.cpp, line 516]
Event: 0.708 Thread 0x000002a2682d3ac0 Exception <a 'sun/nio/fs/WindowsException'{0x000000071342f4b8}> (0x000000071342f4b8) 
thrown [t:\workspace\open\src\hotspot\share\prims\jni.cpp, line 516]
Event: 0.708 Thread 0x000002a2682d3ac0 Exception <a 'sun/nio/fs/WindowsException'{0x000000071342f818}> (0x000000071342f818) 
thrown [t:\workspace\open\src\hotspot\share\prims\jni.cpp, line 516]
Event: 0.712 Thread 0x000002a2682d3ac0 Exception <a 'java/lang/NoSuchMethodError'{0x0000000713496ba0}: 'int java.lang.invoke.DirectMethodHandle$Holder.invokeStaticInit(java.lang.Object, java.lang.Object, int, long)'> (0x0000000713496ba0) 
thrown [t:\workspace\open\src\hotspot\share\interpreter\linkResolver.cpp, line 766]
Event: 0.713 Thread 0x000002a2682d3ac0 Exception <a 'java/lang/NoSuchMethodError'{0x00000007134a90d8}: 'int java.lang.invoke.DirectMethodHandle$Holder.invokeStaticInit(java.lang.Object, java.lang.Object, long, long)'> (0x00000007134a90d8) 
thrown [t:\workspace\open\src\hotspot\share\interpreter\linkResolver.cpp, line 766]
Event: 0.713 Thread 0x000002a2682d3ac0 Exception <a 'java/lang/NoSuchMethodError'{0x00000007134af030}: 'java.lang.Object java.lang.invoke.DirectMethodHandle$Holder.newInvokeSpecial(java.lang.Object, java.lang.Object, long)'> (0x00000007134af030) 
thrown [t:\workspace\open\src\hotspot\share\interpreter\linkResolver.cpp, line 766]
Event: 0.714 Thread 0x000002a2682d3ac0 Exception <a 'java/lang/NoSuchMethodError'{0x00000007134b2ba0}: 'java.lang.Object java.lang.invoke.Invokers$Holder.linkToTargetMethod(java.lang.Object, long, java.lang.Object)'> (0x00000007134b2ba0) 
thrown [t:\workspace\open\src\hotspot\share\interpreter\linkResolver.cpp, line 766]
Event: 0.714 Thread 0x000002a2682d3ac0 Exception <a 'java/lang/NoSuchMethodError'{0x00000007134ba318}: 'int java.lang.invoke.DirectMethodHandle$Holder.invokeStaticInit(java.lang.Object, java.lang.Object, java.lang.Object, long)'> (0x00000007134ba318) 
thrown [t:\workspace\open\src\hotspot\share\interpreter\linkResolver.cpp, line 766]
Event: 0.978 Thread 0x000002a2682d3ac0 Exception <a 'sun/nio/fs/WindowsException'{0x0000000712bd7000}> (0x0000000712bd7000) 
thrown [t:\workspace\open\src\hotspot\share\prims\jni.cpp, line 516]
Event: 0.978 Thread 0x000002a2682d3ac0 Exception <a 'sun/nio/fs/WindowsException'{0x0000000712bd73a0}> (0x0000000712bd73a0) 
thrown [t:\workspace\open\src\hotspot\share\prims\jni.cpp, line 516]
Event: 0.980 Thread 0x000002a2682d3ac0 Exception <a 'sun/nio/fs/WindowsException'{0x0000000712be1e68}> (0x0000000712be1e68) 
thrown [t:\workspace\open\src\hotspot\share\prims\jni.cpp, line 516]
Event: 0.980 Thread 0x000002a2682d3ac0 Exception <a 'sun/nio/fs/WindowsException'{0x0000000712be2138}> (0x0000000712be2138) 
thrown [t:\workspace\open\src\hotspot\share\prims\jni.cpp, line 516]
Event: 1.113 Thread 0x000002a2682d3ac0 Exception <a 'sun/nio/fs/WindowsException'{0x00000007113e93c8}> (0x00000007113e93c8) 
thrown [t:\workspace\open\src\hotspot\share\prims\jni.cpp, line 516]
Event: 1.113 Thread 0x000002a2682d3ac0 Exception <a 'sun/nio/fs/WindowsException'{0x00000007113e9748}> (0x00000007113e9748) 
thrown [t:\workspace\open\src\hotspot\share\prims\jni.cpp, line 516]

VM Operations (20 events):
Event: 2.005 Executing VM operation: ICBufferFull
Event: 2.005 Executing VM operation: ICBufferFull done
Event: 2.045 Executing VM operation: ICBufferFull
Event: 2.045 Executing VM operation: ICBufferFull done
Event: 2.086 Executing VM operation: ICBufferFull
Event: 2.086 Executing VM operation: ICBufferFull done
Event: 2.128 Executing VM operation: ICBufferFull
Event: 2.128 Executing VM operation: ICBufferFull done
Event: 2.167 Executing VM operation: ICBufferFull
Event: 2.167 Executing VM operation: ICBufferFull done
Event: 2.206 Executing VM operation: ICBufferFull
Event: 2.206 Executing VM operation: ICBufferFull done
Event: 3.208 Executing VM operation: Cleanup
Event: 3.208 Executing VM operation: Cleanup done
Event: 4.215 Executing VM operation: Cleanup
Event: 4.215 Executing VM operation: Cleanup done
Event: 4.997 Executing VM operation: G1CollectForAllocation
Event: 5.001 Executing VM operation: G1CollectForAllocation done
Event: 11.258 Executing VM operation: G1CollectForAllocation
Event: 11.261 Executing VM operation: G1CollectForAllocation done

Events (20 events):
Event: 1.029 loading class jdk/internal/reflect/UnsafeQualifiedBooleanFieldAccessorImpl done
Event: 1.078 Thread 0x000002a211a0f210 Thread added: 0x000002a211a0f210
Event: 1.092 Thread 0x000002a211ee5fb0 Thread added: 0x000002a211ee5fb0
Event: 1.114 Loaded shared library C:\Users\big_r\AppData\Local\Temp\lwjgl_big_r\3.3.3+5\x64\lwjgl_stb.dll
Event: 1.125 loading class java/util/concurrent/ConcurrentHashMap$TreeNode
Event: 1.125 loading class java/util/concurrent/ConcurrentHashMap$TreeNode done
Event: 1.125 loading class java/util/concurrent/ConcurrentHashMap$TreeBin
Event: 1.125 loading class java/util/concurrent/ConcurrentHashMap$TreeBin done
Event: 1.500 Thread 0x000002a211ee5fb0 Thread exited: 0x000002a211ee5fb0
Event: 2.187 Thread 0x000002a211a0f210 Thread exited: 0x000002a211a0f210
Event: 2.322 Thread 0x000002a20db58ad0 Thread exited: 0x000002a20db58ad0
Event: 4.255 Thread 0x000002a20c5092a0 Thread exited: 0x000002a20c5092a0
Event: 4.255 Thread 0x000002a20c52c030 Thread exited: 0x000002a20c52c030
Event: 4.255 Thread 0x000002a20c509860 Thread exited: 0x000002a20c509860
Event: 8.901 Thread 0x000002a211d64420 Thread added: 0x000002a211d64420
Event: 8.901 Thread 0x000002a2122011f0 Thread added: 0x000002a2122011f0
Event: 8.901 Thread 0x000002a212201700 Thread added: 0x000002a212201700
Event: 10.068 Thread 0x000002a212201700 Thread exited: 0x000002a212201700
Event: 10.069 Thread 0x000002a2122011f0 Thread exited: 0x000002a2122011f0
Event: 10.069 Thread 0x000002a211d64420 Thread exited: 0x000002a211d64420


Dynamic libraries:
0x00007ff692ef0000 - 0x00007ff692f00000 	C:\Program Files\Java\jdk-17.0.2\bin\javaw.exe
0x00007ff9eef10000 - 0x00007ff9ef108000 	C:\Windows\SYSTEM32\ntdll.dll
0x00007ff9ed1e0000 - 0x00007ff9ed29d000 	C:\Windows\System32\KERNEL32.DLL
0x00007ff9ec6e0000 - 0x00007ff9ec9d6000 	C:\Windows\System32\KERNELBASE.dll
0x00007ff9ec9e0000 - 0x00007ff9ecae0000 	C:\Windows\System32\ucrtbase.dll
0x00007ff9e1920000 - 0x00007ff9e1938000 	C:\Program Files\Java\jdk-17.0.2\bin\jli.dll
0x00007ff9e1900000 - 0x00007ff9e191a000 	C:\Program Files\Java\jdk-17.0.2\bin\VCRUNTIME140.dll
0x00007ff9ed2a0000 - 0x00007ff9ed34e000 	C:\Windows\System32\ADVAPI32.dll
0x00007ff9ed0b0000 - 0x00007ff9ed14e000 	C:\Windows\System32\msvcrt.dll
0x00007ff9ee070000 - 0x00007ff9ee10c000 	C:\Windows\System32\sechost.dll
0x00007ff9ee340000 - 0x00007ff9ee466000 	C:\Windows\System32\RPCRT4.dll
0x00007ff9ee140000 - 0x00007ff9ee2de000 	C:\Windows\System32\USER32.dll
0x00007ff9ecdb0000 - 0x00007ff9ecdd2000 	C:\Windows\System32\win32u.dll
0x00007ff9ee110000 - 0x00007ff9ee13c000 	C:\Windows\System32\GDI32.dll
0x00007ff9d14a0000 - 0x00007ff9d173a000 	C:\Windows\WinSxS\amd64_microsoft.windows.common-controls_6595b64144ccf1df_6.0.19041.1110_none_60b5254171f9507e\COMCTL32.dll
0x00007ff9ecbe0000 - 0x00007ff9eccfa000 	C:\Windows\System32\gdi32full.dll
0x00007ff9ec5f0000 - 0x00007ff9ec68d000 	C:\Windows\System32\msvcp_win.dll
0x00007ff9e26a0000 - 0x00007ff9e26aa000 	C:\Windows\SYSTEM32\VERSION.dll
0x00007ff9eeb40000 - 0x00007ff9eeb70000 	C:\Windows\System32\IMM32.DLL
0x00007ff9e6af0000 - 0x00007ff9e6afc000 	C:\Program Files\Java\jdk-17.0.2\bin\vcruntime140_1.dll
0x00007ff9cd100000 - 0x00007ff9cd18d000 	C:\Program Files\Java\jdk-17.0.2\bin\msvcp140.dll
0x00007ff984c60000 - 0x00007ff985821000 	C:\Program Files\Java\jdk-17.0.2\bin\server\jvm.dll
0x00007ff9ed1d0000 - 0x00007ff9ed1d8000 	C:\Windows\System32\PSAPI.DLL
0x00007ff9c77b0000 - 0x00007ff9c77b9000 	C:\Windows\SYSTEM32\WSOCK32.dll
0x00007ff9e70f0000 - 0x00007ff9e7117000 	C:\Windows\SYSTEM32\WINMM.dll
0x00007ff9ed5d0000 - 0x00007ff9ed63b000 	C:\Windows\System32\WS2_32.dll
0x00007ff9eae10000 - 0x00007ff9eae22000 	C:\Windows\SYSTEM32\kernel.appcore.dll
0x00007ff9c7140000 - 0x00007ff9c714a000 	C:\Program Files\Java\jdk-17.0.2\bin\jimage.dll
0x00007ff9ea410000 - 0x00007ff9ea5f4000 	C:\Windows\SYSTEM32\DBGHELP.DLL
0x00007ff9e70b0000 - 0x00007ff9e70e4000 	C:\Windows\SYSTEM32\dbgcore.DLL
0x00007ff9ecb50000 - 0x00007ff9ecbd2000 	C:\Windows\System32\bcryptPrimitives.dll
0x00007ff9e3b60000 - 0x00007ff9e3b6e000 	C:\Program Files\Java\jdk-17.0.2\bin\instrument.dll
0x00007ff9c67f0000 - 0x00007ff9c6815000 	C:\Program Files\Java\jdk-17.0.2\bin\java.dll
0x00007ff9a9910000 - 0x00007ff9a99e6000 	C:\Program Files\Java\jdk-17.0.2\bin\jsvml.dll
0x00007ff9ed640000 - 0x00007ff9edd85000 	C:\Windows\System32\SHELL32.dll
0x00007ff9ea660000 - 0x00007ff9eadfb000 	C:\Windows\SYSTEM32\windows.storage.dll
0x00007ff9eeb70000 - 0x00007ff9eeec4000 	C:\Windows\System32\combase.dll
0x00007ff9ec030000 - 0x00007ff9ec05e000 	C:\Windows\SYSTEM32\Wldp.dll
0x00007ff9ecf70000 - 0x00007ff9ed01d000 	C:\Windows\System32\SHCORE.dll
0x00007ff9eea30000 - 0x00007ff9eea85000 	C:\Windows\System32\shlwapi.dll
0x00007ff9ec520000 - 0x00007ff9ec545000 	C:\Windows\SYSTEM32\profapi.dll
0x00007ff9c0a30000 - 0x00007ff9c0a48000 	C:\Program Files\Java\jdk-17.0.2\bin\zip.dll
0x00007ff9c33d0000 - 0x00007ff9c33e9000 	C:\Program Files\Java\jdk-17.0.2\bin\net.dll
0x00007ff9e4560000 - 0x00007ff9e466a000 	C:\Windows\SYSTEM32\WINHTTP.dll
0x00007ff9ebd90000 - 0x00007ff9ebdfa000 	C:\Windows\system32\mswsock.dll
0x00007ff9c0a50000 - 0x00007ff9c0a66000 	C:\Program Files\Java\jdk-17.0.2\bin\nio.dll
0x00007ff9c70c0000 - 0x00007ff9c70d0000 	C:\Program Files\Java\jdk-17.0.2\bin\verify.dll
0x00007ff9bfc00000 - 0x00007ff9bfc17000 	C:\Windows\system32\napinsp.dll
0x00007ff9bfbe0000 - 0x00007ff9bfbfb000 	C:\Windows\system32\pnrpnsp.dll
0x00007ff9e5ce0000 - 0x00007ff9e5cf5000 	C:\Windows\system32\wshbth.dll
0x00007ff9e4530000 - 0x00007ff9e454d000 	C:\Windows\system32\NLAapi.dll
0x00007ff9eba30000 - 0x00007ff9eba6b000 	C:\Windows\SYSTEM32\IPHLPAPI.DLL
0x00007ff9ebac0000 - 0x00007ff9ebb8a000 	C:\Windows\SYSTEM32\DNSAPI.dll
0x00007ff9ee5b0000 - 0x00007ff9ee5b8000 	C:\Windows\System32\NSI.dll
0x00007ff9bfbc0000 - 0x00007ff9bfbd2000 	C:\Windows\System32\winrnr.dll
0x00007ff9e2820000 - 0x00007ff9e282a000 	C:\Windows\System32\rasadhlp.dll
0x00007ff9e2210000 - 0x00007ff9e2292000 	C:\Windows\System32\fwpuclnt.dll
0x00007ff9ecde0000 - 0x00007ff9ece07000 	C:\Windows\System32\bcrypt.dll
0x00007ff9c5d20000 - 0x00007ff9c5d29000 	C:\Program Files\Java\jdk-17.0.2\bin\management.dll
0x00007ff9c5840000 - 0x00007ff9c584b000 	C:\Program Files\Java\jdk-17.0.2\bin\management_ext.dll
0x00007ff9cd010000 - 0x00007ff9cd08b000 	C:\Users\big_r\AppData\Local\Temp\lwjgl_big_r\3.3.3+5\x64\lwjgl.dll
0x00007ff9b8680000 - 0x00007ff9b8702000 	C:\Users\big_r\AppData\Local\Temp\lwjgl_big_r\3.3.3+5\x64\glfw.dll
0x00007ff9dffd0000 - 0x00007ff9e0015000 	C:\Windows\SYSTEM32\dinput8.dll
0x00007ff9da9d0000 - 0x00007ff9da9e1000 	C:\Windows\SYSTEM32\xinput1_4.dll
0x00007ff9ec690000 - 0x00007ff9ec6de000 	C:\Windows\System32\cfgmgr32.dll
0x00007ff9ec3a0000 - 0x00007ff9ec3d3000 	C:\Windows\SYSTEM32\DEVOBJ.dll
0x00007ff9e9d80000 - 0x00007ff9e9daf000 	C:\Windows\SYSTEM32\dwmapi.dll
0x00007ff9e1ad0000 - 0x00007ff9e1c22000 	C:\Windows\SYSTEM32\inputhost.dll
0x00007ff9ed500000 - 0x00007ff9ed5cd000 	C:\Windows\System32\OLEAUT32.dll
0x00007ff9e5d00000 - 0x00007ff9e5df2000 	C:\Windows\SYSTEM32\CoreMessaging.dll
0x00007ff9e5e00000 - 0x00007ff9e5f55000 	C:\Windows\SYSTEM32\wintypes.dll
0x00007ff9e67e0000 - 0x00007ff9e68d6000 	C:\Windows\SYSTEM32\PROPSYS.dll
0x00007ff9e5600000 - 0x00007ff9e595e000 	C:\Windows\SYSTEM32\CoreUIComponents.dll
0x00007ff9eb770000 - 0x00007ff9eb7a3000 	C:\Windows\SYSTEM32\ntmarta.dll
0x00007ff9e6f90000 - 0x00007ff9e702e000 	C:\Windows\system32\uxtheme.dll
0x00007ff9edf50000 - 0x00007ff9ee064000 	C:\Windows\System32\MSCTF.dll
0x00007ff9c5990000 - 0x00007ff9c5ab5000 	C:\Windows\SYSTEM32\opengl32.dll
0x00007ff9e29a0000 - 0x00007ff9e29cc000 	C:\Windows\SYSTEM32\GLU32.dll
0x00007ff9eea90000 - 0x00007ff9eeb39000 	C:\Windows\System32\clbcatq.dll
0x00007ff964b60000 - 0x00007ff968492000 	C:\Windows\System32\DriverStore\FileRepository\nvami.inf_amd64_c3ada5fb735825f0\nvoglv64.dll
0x00007ff9ee5c0000 - 0x00007ff9eea2e000 	C:\Windows\System32\SETUPAPI.dll
0x00007ff9edd90000 - 0x00007ff9edeba000 	C:\Windows\System32\ole32.dll
0x00007ff9e6c70000 - 0x00007ff9e6c84000 	C:\Windows\SYSTEM32\WTSAPI32.dll
0x00007ff9ec1c0000 - 0x00007ff9ec1d2000 	C:\Windows\SYSTEM32\msasn1.dll
0x00007ff9df7e0000 - 0x00007ff9df811000 	C:\Windows\SYSTEM32\cryptnet.dll
0x00007ff9ece10000 - 0x00007ff9ecf6e000 	C:\Windows\System32\CRYPT32.dll
0x00007ff9df680000 - 0x00007ff9df7c8000 	C:\Windows\SYSTEM32\drvstore.dll
0x00007ff9ebfa0000 - 0x00007ff9ebfac000 	C:\Windows\SYSTEM32\cryptbase.dll
0x00007ff9ecae0000 - 0x00007ff9ecb47000 	C:\Windows\System32\WINTRUST.dll
0x00007ff9e4460000 - 0x00007ff9e449b000 	C:\Windows\SYSTEM32\dxcore.dll
0x00007ff980430000 - 0x00007ff980701000 	C:\Windows\system32\nvspcap64.dll
0x00007ff9eba70000 - 0x00007ff9ebabb000 	C:\Windows\SYSTEM32\powrprof.dll
0x00007ff9eba10000 - 0x00007ff9eba22000 	C:\Windows\SYSTEM32\UMPDC.dll
0x00007ff9eb2c0000 - 0x00007ff9eb31b000 	C:\Windows\SYSTEM32\WINSTA.dll
0x00007ff9eae80000 - 0x00007ff9eaf73000 	C:\Windows\system32\dxgi.dll
0x00007ff9e4ae0000 - 0x00007ff9e4d43000 	C:\Windows\system32\d3d11.dll
0x00007ff9b8460000 - 0x00007ff9b851e000 	C:\Windows\System32\DriverStore\FileRepository\nvami.inf_amd64_c3ada5fb735825f0\nvldumdx.dll
0x00007ff9edf20000 - 0x00007ff9edf3d000 	C:\Windows\System32\imagehlp.dll
0x00007ff9ebf80000 - 0x00007ff9ebf98000 	C:\Windows\SYSTEM32\CRYPTSP.dll
0x00007ff9eb630000 - 0x00007ff9eb664000 	C:\Windows\system32\rsaenh.dll
0x00007ff9a0870000 - 0x00007ff9a3efd000 	C:\Windows\System32\DriverStore\FileRepository\nvami.inf_amd64_c3ada5fb735825f0\nvwgf2umx.dll
0x00007ff9dcfc0000 - 0x00007ff9dd72f000 	C:\Windows\SYSTEM32\nvapi64.dll
0x00007ff9dcc10000 - 0x00007ff9dcf88000 	C:\Windows\System32\DriverStore\FileRepository\iigd_dch.inf_amd64_a4e86d7e8f40267a\igd10iumd64.dll
0x00007ff9e6460000 - 0x00007ff9e64f1000 	C:\Windows\SYSTEM32\apphelp.dll
0x00007ff9dba20000 - 0x00007ff9dcc0f000 	C:\Windows\System32\DriverStore\FileRepository\iigd_dch.inf_amd64_a4e86d7e8f40267a\igd10um64xe.DLL
0x00007ff9df120000 - 0x00007ff9df15a000 	C:\Windows\SYSTEM32\ControlLib.dll
0x00007ff9db9a0000 - 0x00007ff9dba12000 	C:\Windows\System32\DriverStore\FileRepository\iigd_dch.inf_amd64_a4e86d7e8f40267a\IntelControlLib.dll
0x00007ff9db580000 - 0x00007ff9db992000 	C:\Windows\System32\DriverStore\FileRepository\iigd_dch.inf_amd64_a4e86d7e8f40267a\igdgmm64.dll
0x00007ff9d2c00000 - 0x00007ff9d7050000 	C:\Windows\System32\DriverStore\FileRepository\iigd_dch.inf_amd64_a4e86d7e8f40267a\igc64.dll
0x00007ff9e5410000 - 0x00007ff9e55f3000 	C:\Windows\SYSTEM32\dcomp.dll
0x00007ff9ad790000 - 0x00007ff9ad7ee000 	C:\Users\big_r\AppData\Local\Temp\lwjgl_big_r\3.3.3+5\x64\lwjgl_opengl.dll
0x00007ff9e19d0000 - 0x00007ff9e1aca000 	C:\Windows\SYSTEM32\textinputframework.dll
0x00007ff9aa400000 - 0x00007ff9aa482000 	C:\Users\big_r\AppData\Local\Temp\lwjgl_big_r\3.3.3+5\x64\lwjgl_stb.dll

dbghelp: loaded successfully - version: 4.0.5 - missing functions: none
symbol engine: initialized successfully - sym options: 0x614 - pdb path: .;C:\Program Files\Java\jdk-17.0.2\bin;C:\Windows\SYSTEM32;C:\Windows\WinSxS\amd64_microsoft.windows.common-controls_6595b64144ccf1df_6.0.19041.1110_none_60b5254171f9507e;C:\Program Files\Java\jdk-17.0.2\bin\server;C:\Users\big_r\AppData\Local\Temp\lwjgl_big_r\3.3.3+5\x64;C:\Windows\System32\DriverStore\FileRepository\nvami.inf_amd64_c3ada5fb735825f0;C:\Windows\System32\DriverStore\FileRepository\iigd_dch.inf_amd64_a4e86d7e8f40267a

VM Arguments:
jvm_args: -javaagent:lwjglx-debug-1.0.0.jar=t;o=trace.log -Dfile.encoding=windows-1252 -Dstdout.encoding=windows-1252 -Dstderr.encoding=windows-1252 -XX:+ShowCodeDetailsInExceptionMessages 
java_command: com.kronos.Testing
java_class_path (initial): C:\Users\big_r\OneDrive\Desktop\Kronos\target\classes;C:\Users\big_r\.m2\repository\org\apache\logging\log4j\log4j-core\3.0.0-alpha1\log4j-core-3.0.0-alpha1.jar;C:\Users\big_r\.m2\repository\org\apache\logging\log4j\log4j-api\3.0.0-alpha1\log4j-api-3.0.0-alpha1.jar;C:\Users\big_r\.m2\repository\org\apache\logging\log4j\log4j-plugins\3.0.0-alpha1\log4j-plugins-3.0.0-alpha1.jar;C:\Users\big_r\.m2\repository\javax\activation\javax.activation-api\1.2.0\javax.activation-api-1.2.0.jar;C:\Users\big_r\.m2\repository\javax\xml\bind\jaxb-api\2.3.1\jaxb-api-2.3.1.jar;C:\Users\big_r\.m2\repository\com\fasterxml\woodstox\woodstox-core\6.5.0\woodstox-core-6.5.0.jar;C:\Users\big_r\.m2\repository\org\codehaus\woodstox\stax2-api\4.2.1\stax2-api-4.2.1.jar;C:\Users\big_r\.m2\repository\com\google\code\gson\gson\2.10.1\gson-2.10.1.jar;C:\Users\big_r\.m2\repository\commons-io\commons-io\2.13.0\commons-io-2.13.0.jar;C:\Users\big_r\.m2\repository\org\apache\commons\commons-lang3\3.13.0\commons-lang3-3.13.0.jar;C:\Users\big_r\.m2\repository\org\lwjgl\lwjgl\3.3.3\lwjgl-3.3.3.jar;C:\Users\big_r\.m2\repository\org\lwjgl\lwjgl-assimp\3.3.3\lwjgl-assimp-3.3.3.jar;C:\Users\big_r\.m2\repository\org\lwjgl\lwjgl-bgfx\3.3.3\lwjgl-bgfx-3.3.3.jar;C:\Users\big_r\.m2\repository\org\lwjgl\lwjgl-glfw\3.3.3\lwjgl-glfw-3.3.3.jar;C:\Users\big_r\.m2\repository\org\lwjgl\lwjgl-nanovg\3.3.3\lwjgl-nanovg-3.3.3.jar;C:\Users\big_r\.m2\repository\org\lwjgl\lwjgl-nuklear\3.3.3\lwjgl-nuklear-3.3.3.jar;C:\Users\big_r\.m2\repository\org\lwjgl\lwjgl-openal\3.3.3\lwjgl-openal-3.3.3.jar;C:\Users\big_r\.m2\repository\org\lwjgl\lwjgl-opengl\3.3.3\lwjgl-opengl-3.3.3.jar;C:\Users\big_r\.m2\repository\org\lwjgl\lwjgl-par\3.3.3\lwjgl-par-3.3.3.jar;C:\Users\big_r\.m2\repository\org\lwjgl\lwjgl-remotery\3.3.3\lwjgl-remotery-3.3.3.jar;C:\Users\big_r\.m2\repository\org\lwjgl\lwjgl-shaderc\3.3.3\lwjgl-shaderc-3.3.3.jar;C:\Users\big_r\.m2\repository\org\lwjgl\lwjgl-stb\3.3.3\lwjgl-stb-3.3.3.jar;C:\Users\b
Launcher Type: SUN_STANDARD

[Global flags]
     intx CICompilerCount                          = 12                                        {product} {ergonomic}
     uint ConcGCThreads                            = 3                                         {product} {ergonomic}
     uint G1ConcRefinementThreads                  = 13                                        {product} {ergonomic}
   size_t G1HeapRegionSize                         = 2097152                                   {product} {ergonomic}
    uintx GCDrainStackTargetSize                   = 64                                        {product} {ergonomic}
   size_t InitialHeapSize                          = 264241152                                 {product} {ergonomic}
   size_t MarkStackSize                            = 4194304                                   {product} {ergonomic}
   size_t MaxHeapSize                              = 4211081216                                {product} {ergonomic}
   size_t MaxNewSize                               = 2524971008                                {product} {ergonomic}
   size_t MinHeapDeltaBytes                        = 2097152                                   {product} {ergonomic}
   size_t MinHeapSize                              = 8388608                                   {product} {ergonomic}
    uintx NonNMethodCodeHeapSize                   = 7602480                                {pd product} {ergonomic}
    uintx NonProfiledCodeHeapSize                  = 122027880                              {pd product} {ergonomic}
    uintx ProfiledCodeHeapSize                     = 122027880                              {pd product} {ergonomic}
    uintx ReservedCodeCacheSize                    = 251658240                              {pd product} {ergonomic}
     bool SegmentedCodeCache                       = true                                      {product} {ergonomic}
     bool ShowCodeDetailsInExceptionMessages       = true                                   {manageable} {command line}
   size_t SoftMaxHeapSize                          = 4211081216                             {manageable} {ergonomic}
     bool UseCompressedClassPointers               = true                           {product lp64_product} {ergonomic}
     bool UseCompressedOops                        = true                           {product lp64_product} {ergonomic}
     bool UseG1GC                                  = true                                      {product} {ergonomic}
     bool UseLargePagesIndividualAllocation        = false                                  {pd product} {ergonomic}

Logging:
Log output configuration:
 #0: stdout all=warning uptime,level,tags
 #1: stderr all=off uptime,level,tags

Environment Variables:
JAVA_HOME=C:\Program Files\Java\jdk-17.0.2\
PATH=C:/Program Files/Java/jdk-17.0.2/bin/server;C:/Program Files/Java/jdk-17.0.2/bin;C:\Program Files (x86)\apache-maven-3.9.1-bin\apache-maven-3.9.1\bin;C:\Program Files\dotnet\;C:\Program Files\NVIDIA Corporation\NVIDIA NvDLISR;C:\Windows\System32;;C:\Program Files\WorldPainter;C:\Users\big_r\OneDrive\Desktop;
USERNAME=big_r
OS=Windows_NT
PROCESSOR_IDENTIFIER=Intel64 Family 6 Model 141 Stepping 1, GenuineIntel



---------------  S Y S T E M  ---------------

OS:
 Windows 10 , 64 bit Build 19041 (10.0.19041.3393)
OS uptime: 13 days 16:52 hours

CPU: total 16 (initial active 16) (8 cores per cpu, 2 threads per core) family 6 model 141 stepping 1 microcode 0x2c, cx8, cmov, fxsr, ht, mmx, 3dnowpref, sse, sse2, sse3, ssse3, sse4.1, sse4.2, popcnt, lzcnt, tsc, tscinvbit, avx, avx2, aes, erms, clmul, bmi1, bmi2, adx, avx512f, avx512dq, avx512cd, avx512bw, avx512vl, sha, fma, vzeroupper, avx512_vpopcntdq, avx512_vpclmulqdq, avx512_vaes, avx512_vnni, clflush, clflushopt, clwb, avx512_vbmi2, avx512_vbmi

Memory: 4k page, system-wide physical 16061M (7085M free)
TotalPageFile size 25789M (AvailPageFile size 13891M)
current process WorkingSet (physical memory assigned to process): 305M, peak: 608M
current process commit charge ("private bytes"): 478M, peak: 783M

vm_info: Java HotSpot(TM) 64-Bit Server VM (17.0.2+8-LTS-86) for windows-amd64 JRE (17.0.2+8-LTS-86), built on Dec  7 2021 21:51:03 by "mach5one" with MS VC++ 16.8 / 16.9 (VS2019)

END.
