13:20:17.321 [main] INFO  com.kronos.Kronos - Dubugger created
13:20:17.332 [main] INFO  com.kronos.Kronos - Path Already Exists: /kronos/out Skipping
13:20:17.349 [main] DEBUG com.kronos.Kronos - Loaded Config
13:20:17.349 [main] DEBUG com.kronos.Kronos - Starting OPENGL
13:20:17.397 [main] DEBUG com.kronos.Kronos - GL Version: 3.4.0 Win32 WGL Null EGL OSMesa VisualC DLL 
13:20:17.398 [main] DEBUG com.kronos.Kronos - GL Started
13:20:17.401 [main] INFO  com.kronos.Kronos - Set Current ScreenConfig to {Width=[900], Height=[900], Title=[KronosTesting], ClearColor=[Color [r=1.0, g=1.0, b=1.0, a=1.0]], UpdateTime=[60], Hints=[{131076=0, 131075=1}]}
13:20:17.547 [main] INFO  com.kronos.Kronos - Frame Buffer Status Status: 36053 
13:20:17.548 [main] INFO  com.kronos.Kronos - Frame Buffer Status Status: 36053 
13:20:17.549 [main] INFO  com.kronos.Kronos - Frame Buffer Status Status: 36053 
13:20:17.595 [main] DEBUG com.kronos.Kronos - Shaders Loaded:
13:20:17.598 [main] DEBUG com.kronos.Kronos - Shader: texture, status? 
13:20:17.598 [main] DEBUG com.kronos.Kronos - Shader: pp_tex, status? 
13:20:17.628 [main] DEBUG com.kronos.Kronos - Color Color [r=1.0, g=1.0, b=1.0, a=1.0] 
13:20:17.806 [main] DEBUG com.kronos.Kronos - GL Error: 1282
13:20:17.851 [main] DEBUG com.kronos.Kronos - GL Error: 1282
13:20:17.858 [main] DEBUG com.kronos.Kronos - GL Error: 1282
13:20:17.869 [main] DEBUG com.kronos.Kronos - GL Error: 1282
13:20:17.885 [main] DEBUG com.kronos.Kronos - GL Error: 1282
13:20:17.916 [main] DEBUG com.kronos.Kronos - GL Error: 1282
13:20:17.922 [main] DEBUG com.kronos.Kronos - GL Error: 1282
13:20:17.934 [main] DEBUG com.kronos.Kronos - GL Error: 1282
13:20:17.951 [main] DEBUG com.kronos.Kronos - GL Error: 1282
13:20:17.968 [main] DEBUG com.kronos.Kronos - GL Error: 1282
13:20:17.985 [main] DEBUG com.kronos.Kronos - GL Error: 1282
