13:06:48.325 [main] INFO  com.kronos.Kronos - Dubugger created
13:06:48.337 [main] INFO  com.kronos.Kronos - Path Already Exists: /kronos/out Skipping
13:06:48.354 [main] DEBUG com.kronos.Kronos - Loaded Config
13:06:48.354 [main] DEBUG com.kronos.Kronos - Starting OPENGL
13:06:48.401 [main] DEBUG com.kronos.Kronos - GL Version: 3.4.0 Win32 WGL Null EGL OSMesa VisualC DLL 
13:06:48.401 [main] DEBUG com.kronos.Kronos - GL Started
13:06:48.404 [main] INFO  com.kronos.Kronos - Set Current ScreenConfig to {Width=[900], Height=[900], Title=[KronosTesting], ClearColor=[Color [r=1.0, g=1.0, b=1.0, a=1.0]], UpdateTime=[60], Hints=[{131076=0, 131075=1}]}
13:06:48.563 [main] INFO  com.kronos.Kronos - Frame Buffer Status Status: 36053 
13:06:48.564 [main] INFO  com.kronos.Kronos - Frame Buffer Status Status: 36053 
13:06:48.565 [main] INFO  com.kronos.Kronos - Frame Buffer Status Status: 36053 
13:06:48.610 [main] DEBUG com.kronos.Kronos - Shaders Loaded:
13:06:48.610 [main] DEBUG com.kronos.Kronos - Shader: texture, status? 
13:06:48.610 [main] DEBUG com.kronos.Kronos - Shader: pp_tex, status? 
13:06:48.659 [main] DEBUG com.kronos.Kronos - Color Color [r=1.0, g=1.0, b=1.0, a=1.0] 
13:06:48.845 [main] DEBUG com.kronos.Kronos - GL Error: 1282
13:06:48.905 [main] DEBUG com.kronos.Kronos - GL Error: 1282
13:06:48.912 [main] DEBUG com.kronos.Kronos - GL Error: 1282
13:06:48.933 [main] DEBUG com.kronos.Kronos - GL Error: 1282
13:06:48.941 [main] DEBUG com.kronos.Kronos - GL Error: 1282
13:06:48.973 [main] DEBUG com.kronos.Kronos - GL Error: 1282
13:06:48.979 [main] DEBUG com.kronos.Kronos - GL Error: 1282
13:06:48.996 [main] DEBUG com.kronos.Kronos - GL Error: 1282
