13:30:03.324 [main] INFO  com.kronos.Kronos - Dubugger created
13:30:03.336 [main] INFO  com.kronos.Kronos - Path Already Exists: /kronos/out Skipping
13:30:03.353 [main] DEBUG com.kronos.Kronos - Loaded Config
13:30:03.353 [main] DEBUG com.kronos.Kronos - Starting OPENGL
13:30:03.402 [main] DEBUG com.kronos.Kronos - GL Version: 3.4.0 Win32 WGL Null EGL OSMesa VisualC DLL 
13:30:03.402 [main] DEBUG com.kronos.Kronos - GL Started
13:30:03.405 [main] INFO  com.kronos.Kronos - Set Current ScreenConfig to {Width=[900], Height=[900], Title=[KronosTesting], ClearColor=[Color [r=1.0, g=1.0, b=1.0, a=1.0]], UpdateTime=[60], Hints=[{131075=1, 131076=0}]}
13:30:03.556 [main] INFO  com.kronos.Kronos - Frame Buffer Status Status: 36053 
13:30:03.557 [main] INFO  com.kronos.Kronos - Frame Buffer Status Status: 36053 
13:30:03.558 [main] INFO  com.kronos.Kronos - Frame Buffer Status Status: 36053 
13:30:03.589 [main] DEBUG com.kronos.Kronos - Shaders Loaded:
13:30:03.592 [main] DEBUG com.kronos.Kronos - Shader: texture, status? 
13:30:03.592 [main] DEBUG com.kronos.Kronos - Shader: pp_tex, status? 
13:30:03.681 [main] DEBUG com.kronos.Kronos - Color Color [r=1.0, g=1.0, b=1.0, a=1.0] 
13:30:03.847 [main] DEBUG com.kronos.Kronos - GL Error: 1282
13:30:03.907 [main] DEBUG com.kronos.Kronos - GL Error: 1282
13:30:03.914 [main] DEBUG com.kronos.Kronos - GL Error: 1282
13:30:03.922 [main] DEBUG com.kronos.Kronos - GL Error: 1282
13:30:03.940 [main] DEBUG com.kronos.Kronos - GL Error: 1282
13:30:03.968 [main] DEBUG com.kronos.Kronos - GL Error: 1282
13:30:03.974 [main] DEBUG com.kronos.Kronos - GL Error: 1282
13:30:03.986 [main] DEBUG com.kronos.Kronos - GL Error: 1282
