15:53:35.403 [main] INFO  com.kronos.Kronos - Dubugger created
15:53:35.414 [main] INFO  com.kronos.Kronos - Path Already Exists: /kronos/out Skipping
15:53:35.430 [main] DEBUG com.kronos.Kronos - Loaded Config
15:53:35.430 [main] DEBUG com.kronos.Kronos - Starting OPENGL
15:53:35.478 [main] DEBUG com.kronos.Kronos - GL Version: 3.4.0 Win32 WGL Null EGL OSMesa VisualC DLL 
15:53:35.479 [main] DEBUG com.kronos.Kronos - GL Started
15:53:35.481 [main] INFO  com.kronos.Kronos - Set Current ScreenConfig to {Width=[900], Height=[900], Title=[KronosTesting], ClearColor=[Color [r=1.0, g=1.0, b=1.0, a=1.0]], UpdateTime=[60], Hints=[{131076=0, 131075=1}]}
15:53:35.627 [main] INFO  com.kronos.Kronos - Frame Buffer Status Status: 36053 
15:53:35.628 [main] INFO  com.kronos.Kronos - Frame Buffer Status Status: 36053 
15:53:35.629 [main] INFO  com.kronos.Kronos - Frame Buffer Status Status: 36053 
15:53:35.659 [main] DEBUG com.kronos.Kronos - Shaders Loaded:
15:53:35.662 [main] DEBUG com.kronos.Kronos - Shader: texture, status? 
15:53:35.662 [main] DEBUG com.kronos.Kronos - Shader: pp_tex, status? 
15:53:35.753 [main] DEBUG com.kronos.Kronos - Color Color [r=1.0, g=1.0, b=1.0, a=1.0] 
15:53:35.800 [main] DEBUG com.kronos.Kronos - GL Error: 1282
15:53:35.832 [main] DEBUG com.kronos.Kronos - GL Error: 1282
15:53:35.836 [main] DEBUG com.kronos.Kronos - GL Error: 1282
15:53:35.853 [main] DEBUG com.kronos.Kronos - GL Error: 1282
15:53:35.858 [main] DEBUG com.kronos.Kronos - GL Error: 1282
15:53:35.875 [main] DEBUG com.kronos.Kronos - GL Error: 1282
15:53:35.892 [main] DEBUG com.kronos.Kronos - GL Error: 1282
15:53:35.908 [main] DEBUG com.kronos.Kronos - GL Error: 1282
15:53:35.925 [main] DEBUG com.kronos.Kronos - GL Error: 1282
15:53:35.943 [main] DEBUG com.kronos.Kronos - GL Error: 1282
15:53:35.957 [main] DEBUG com.kronos.Kronos - GL Error: 1282
15:53:35.974 [main] DEBUG com.kronos.Kronos - GL Error: 1282
15:53:35.992 [main] DEBUG com.kronos.Kronos - GL Error: 1282
