13:19:19.355 [main] INFO  com.kronos.Kronos - Dubugger created
13:19:19.366 [main] INFO  com.kronos.Kronos - Path Already Exists: /kronos/out Skipping
13:19:19.383 [main] DEBUG com.kronos.Kronos - Loaded Config
13:19:19.383 [main] DEBUG com.kronos.Kronos - Starting OPENGL
13:19:19.435 [main] DEBUG com.kronos.Kronos - GL Version: 3.4.0 Win32 WGL Null EGL OSMesa VisualC DLL 
13:19:19.435 [main] DEBUG com.kronos.Kronos - GL Started
13:19:19.438 [main] INFO  com.kronos.Kronos - Set Current ScreenConfig to {Width=[900], Height=[900], Title=[KronosTesting], ClearColor=[Color [r=1.0, g=1.0, b=1.0, a=1.0]], UpdateTime=[60], Hints=[{131076=0, 131075=1}]}
13:19:19.585 [main] INFO  com.kronos.Kronos - Frame Buffer Status Status: 36053 
13:19:19.586 [main] INFO  com.kronos.Kronos - Frame Buffer Status Status: 36053 
13:19:19.586 [main] INFO  com.kronos.Kronos - Frame Buffer Status Status: 36053 
13:19:19.630 [main] DEBUG com.kronos.Kronos - Shaders Loaded:
13:19:19.632 [main] DEBUG com.kronos.Kronos - Shader: texture, status? 
13:19:19.633 [main] DEBUG com.kronos.Kronos - Shader: pp_tex, status? 
13:19:19.663 [main] DEBUG com.kronos.Kronos - Color Color [r=1.0, g=1.0, b=1.0, a=1.0] 
13:19:19.838 [main] DEBUG com.kronos.Kronos - GL Error: 1282
13:19:19.911 [main] DEBUG com.kronos.Kronos - GL Error: 1282
13:19:19.918 [main] DEBUG com.kronos.Kronos - GL Error: 1282
13:19:19.939 [main] DEBUG com.kronos.Kronos - GL Error: 1282
13:19:19.953 [main] DEBUG com.kronos.Kronos - GL Error: 1282
13:19:19.968 [main] DEBUG com.kronos.Kronos - GL Error: 1282
13:19:19.986 [main] DEBUG com.kronos.Kronos - GL Error: 1282
