13:21:28.292 [main] INFO  com.kronos.Kronos - Dubugger created
13:21:28.303 [main] INFO  com.kronos.Kronos - Path Already Exists: /kronos/out Skipping
13:21:28.320 [main] DEBUG com.kronos.Kronos - Loaded Config
13:21:28.320 [main] DEBUG com.kronos.Kronos - Starting OPENGL
13:21:28.368 [main] DEBUG com.kronos.Kronos - GL Version: 3.4.0 Win32 WGL Null EGL OSMesa VisualC DLL 
13:21:28.368 [main] DEBUG com.kronos.Kronos - GL Started
13:21:28.371 [main] INFO  com.kronos.Kronos - Set Current ScreenConfig to {Width=[900], Height=[900], Title=[KronosTesting], ClearColor=[Color [r=1.0, g=1.0, b=1.0, a=1.0]], UpdateTime=[60], Hints=[{131075=1, 131076=0}]}
13:21:28.525 [main] INFO  com.kronos.Kronos - Frame Buffer Status Status: 36053 
13:21:28.526 [main] INFO  com.kronos.Kronos - Frame Buffer Status Status: 36053 
13:21:28.527 [main] INFO  com.kronos.Kronos - Frame Buffer Status Status: 36053 
13:21:28.571 [main] DEBUG com.kronos.Kronos - Shaders Loaded:
13:21:28.573 [main] DEBUG com.kronos.Kronos - Shader: texture, status? 
13:21:28.573 [main] DEBUG com.kronos.Kronos - Shader: pp_tex, status? 
13:21:28.604 [main] DEBUG com.kronos.Kronos - Color Color [r=1.0, g=1.0, b=1.0, a=1.0] 
13:21:28.786 [main] DEBUG com.kronos.Kronos - GL Error: 1282
13:21:28.842 [main] DEBUG com.kronos.Kronos - GL Error: 1282
13:21:28.851 [main] DEBUG com.kronos.Kronos - GL Error: 1282
13:21:28.870 [main] DEBUG com.kronos.Kronos - GL Error: 1282
13:21:28.878 [main] DEBUG com.kronos.Kronos - GL Error: 1282
13:21:28.908 [main] DEBUG com.kronos.Kronos - GL Error: 1282
13:21:28.915 [main] DEBUG com.kronos.Kronos - GL Error: 1282
13:21:28.932 [main] DEBUG com.kronos.Kronos - GL Error: 1282
13:21:28.943 [main] DEBUG com.kronos.Kronos - GL Error: 1282
13:21:28.961 [main] DEBUG com.kronos.Kronos - GL Error: 1282
13:21:28.977 [main] DEBUG com.kronos.Kronos - GL Error: 1282
13:21:28.994 [main] DEBUG com.kronos.Kronos - GL Error: 1282
