13:18:21.354 [main] INFO  com.kronos.Kronos - Dubugger created
13:18:21.365 [main] INFO  com.kronos.Kronos - Path Already Exists: /kronos/out Skipping
13:18:21.382 [main] DEBUG com.kronos.Kronos - Loaded Config
13:18:21.382 [main] DEBUG com.kronos.Kronos - Starting OPENGL
13:18:21.430 [main] DEBUG com.kronos.Kronos - GL Version: 3.4.0 Win32 WGL Null EGL OSMesa VisualC DLL 
13:18:21.431 [main] DEBUG com.kronos.Kronos - GL Started
13:18:21.433 [main] INFO  com.kronos.Kronos - Set Current ScreenConfig to {Width=[900], Height=[900], Title=[KronosTesting], ClearColor=[Color [r=1.0, g=1.0, b=1.0, a=1.0]], UpdateTime=[60], Hints=[{131076=0, 131075=1}]}
13:18:21.578 [main] INFO  com.kronos.Kronos - Frame Buffer Status Status: 36053 
13:18:21.579 [main] INFO  com.kronos.Kronos - Frame Buffer Status Status: 36053 
13:18:21.580 [main] INFO  com.kronos.Kronos - Frame Buffer Status Status: 36053 
13:18:21.624 [main] DEBUG com.kronos.Kronos - Shaders Loaded:
13:18:21.624 [main] DEBUG com.kronos.Kronos - Shader: texture, status? 
13:18:21.624 [main] DEBUG com.kronos.Kronos - Shader: pp_tex, status? 
13:18:21.655 [main] DEBUG com.kronos.Kronos - Color Color [r=1.0, g=1.0, b=1.0, a=1.0] 
13:18:21.834 [main] DEBUG com.kronos.Kronos - GL Error: 1282
13:18:21.894 [main] DEBUG com.kronos.Kronos - GL Error: 1282
13:18:21.902 [main] DEBUG com.kronos.Kronos - GL Error: 1282
13:18:21.922 [main] DEBUG com.kronos.Kronos - GL Error: 1282
13:18:21.931 [main] DEBUG com.kronos.Kronos - GL Error: 1282
13:18:21.960 [main] DEBUG com.kronos.Kronos - GL Error: 1282
13:18:21.966 [main] DEBUG com.kronos.Kronos - GL Error: 1282
13:18:21.984 [main] DEBUG com.kronos.Kronos - GL Error: 1282
13:18:21.993 [main] DEBUG com.kronos.Kronos - GL Error: 1282
