13:09:06.210 [main] INFO  com.kronos.Kronos - Dubugger created
13:09:06.221 [main] INFO  com.kronos.Kronos - Path Already Exists: /kronos/out Skipping
13:09:06.236 [main] DEBUG com.kronos.Kronos - Loaded Config
13:09:06.236 [main] DEBUG com.kronos.Kronos - Starting OPENGL
13:09:06.289 [main] DEBUG com.kronos.Kronos - GL Version: 3.4.0 Win32 WGL Null EGL OSMesa VisualC DLL 
13:09:06.289 [main] DEBUG com.kronos.Kronos - GL Started
13:09:06.292 [main] INFO  com.kronos.Kronos - Set Current ScreenConfig to {Width=[900], Height=[900], Title=[KronosTesting], ClearColor=[Color [r=1.0, g=1.0, b=1.0, a=1.0]], UpdateTime=[60], Hints=[{131076=0, 131075=1}]}
13:09:06.440 [main] INFO  com.kronos.Kronos - Frame Buffer Status Status: 36053 
13:09:06.442 [main] INFO  com.kronos.Kronos - Frame Buffer Status Status: 36053 
13:09:06.442 [main] INFO  com.kronos.Kronos - Frame Buffer Status Status: 36053 
13:09:06.487 [main] DEBUG com.kronos.Kronos - Shaders Loaded:
13:09:06.488 [main] DEBUG com.kronos.Kronos - Shader: texture, status? 
13:09:06.488 [main] DEBUG com.kronos.Kronos - Shader: pp_tex, status? 
13:09:06.537 [main] DEBUG com.kronos.Kronos - Color Color [r=1.0, g=1.0, b=1.0, a=1.0] 
13:09:06.729 [main] DEBUG com.kronos.Kronos - GL Error: 1282
13:09:06.800 [main] DEBUG com.kronos.Kronos - GL Error: 1282
13:09:06.807 [main] DEBUG com.kronos.Kronos - GL Error: 1282
13:09:06.814 [main] DEBUG com.kronos.Kronos - GL Error: 1282
13:09:06.833 [main] DEBUG com.kronos.Kronos - GL Error: 1282
13:09:06.859 [main] DEBUG com.kronos.Kronos - GL Error: 1282
13:09:06.865 [main] DEBUG com.kronos.Kronos - GL Error: 1282
13:09:06.876 [main] DEBUG com.kronos.Kronos - GL Error: 1282
13:09:06.893 [main] DEBUG com.kronos.Kronos - GL Error: 1282
13:09:06.910 [main] DEBUG com.kronos.Kronos - GL Error: 1282
13:09:06.929 [main] DEBUG com.kronos.Kronos - GL Error: 1282
13:09:06.944 [main] DEBUG com.kronos.Kronos - GL Error: 1282
13:09:06.960 [main] DEBUG com.kronos.Kronos - GL Error: 1282
13:09:06.976 [main] DEBUG com.kronos.Kronos - GL Error: 1282
13:09:06.995 [main] DEBUG com.kronos.Kronos - GL Error: 1282
