15:25:40.450 [main] INFO  com.kronos.Kronos - Dubugger created
15:25:40.462 [main] INFO  com.kronos.Kronos - Path Already Exists: /kronos/out Skipping
15:25:40.478 [main] DEBUG com.kronos.Kronos - Loaded Config
15:25:40.478 [main] DEBUG com.kronos.Kronos - Starting OPENGL
15:25:40.530 [main] DEBUG com.kronos.Kronos - GL Version: 3.4.0 Win32 WGL Null EGL OSMesa VisualC DLL 
15:25:40.530 [main] DEBUG com.kronos.Kronos - GL Started
15:25:40.532 [main] INFO  com.kronos.Kronos - Set Current ScreenConfig to {Width=[900], Height=[900], Title=[KronosTesting], ClearColor=[Color [r=1.0, g=1.0, b=1.0, a=1.0]], UpdateTime=[60], Hints=[{131076=0, 131075=1}]}
15:25:40.682 [main] INFO  com.kronos.Kronos - Frame Buffer Status Status: 36053 
15:25:40.683 [main] INFO  com.kronos.Kronos - Frame Buffer Status Status: 36053 
15:25:40.684 [main] INFO  com.kronos.Kronos - Frame Buffer Status Status: 36053 
15:25:40.724 [main] DEBUG com.kronos.Kronos - Shaders Loaded:
15:25:40.725 [main] DEBUG com.kronos.Kronos - Shader: texture, status? 
15:25:40.725 [main] DEBUG com.kronos.Kronos - Shader: pp_tex, status? 
15:25:40.817 [main] DEBUG com.kronos.Kronos - Color Color [r=1.0, g=1.0, b=1.0, a=1.0] 
15:25:40.861 [main] DEBUG com.kronos.Kronos - GL Error: 1282
15:25:40.903 [main] DEBUG com.kronos.Kronos - GL Error: 1282
15:25:40.907 [main] DEBUG com.kronos.Kronos - GL Error: 1282
15:25:40.920 [main] DEBUG com.kronos.Kronos - GL Error: 1282
15:25:40.939 [main] DEBUG com.kronos.Kronos - GL Error: 1282
15:25:40.956 [main] DEBUG com.kronos.Kronos - GL Error: 1282
15:25:40.974 [main] DEBUG com.kronos.Kronos - GL Error: 1282
15:25:40.988 [main] DEBUG com.kronos.Kronos - GL Error: 1282
